[2025-12-10T20:37:18.036+0000] {processor.py:161} INFO - Started process (PID=407) to work on /opt/airflow/dags/acidentes_2025_dag.py
[2025-12-10T20:37:18.037+0000] {processor.py:830} INFO - Processing file /opt/airflow/dags/acidentes_2025_dag.py for tasks to queue
[2025-12-10T20:37:18.040+0000] {logging_mixin.py:188} INFO - [2025-12-10T20:37:18.040+0000] {dagbag.py:545} INFO - Filling up the DagBag from /opt/airflow/dags/acidentes_2025_dag.py
[2025-12-10T20:37:18.912+0000] {processor.py:840} INFO - DAG(s) 'acidentes_2025_dag' retrieved from /opt/airflow/dags/acidentes_2025_dag.py
[2025-12-10T20:37:18.937+0000] {logging_mixin.py:188} INFO - [2025-12-10T20:37:18.937+0000] {dag.py:3096} INFO - Sync 1 DAGs
[2025-12-10T20:37:18.960+0000] {logging_mixin.py:188} INFO - [2025-12-10T20:37:18.960+0000] {dag.py:3954} INFO - Setting next_dagrun for acidentes_2025_dag to 2025-12-10 00:00:00+00:00, run_after=2025-12-11 00:00:00+00:00
[2025-12-10T20:37:18.985+0000] {processor.py:183} INFO - Processing /opt/airflow/dags/acidentes_2025_dag.py took 0.960 seconds
[2025-12-10T20:37:49.676+0000] {processor.py:161} INFO - Started process (PID=413) to work on /opt/airflow/dags/acidentes_2025_dag.py
[2025-12-10T20:37:49.677+0000] {processor.py:830} INFO - Processing file /opt/airflow/dags/acidentes_2025_dag.py for tasks to queue
[2025-12-10T20:37:49.679+0000] {logging_mixin.py:188} INFO - [2025-12-10T20:37:49.679+0000] {dagbag.py:545} INFO - Filling up the DagBag from /opt/airflow/dags/acidentes_2025_dag.py
[2025-12-10T20:37:50.389+0000] {processor.py:840} INFO - DAG(s) 'acidentes_2025_dag' retrieved from /opt/airflow/dags/acidentes_2025_dag.py
[2025-12-10T20:37:50.482+0000] {logging_mixin.py:188} INFO - [2025-12-10T20:37:50.480+0000] {dag.py:3096} INFO - Sync 1 DAGs
[2025-12-10T20:37:50.595+0000] {logging_mixin.py:188} INFO - [2025-12-10T20:37:50.595+0000] {dag.py:3954} INFO - Setting next_dagrun for acidentes_2025_dag to 2025-12-10 00:00:00+00:00, run_after=2025-12-11 00:00:00+00:00
[2025-12-10T20:37:50.627+0000] {processor.py:183} INFO - Processing /opt/airflow/dags/acidentes_2025_dag.py took 0.964 seconds
[2025-12-10T20:40:45.961+0000] {processor.py:161} INFO - Started process (PID=419) to work on /opt/airflow/dags/acidentes_2025_dag.py
[2025-12-10T20:40:45.964+0000] {processor.py:830} INFO - Processing file /opt/airflow/dags/acidentes_2025_dag.py for tasks to queue
[2025-12-10T20:40:45.968+0000] {logging_mixin.py:188} INFO - [2025-12-10T20:40:45.967+0000] {dagbag.py:545} INFO - Filling up the DagBag from /opt/airflow/dags/acidentes_2025_dag.py
[2025-12-10T20:38:19.573+0000] {processor.py:840} INFO - DAG(s) 'acidentes_2025_dag' retrieved from /opt/airflow/dags/acidentes_2025_dag.py
[2025-12-10T20:38:19.616+0000] {logging_mixin.py:188} INFO - [2025-12-10T20:38:19.616+0000] {dag.py:3096} INFO - Sync 1 DAGs
[2025-12-10T20:38:19.644+0000] {logging_mixin.py:188} INFO - [2025-12-10T20:38:19.644+0000] {dag.py:3954} INFO - Setting next_dagrun for acidentes_2025_dag to 2025-12-10 00:00:00+00:00, run_after=2025-12-11 00:00:00+00:00
[2025-12-10T20:38:19.664+0000] {processor.py:183} INFO - Processing /opt/airflow/dags/acidentes_2025_dag.py took 2.626 seconds
[2025-12-10T20:40:58.239+0000] {processor.py:161} INFO - Started process (PID=425) to work on /opt/airflow/dags/acidentes_2025_dag.py
[2025-12-10T20:40:58.241+0000] {processor.py:830} INFO - Processing file /opt/airflow/dags/acidentes_2025_dag.py for tasks to queue
[2025-12-10T20:40:58.250+0000] {logging_mixin.py:188} INFO - [2025-12-10T20:40:58.247+0000] {dagbag.py:545} INFO - Filling up the DagBag from /opt/airflow/dags/acidentes_2025_dag.py
[2025-12-10T20:38:30.675+0000] {processor.py:840} INFO - DAG(s) 'acidentes_2025_dag' retrieved from /opt/airflow/dags/acidentes_2025_dag.py
[2025-12-10T20:38:30.700+0000] {logging_mixin.py:188} INFO - [2025-12-10T20:38:30.700+0000] {dag.py:3096} INFO - Sync 1 DAGs
[2025-12-10T20:38:30.717+0000] {logging_mixin.py:188} INFO - [2025-12-10T20:38:30.717+0000] {dag.py:3954} INFO - Setting next_dagrun for acidentes_2025_dag to 2025-12-10 00:00:00+00:00, run_after=2025-12-11 00:00:00+00:00
[2025-12-10T20:38:30.736+0000] {processor.py:183} INFO - Processing /opt/airflow/dags/acidentes_2025_dag.py took 1.452 seconds
[2025-12-10T20:38:34.479+0000] {processor.py:161} INFO - Started process (PID=431) to work on /opt/airflow/dags/acidentes_2025_dag.py
[2025-12-10T20:38:34.480+0000] {processor.py:830} INFO - Processing file /opt/airflow/dags/acidentes_2025_dag.py for tasks to queue
[2025-12-10T20:38:34.482+0000] {logging_mixin.py:188} INFO - [2025-12-10T20:38:34.482+0000] {dagbag.py:545} INFO - Filling up the DagBag from /opt/airflow/dags/acidentes_2025_dag.py
[2025-12-10T20:38:35.163+0000] {processor.py:840} INFO - DAG(s) 'acidentes_2025_dag' retrieved from /opt/airflow/dags/acidentes_2025_dag.py
[2025-12-10T20:38:35.182+0000] {logging_mixin.py:188} INFO - [2025-12-10T20:38:35.182+0000] {dag.py:3096} INFO - Sync 1 DAGs
[2025-12-10T20:38:35.199+0000] {logging_mixin.py:188} INFO - [2025-12-10T20:38:35.199+0000] {dag.py:3954} INFO - Setting next_dagrun for acidentes_2025_dag to 2025-12-10 00:00:00+00:00, run_after=2025-12-11 00:00:00+00:00
[2025-12-10T20:38:35.217+0000] {processor.py:183} INFO - Processing /opt/airflow/dags/acidentes_2025_dag.py took 0.844 seconds
[2025-12-10T20:41:08.250+0000] {processor.py:161} INFO - Started process (PID=437) to work on /opt/airflow/dags/acidentes_2025_dag.py
[2025-12-10T20:41:08.251+0000] {processor.py:830} INFO - Processing file /opt/airflow/dags/acidentes_2025_dag.py for tasks to queue
[2025-12-10T20:41:08.253+0000] {logging_mixin.py:188} INFO - [2025-12-10T20:41:08.253+0000] {dagbag.py:545} INFO - Filling up the DagBag from /opt/airflow/dags/acidentes_2025_dag.py
[2025-12-10T20:38:39.921+0000] {processor.py:840} INFO - DAG(s) 'acidentes_2025_dag' retrieved from /opt/airflow/dags/acidentes_2025_dag.py
[2025-12-10T20:38:39.948+0000] {logging_mixin.py:188} INFO - [2025-12-10T20:38:39.948+0000] {dag.py:3096} INFO - Sync 1 DAGs
[2025-12-10T20:38:39.973+0000] {logging_mixin.py:188} INFO - [2025-12-10T20:38:39.973+0000] {dag.py:3954} INFO - Setting next_dagrun for acidentes_2025_dag to 2025-12-10 00:00:00+00:00, run_after=2025-12-11 00:00:00+00:00
[2025-12-10T20:38:40.001+0000] {processor.py:183} INFO - Processing /opt/airflow/dags/acidentes_2025_dag.py took 0.663 seconds
[2025-12-10T20:41:16.030+0000] {processor.py:161} INFO - Started process (PID=443) to work on /opt/airflow/dags/acidentes_2025_dag.py
[2025-12-10T20:41:16.031+0000] {processor.py:830} INFO - Processing file /opt/airflow/dags/acidentes_2025_dag.py for tasks to queue
[2025-12-10T20:41:16.033+0000] {logging_mixin.py:188} INFO - [2025-12-10T20:41:16.032+0000] {dagbag.py:545} INFO - Filling up the DagBag from /opt/airflow/dags/acidentes_2025_dag.py
[2025-12-10T20:38:47.890+0000] {processor.py:840} INFO - DAG(s) 'acidentes_2025_dag' retrieved from /opt/airflow/dags/acidentes_2025_dag.py
[2025-12-10T20:38:47.911+0000] {logging_mixin.py:188} INFO - [2025-12-10T20:38:47.911+0000] {dag.py:3096} INFO - Sync 1 DAGs
[2025-12-10T20:38:47.931+0000] {logging_mixin.py:188} INFO - [2025-12-10T20:38:47.931+0000] {dag.py:3954} INFO - Setting next_dagrun for acidentes_2025_dag to 2025-12-10 00:00:00+00:00, run_after=2025-12-11 00:00:00+00:00
[2025-12-10T20:38:47.950+0000] {processor.py:183} INFO - Processing /opt/airflow/dags/acidentes_2025_dag.py took 0.833 seconds
[2025-12-10T20:39:18.229+0000] {processor.py:161} INFO - Started process (PID=449) to work on /opt/airflow/dags/acidentes_2025_dag.py
[2025-12-10T20:39:18.230+0000] {processor.py:830} INFO - Processing file /opt/airflow/dags/acidentes_2025_dag.py for tasks to queue
[2025-12-10T20:39:18.232+0000] {logging_mixin.py:188} INFO - [2025-12-10T20:39:18.232+0000] {dagbag.py:545} INFO - Filling up the DagBag from /opt/airflow/dags/acidentes_2025_dag.py
[2025-12-10T20:39:18.999+0000] {processor.py:840} INFO - DAG(s) 'acidentes_2025_dag' retrieved from /opt/airflow/dags/acidentes_2025_dag.py
[2025-12-10T20:39:19.052+0000] {logging_mixin.py:188} INFO - [2025-12-10T20:39:19.051+0000] {dag.py:3096} INFO - Sync 1 DAGs
[2025-12-10T20:39:19.081+0000] {logging_mixin.py:188} INFO - [2025-12-10T20:39:19.080+0000] {dag.py:3954} INFO - Setting next_dagrun for acidentes_2025_dag to 2025-12-10 00:00:00+00:00, run_after=2025-12-11 00:00:00+00:00
[2025-12-10T20:39:19.106+0000] {processor.py:183} INFO - Processing /opt/airflow/dags/acidentes_2025_dag.py took 0.895 seconds
[2025-12-10T20:42:08.324+0000] {processor.py:161} INFO - Started process (PID=455) to work on /opt/airflow/dags/acidentes_2025_dag.py
[2025-12-10T20:42:08.325+0000] {processor.py:830} INFO - Processing file /opt/airflow/dags/acidentes_2025_dag.py for tasks to queue
[2025-12-10T20:42:08.328+0000] {logging_mixin.py:188} INFO - [2025-12-10T20:42:08.327+0000] {dagbag.py:545} INFO - Filling up the DagBag from /opt/airflow/dags/acidentes_2025_dag.py
[2025-12-10T20:39:40.403+0000] {processor.py:840} INFO - DAG(s) 'acidentes_2025_dag' retrieved from /opt/airflow/dags/acidentes_2025_dag.py
[2025-12-10T20:39:40.426+0000] {logging_mixin.py:188} INFO - [2025-12-10T20:39:40.425+0000] {dag.py:3096} INFO - Sync 1 DAGs
[2025-12-10T20:39:40.451+0000] {logging_mixin.py:188} INFO - [2025-12-10T20:39:40.451+0000] {dag.py:3954} INFO - Setting next_dagrun for acidentes_2025_dag to 2025-12-10 00:00:00+00:00, run_after=2025-12-11 00:00:00+00:00
[2025-12-10T20:39:40.467+0000] {processor.py:183} INFO - Processing /opt/airflow/dags/acidentes_2025_dag.py took 1.061 seconds
[2025-12-10T20:42:13.380+0000] {processor.py:161} INFO - Started process (PID=461) to work on /opt/airflow/dags/acidentes_2025_dag.py
[2025-12-10T20:42:13.382+0000] {processor.py:830} INFO - Processing file /opt/airflow/dags/acidentes_2025_dag.py for tasks to queue
[2025-12-10T20:42:13.383+0000] {logging_mixin.py:188} INFO - [2025-12-10T20:42:13.383+0000] {dagbag.py:545} INFO - Filling up the DagBag from /opt/airflow/dags/acidentes_2025_dag.py
[2025-12-10T20:39:45.318+0000] {processor.py:840} INFO - DAG(s) 'acidentes_2025_dag' retrieved from /opt/airflow/dags/acidentes_2025_dag.py
[2025-12-10T20:39:45.381+0000] {logging_mixin.py:188} INFO - [2025-12-10T20:39:45.380+0000] {dag.py:3096} INFO - Sync 1 DAGs
[2025-12-10T20:39:45.424+0000] {logging_mixin.py:188} INFO - [2025-12-10T20:39:45.423+0000] {dag.py:3954} INFO - Setting next_dagrun for acidentes_2025_dag to 2025-12-10 00:00:00+00:00, run_after=2025-12-11 00:00:00+00:00
[2025-12-10T20:39:45.459+0000] {processor.py:183} INFO - Processing /opt/airflow/dags/acidentes_2025_dag.py took 0.992 seconds
[2025-12-10T20:42:18.433+0000] {processor.py:161} INFO - Started process (PID=467) to work on /opt/airflow/dags/acidentes_2025_dag.py
[2025-12-10T20:42:18.435+0000] {processor.py:830} INFO - Processing file /opt/airflow/dags/acidentes_2025_dag.py for tasks to queue
[2025-12-10T20:42:18.439+0000] {logging_mixin.py:188} INFO - [2025-12-10T20:42:18.438+0000] {dagbag.py:545} INFO - Filling up the DagBag from /opt/airflow/dags/acidentes_2025_dag.py
[2025-12-10T20:39:50.521+0000] {processor.py:840} INFO - DAG(s) 'acidentes_2025_dag' retrieved from /opt/airflow/dags/acidentes_2025_dag.py
[2025-12-10T20:39:50.568+0000] {logging_mixin.py:188} INFO - [2025-12-10T20:39:50.567+0000] {dag.py:3096} INFO - Sync 1 DAGs
[2025-12-10T20:39:50.617+0000] {logging_mixin.py:188} INFO - [2025-12-10T20:39:50.617+0000] {dag.py:3954} INFO - Setting next_dagrun for acidentes_2025_dag to 2025-12-10 00:00:00+00:00, run_after=2025-12-11 00:00:00+00:00
[2025-12-10T20:39:50.661+0000] {processor.py:183} INFO - Processing /opt/airflow/dags/acidentes_2025_dag.py took 1.143 seconds
[2025-12-10T20:42:38.629+0000] {processor.py:161} INFO - Started process (PID=473) to work on /opt/airflow/dags/acidentes_2025_dag.py
[2025-12-10T20:42:38.631+0000] {processor.py:830} INFO - Processing file /opt/airflow/dags/acidentes_2025_dag.py for tasks to queue
[2025-12-10T20:42:38.634+0000] {logging_mixin.py:188} INFO - [2025-12-10T20:42:38.634+0000] {dagbag.py:545} INFO - Filling up the DagBag from /opt/airflow/dags/acidentes_2025_dag.py
[2025-12-10T20:40:10.856+0000] {processor.py:840} INFO - DAG(s) 'acidentes_2025_dag' retrieved from /opt/airflow/dags/acidentes_2025_dag.py
[2025-12-10T20:40:10.951+0000] {logging_mixin.py:188} INFO - [2025-12-10T20:40:10.950+0000] {dag.py:3096} INFO - Sync 1 DAGs
[2025-12-10T20:40:11.016+0000] {logging_mixin.py:188} INFO - [2025-12-10T20:40:11.015+0000] {dag.py:3954} INFO - Setting next_dagrun for acidentes_2025_dag to 2025-12-10 00:00:00+00:00, run_after=2025-12-11 00:00:00+00:00
[2025-12-10T20:40:11.090+0000] {processor.py:183} INFO - Processing /opt/airflow/dags/acidentes_2025_dag.py took 1.346 seconds
[2025-12-10T20:40:17.207+0000] {processor.py:161} INFO - Started process (PID=479) to work on /opt/airflow/dags/acidentes_2025_dag.py
[2025-12-10T20:40:17.209+0000] {processor.py:830} INFO - Processing file /opt/airflow/dags/acidentes_2025_dag.py for tasks to queue
[2025-12-10T20:40:17.211+0000] {logging_mixin.py:188} INFO - [2025-12-10T20:40:17.210+0000] {dagbag.py:545} INFO - Filling up the DagBag from /opt/airflow/dags/acidentes_2025_dag.py
[2025-12-10T20:40:18.083+0000] {processor.py:840} INFO - DAG(s) 'acidentes_2025_dag' retrieved from /opt/airflow/dags/acidentes_2025_dag.py
[2025-12-10T20:40:18.116+0000] {logging_mixin.py:188} INFO - [2025-12-10T20:40:18.115+0000] {dag.py:3096} INFO - Sync 1 DAGs
[2025-12-10T20:40:18.141+0000] {logging_mixin.py:188} INFO - [2025-12-10T20:40:18.140+0000] {dag.py:3954} INFO - Setting next_dagrun for acidentes_2025_dag to 2025-12-10 00:00:00+00:00, run_after=2025-12-11 00:00:00+00:00
[2025-12-10T20:40:18.161+0000] {processor.py:183} INFO - Processing /opt/airflow/dags/acidentes_2025_dag.py took 0.970 seconds
[2025-12-10T20:42:59.219+0000] {processor.py:161} INFO - Started process (PID=485) to work on /opt/airflow/dags/acidentes_2025_dag.py
[2025-12-10T20:42:59.222+0000] {processor.py:830} INFO - Processing file /opt/airflow/dags/acidentes_2025_dag.py for tasks to queue
[2025-12-10T20:42:59.225+0000] {logging_mixin.py:188} INFO - [2025-12-10T20:42:59.224+0000] {dagbag.py:545} INFO - Filling up the DagBag from /opt/airflow/dags/acidentes_2025_dag.py
[2025-12-10T20:43:00.350+0000] {processor.py:840} INFO - DAG(s) 'acidentes_2025_dag' retrieved from /opt/airflow/dags/acidentes_2025_dag.py
[2025-12-10T20:43:00.435+0000] {logging_mixin.py:188} INFO - [2025-12-10T20:43:00.434+0000] {dag.py:3096} INFO - Sync 1 DAGs
[2025-12-10T20:43:00.497+0000] {logging_mixin.py:188} INFO - [2025-12-10T20:43:00.496+0000] {dag.py:3954} INFO - Setting next_dagrun for acidentes_2025_dag to 2025-12-10 00:00:00+00:00, run_after=2025-12-11 00:00:00+00:00
[2025-12-10T20:43:00.530+0000] {processor.py:183} INFO - Processing /opt/airflow/dags/acidentes_2025_dag.py took 1.328 seconds
[2025-12-10T20:43:45.955+0000] {processor.py:161} INFO - Started process (PID=491) to work on /opt/airflow/dags/acidentes_2025_dag.py
[2025-12-10T20:43:45.957+0000] {processor.py:830} INFO - Processing file /opt/airflow/dags/acidentes_2025_dag.py for tasks to queue
[2025-12-10T20:43:45.959+0000] {logging_mixin.py:188} INFO - [2025-12-10T20:43:45.958+0000] {dagbag.py:545} INFO - Filling up the DagBag from /opt/airflow/dags/acidentes_2025_dag.py
[2025-12-10T20:41:17.747+0000] {processor.py:840} INFO - DAG(s) 'acidentes_2025_dag' retrieved from /opt/airflow/dags/acidentes_2025_dag.py
[2025-12-10T20:41:17.771+0000] {logging_mixin.py:188} INFO - [2025-12-10T20:41:17.770+0000] {dag.py:3096} INFO - Sync 1 DAGs
[2025-12-10T20:41:17.795+0000] {logging_mixin.py:188} INFO - [2025-12-10T20:41:17.795+0000] {dag.py:3954} INFO - Setting next_dagrun for acidentes_2025_dag to 2025-12-10 00:00:00+00:00, run_after=2025-12-11 00:00:00+00:00
[2025-12-10T20:41:17.820+0000] {processor.py:183} INFO - Processing /opt/airflow/dags/acidentes_2025_dag.py took 0.781 seconds
[2025-12-10T20:41:30.072+0000] {processor.py:161} INFO - Started process (PID=497) to work on /opt/airflow/dags/acidentes_2025_dag.py
[2025-12-10T20:41:30.074+0000] {processor.py:830} INFO - Processing file /opt/airflow/dags/acidentes_2025_dag.py for tasks to queue
[2025-12-10T20:41:30.076+0000] {logging_mixin.py:188} INFO - [2025-12-10T20:41:30.076+0000] {dagbag.py:545} INFO - Filling up the DagBag from /opt/airflow/dags/acidentes_2025_dag.py
[2025-12-10T20:41:30.962+0000] {processor.py:840} INFO - DAG(s) 'acidentes_2025_dag' retrieved from /opt/airflow/dags/acidentes_2025_dag.py
[2025-12-10T20:41:30.993+0000] {logging_mixin.py:188} INFO - [2025-12-10T20:41:30.993+0000] {dag.py:3096} INFO - Sync 1 DAGs
[2025-12-10T20:41:31.023+0000] {logging_mixin.py:188} INFO - [2025-12-10T20:41:31.022+0000] {dag.py:3954} INFO - Setting next_dagrun for acidentes_2025_dag to 2025-12-10 00:00:00+00:00, run_after=2025-12-11 00:00:00+00:00
[2025-12-10T20:41:31.048+0000] {processor.py:183} INFO - Processing /opt/airflow/dags/acidentes_2025_dag.py took 0.998 seconds
[2025-12-10T20:42:01.395+0000] {processor.py:161} INFO - Started process (PID=503) to work on /opt/airflow/dags/acidentes_2025_dag.py
[2025-12-10T20:42:01.397+0000] {processor.py:830} INFO - Processing file /opt/airflow/dags/acidentes_2025_dag.py for tasks to queue
[2025-12-10T20:42:01.399+0000] {logging_mixin.py:188} INFO - [2025-12-10T20:42:01.399+0000] {dagbag.py:545} INFO - Filling up the DagBag from /opt/airflow/dags/acidentes_2025_dag.py
[2025-12-10T20:42:02.761+0000] {processor.py:840} INFO - DAG(s) 'acidentes_2025_dag' retrieved from /opt/airflow/dags/acidentes_2025_dag.py
[2025-12-10T20:42:02.789+0000] {logging_mixin.py:188} INFO - [2025-12-10T20:42:02.788+0000] {dag.py:3096} INFO - Sync 1 DAGs
[2025-12-10T20:42:02.824+0000] {logging_mixin.py:188} INFO - [2025-12-10T20:42:02.824+0000] {dag.py:3954} INFO - Setting next_dagrun for acidentes_2025_dag to 2025-12-10 00:00:00+00:00, run_after=2025-12-11 00:00:00+00:00
[2025-12-10T20:42:02.849+0000] {processor.py:183} INFO - Processing /opt/airflow/dags/acidentes_2025_dag.py took 1.465 seconds
[2025-12-10T20:44:33.913+0000] {processor.py:161} INFO - Started process (PID=509) to work on /opt/airflow/dags/acidentes_2025_dag.py
[2025-12-10T20:44:33.915+0000] {processor.py:830} INFO - Processing file /opt/airflow/dags/acidentes_2025_dag.py for tasks to queue
[2025-12-10T20:44:33.919+0000] {logging_mixin.py:188} INFO - [2025-12-10T20:44:33.918+0000] {dagbag.py:545} INFO - Filling up the DagBag from /opt/airflow/dags/acidentes_2025_dag.py
[2025-12-10T20:42:05.904+0000] {processor.py:840} INFO - DAG(s) 'acidentes_2025_dag' retrieved from /opt/airflow/dags/acidentes_2025_dag.py
[2025-12-10T20:42:05.981+0000] {logging_mixin.py:188} INFO - [2025-12-10T20:42:05.980+0000] {dag.py:3096} INFO - Sync 1 DAGs
[2025-12-10T20:42:06.031+0000] {logging_mixin.py:188} INFO - [2025-12-10T20:42:06.030+0000] {dag.py:3954} INFO - Setting next_dagrun for acidentes_2025_dag to 2025-12-10 00:00:00+00:00, run_after=2025-12-11 00:00:00+00:00
[2025-12-10T20:42:06.066+0000] {processor.py:183} INFO - Processing /opt/airflow/dags/acidentes_2025_dag.py took 1.035 seconds
[2025-12-10T20:44:46.050+0000] {processor.py:161} INFO - Started process (PID=515) to work on /opt/airflow/dags/acidentes_2025_dag.py
[2025-12-10T20:44:46.052+0000] {processor.py:830} INFO - Processing file /opt/airflow/dags/acidentes_2025_dag.py for tasks to queue
[2025-12-10T20:44:46.054+0000] {logging_mixin.py:188} INFO - [2025-12-10T20:44:46.053+0000] {dagbag.py:545} INFO - Filling up the DagBag from /opt/airflow/dags/acidentes_2025_dag.py
[2025-12-10T20:42:18.094+0000] {processor.py:840} INFO - DAG(s) 'acidentes_2025_dag' retrieved from /opt/airflow/dags/acidentes_2025_dag.py
[2025-12-10T20:42:18.159+0000] {logging_mixin.py:188} INFO - [2025-12-10T20:42:18.158+0000] {dag.py:3096} INFO - Sync 1 DAGs
[2025-12-10T20:42:18.201+0000] {logging_mixin.py:188} INFO - [2025-12-10T20:42:18.201+0000] {dag.py:3954} INFO - Setting next_dagrun for acidentes_2025_dag to 2025-12-10 00:00:00+00:00, run_after=2025-12-11 00:00:00+00:00
[2025-12-10T20:42:18.225+0000] {processor.py:183} INFO - Processing /opt/airflow/dags/acidentes_2025_dag.py took 1.090 seconds
[2025-12-10T20:42:48.461+0000] {processor.py:161} INFO - Started process (PID=521) to work on /opt/airflow/dags/acidentes_2025_dag.py
[2025-12-10T20:42:48.462+0000] {processor.py:830} INFO - Processing file /opt/airflow/dags/acidentes_2025_dag.py for tasks to queue
[2025-12-10T20:42:48.464+0000] {logging_mixin.py:188} INFO - [2025-12-10T20:42:48.464+0000] {dagbag.py:545} INFO - Filling up the DagBag from /opt/airflow/dags/acidentes_2025_dag.py
[2025-12-10T20:42:49.236+0000] {processor.py:840} INFO - DAG(s) 'acidentes_2025_dag' retrieved from /opt/airflow/dags/acidentes_2025_dag.py
[2025-12-10T20:42:49.378+0000] {logging_mixin.py:188} INFO - [2025-12-10T20:42:49.378+0000] {dag.py:3096} INFO - Sync 1 DAGs
[2025-12-10T20:42:49.467+0000] {logging_mixin.py:188} INFO - [2025-12-10T20:42:49.467+0000] {dag.py:3954} INFO - Setting next_dagrun for acidentes_2025_dag to 2025-12-10 00:00:00+00:00, run_after=2025-12-11 00:00:00+00:00
[2025-12-10T20:42:49.494+0000] {processor.py:183} INFO - Processing /opt/airflow/dags/acidentes_2025_dag.py took 1.043 seconds
[2025-12-10T20:45:38.835+0000] {processor.py:161} INFO - Started process (PID=527) to work on /opt/airflow/dags/acidentes_2025_dag.py
[2025-12-10T20:45:38.837+0000] {processor.py:830} INFO - Processing file /opt/airflow/dags/acidentes_2025_dag.py for tasks to queue
[2025-12-10T20:45:38.839+0000] {logging_mixin.py:188} INFO - [2025-12-10T20:45:38.838+0000] {dagbag.py:545} INFO - Filling up the DagBag from /opt/airflow/dags/acidentes_2025_dag.py
[2025-12-10T20:43:10.552+0000] {processor.py:840} INFO - DAG(s) 'acidentes_2025_dag' retrieved from /opt/airflow/dags/acidentes_2025_dag.py
[2025-12-10T20:43:10.579+0000] {logging_mixin.py:188} INFO - [2025-12-10T20:43:10.578+0000] {dag.py:3096} INFO - Sync 1 DAGs
[2025-12-10T20:43:10.601+0000] {logging_mixin.py:188} INFO - [2025-12-10T20:43:10.601+0000] {dag.py:3954} INFO - Setting next_dagrun for acidentes_2025_dag to 2025-12-10 00:00:00+00:00, run_after=2025-12-11 00:00:00+00:00
[2025-12-10T20:43:10.625+0000] {processor.py:183} INFO - Processing /opt/airflow/dags/acidentes_2025_dag.py took 0.704 seconds
[2025-12-10T20:43:15.001+0000] {processor.py:161} INFO - Started process (PID=533) to work on /opt/airflow/dags/acidentes_2025_dag.py
[2025-12-10T20:43:15.002+0000] {processor.py:830} INFO - Processing file /opt/airflow/dags/acidentes_2025_dag.py for tasks to queue
[2025-12-10T20:43:15.011+0000] {logging_mixin.py:188} INFO - [2025-12-10T20:43:15.010+0000] {dagbag.py:545} INFO - Filling up the DagBag from /opt/airflow/dags/acidentes_2025_dag.py
[2025-12-10T20:43:15.619+0000] {processor.py:840} INFO - DAG(s) 'acidentes_2025_dag' retrieved from /opt/airflow/dags/acidentes_2025_dag.py
[2025-12-10T20:43:15.646+0000] {logging_mixin.py:188} INFO - [2025-12-10T20:43:15.646+0000] {dag.py:3096} INFO - Sync 1 DAGs
[2025-12-10T20:43:15.662+0000] {logging_mixin.py:188} INFO - [2025-12-10T20:43:15.661+0000] {dag.py:3954} INFO - Setting next_dagrun for acidentes_2025_dag to 2025-12-10 00:00:00+00:00, run_after=2025-12-11 00:00:00+00:00
[2025-12-10T20:43:15.685+0000] {processor.py:183} INFO - Processing /opt/airflow/dags/acidentes_2025_dag.py took 0.699 seconds
[2025-12-10T20:45:58.810+0000] {processor.py:161} INFO - Started process (PID=539) to work on /opt/airflow/dags/acidentes_2025_dag.py
[2025-12-10T20:45:58.812+0000] {processor.py:830} INFO - Processing file /opt/airflow/dags/acidentes_2025_dag.py for tasks to queue
[2025-12-10T20:45:58.816+0000] {logging_mixin.py:188} INFO - [2025-12-10T20:45:58.815+0000] {dagbag.py:545} INFO - Filling up the DagBag from /opt/airflow/dags/acidentes_2025_dag.py
[2025-12-10T20:43:30.535+0000] {processor.py:840} INFO - DAG(s) 'acidentes_2025_dag' retrieved from /opt/airflow/dags/acidentes_2025_dag.py
[2025-12-10T20:43:30.554+0000] {logging_mixin.py:188} INFO - [2025-12-10T20:43:30.553+0000] {dag.py:3096} INFO - Sync 1 DAGs
[2025-12-10T20:43:30.570+0000] {logging_mixin.py:188} INFO - [2025-12-10T20:43:30.570+0000] {dag.py:3954} INFO - Setting next_dagrun for acidentes_2025_dag to 2025-12-10 00:00:00+00:00, run_after=2025-12-11 00:00:00+00:00
[2025-12-10T20:43:30.592+0000] {processor.py:183} INFO - Processing /opt/airflow/dags/acidentes_2025_dag.py took 0.714 seconds
[2025-12-10T20:46:03.864+0000] {processor.py:161} INFO - Started process (PID=545) to work on /opt/airflow/dags/acidentes_2025_dag.py
[2025-12-10T20:46:03.866+0000] {processor.py:830} INFO - Processing file /opt/airflow/dags/acidentes_2025_dag.py for tasks to queue
[2025-12-10T20:46:03.870+0000] {logging_mixin.py:188} INFO - [2025-12-10T20:46:03.870+0000] {dagbag.py:545} INFO - Filling up the DagBag from /opt/airflow/dags/acidentes_2025_dag.py
[2025-12-10T20:43:35.632+0000] {processor.py:840} INFO - DAG(s) 'acidentes_2025_dag' retrieved from /opt/airflow/dags/acidentes_2025_dag.py
[2025-12-10T20:43:35.658+0000] {logging_mixin.py:188} INFO - [2025-12-10T20:43:35.657+0000] {dag.py:3096} INFO - Sync 1 DAGs
[2025-12-10T20:43:35.678+0000] {logging_mixin.py:188} INFO - [2025-12-10T20:43:35.677+0000] {dag.py:3954} INFO - Setting next_dagrun for acidentes_2025_dag to 2025-12-10 00:00:00+00:00, run_after=2025-12-11 00:00:00+00:00
[2025-12-10T20:43:35.693+0000] {processor.py:183} INFO - Processing /opt/airflow/dags/acidentes_2025_dag.py took 0.741 seconds
[2025-12-10T20:46:28.854+0000] {processor.py:161} INFO - Started process (PID=551) to work on /opt/airflow/dags/acidentes_2025_dag.py
[2025-12-10T20:46:28.856+0000] {processor.py:830} INFO - Processing file /opt/airflow/dags/acidentes_2025_dag.py for tasks to queue
[2025-12-10T20:46:28.860+0000] {logging_mixin.py:188} INFO - [2025-12-10T20:46:28.859+0000] {dagbag.py:545} INFO - Filling up the DagBag from /opt/airflow/dags/acidentes_2025_dag.py
[2025-12-10T20:44:00.666+0000] {processor.py:840} INFO - DAG(s) 'acidentes_2025_dag' retrieved from /opt/airflow/dags/acidentes_2025_dag.py
[2025-12-10T20:44:00.691+0000] {logging_mixin.py:188} INFO - [2025-12-10T20:44:00.690+0000] {dag.py:3096} INFO - Sync 1 DAGs
[2025-12-10T20:44:00.715+0000] {logging_mixin.py:188} INFO - [2025-12-10T20:44:00.715+0000] {dag.py:3954} INFO - Setting next_dagrun for acidentes_2025_dag to 2025-12-10 00:00:00+00:00, run_after=2025-12-11 00:00:00+00:00
[2025-12-10T20:44:00.750+0000] {processor.py:183} INFO - Processing /opt/airflow/dags/acidentes_2025_dag.py took 0.841 seconds
[2025-12-10T20:44:05.076+0000] {processor.py:161} INFO - Started process (PID=557) to work on /opt/airflow/dags/acidentes_2025_dag.py
[2025-12-10T20:44:05.078+0000] {processor.py:830} INFO - Processing file /opt/airflow/dags/acidentes_2025_dag.py for tasks to queue
[2025-12-10T20:44:05.082+0000] {logging_mixin.py:188} INFO - [2025-12-10T20:44:05.081+0000] {dagbag.py:545} INFO - Filling up the DagBag from /opt/airflow/dags/acidentes_2025_dag.py
[2025-12-10T20:44:05.721+0000] {processor.py:840} INFO - DAG(s) 'acidentes_2025_dag' retrieved from /opt/airflow/dags/acidentes_2025_dag.py
[2025-12-10T20:44:05.749+0000] {logging_mixin.py:188} INFO - [2025-12-10T20:44:05.748+0000] {dag.py:3096} INFO - Sync 1 DAGs
[2025-12-10T20:44:05.768+0000] {logging_mixin.py:188} INFO - [2025-12-10T20:44:05.767+0000] {dag.py:3954} INFO - Setting next_dagrun for acidentes_2025_dag to 2025-12-10 00:00:00+00:00, run_after=2025-12-11 00:00:00+00:00
[2025-12-10T20:44:05.788+0000] {processor.py:183} INFO - Processing /opt/airflow/dags/acidentes_2025_dag.py took 0.733 seconds
[2025-12-10T20:46:43.859+0000] {processor.py:161} INFO - Started process (PID=563) to work on /opt/airflow/dags/acidentes_2025_dag.py
[2025-12-10T20:46:43.861+0000] {processor.py:830} INFO - Processing file /opt/airflow/dags/acidentes_2025_dag.py for tasks to queue
[2025-12-10T20:46:43.869+0000] {logging_mixin.py:188} INFO - [2025-12-10T20:46:43.863+0000] {dagbag.py:545} INFO - Filling up the DagBag from /opt/airflow/dags/acidentes_2025_dag.py
[2025-12-10T20:44:15.699+0000] {processor.py:840} INFO - DAG(s) 'acidentes_2025_dag' retrieved from /opt/airflow/dags/acidentes_2025_dag.py
[2025-12-10T20:44:15.729+0000] {logging_mixin.py:188} INFO - [2025-12-10T20:44:15.728+0000] {dag.py:3096} INFO - Sync 1 DAGs
[2025-12-10T20:44:15.755+0000] {logging_mixin.py:188} INFO - [2025-12-10T20:44:15.754+0000] {dag.py:3954} INFO - Setting next_dagrun for acidentes_2025_dag to 2025-12-10 00:00:00+00:00, run_after=2025-12-11 00:00:00+00:00
[2025-12-10T20:44:15.795+0000] {processor.py:183} INFO - Processing /opt/airflow/dags/acidentes_2025_dag.py took 0.849 seconds
[2025-12-10T20:44:17.207+0000] {processor.py:161} INFO - Started process (PID=569) to work on /opt/airflow/dags/acidentes_2025_dag.py
[2025-12-10T20:44:17.208+0000] {processor.py:830} INFO - Processing file /opt/airflow/dags/acidentes_2025_dag.py for tasks to queue
[2025-12-10T20:44:17.212+0000] {logging_mixin.py:188} INFO - [2025-12-10T20:44:17.211+0000] {dagbag.py:545} INFO - Filling up the DagBag from /opt/airflow/dags/acidentes_2025_dag.py
[2025-12-10T20:44:17.835+0000] {processor.py:840} INFO - DAG(s) 'acidentes_2025_dag' retrieved from /opt/airflow/dags/acidentes_2025_dag.py
[2025-12-10T20:44:17.861+0000] {logging_mixin.py:188} INFO - [2025-12-10T20:44:17.861+0000] {dag.py:3096} INFO - Sync 1 DAGs
[2025-12-10T20:44:17.881+0000] {logging_mixin.py:188} INFO - [2025-12-10T20:44:17.880+0000] {dag.py:3954} INFO - Setting next_dagrun for acidentes_2025_dag to 2025-12-10 00:00:00+00:00, run_after=2025-12-11 00:00:00+00:00
[2025-12-10T20:44:17.900+0000] {processor.py:183} INFO - Processing /opt/airflow/dags/acidentes_2025_dag.py took 0.704 seconds
[2025-12-10T20:46:48.904+0000] {processor.py:161} INFO - Started process (PID=575) to work on /opt/airflow/dags/acidentes_2025_dag.py
[2025-12-10T20:46:48.905+0000] {processor.py:830} INFO - Processing file /opt/airflow/dags/acidentes_2025_dag.py for tasks to queue
[2025-12-10T20:46:48.907+0000] {logging_mixin.py:188} INFO - [2025-12-10T20:46:48.907+0000] {dagbag.py:545} INFO - Filling up the DagBag from /opt/airflow/dags/acidentes_2025_dag.py
[2025-12-10T20:44:20.575+0000] {processor.py:840} INFO - DAG(s) 'acidentes_2025_dag' retrieved from /opt/airflow/dags/acidentes_2025_dag.py
[2025-12-10T20:44:20.596+0000] {logging_mixin.py:188} INFO - [2025-12-10T20:44:20.596+0000] {dag.py:3096} INFO - Sync 1 DAGs
[2025-12-10T20:44:20.612+0000] {logging_mixin.py:188} INFO - [2025-12-10T20:44:20.612+0000] {dag.py:3954} INFO - Setting next_dagrun for acidentes_2025_dag to 2025-12-10 00:00:00+00:00, run_after=2025-12-11 00:00:00+00:00
[2025-12-10T20:44:20.627+0000] {processor.py:183} INFO - Processing /opt/airflow/dags/acidentes_2025_dag.py took 0.635 seconds
[2025-12-10T20:44:25.100+0000] {processor.py:161} INFO - Started process (PID=581) to work on /opt/airflow/dags/acidentes_2025_dag.py
[2025-12-10T20:44:25.101+0000] {processor.py:830} INFO - Processing file /opt/airflow/dags/acidentes_2025_dag.py for tasks to queue
[2025-12-10T20:44:25.104+0000] {logging_mixin.py:188} INFO - [2025-12-10T20:44:25.104+0000] {dagbag.py:545} INFO - Filling up the DagBag from /opt/airflow/dags/acidentes_2025_dag.py
[2025-12-10T20:44:25.716+0000] {processor.py:840} INFO - DAG(s) 'acidentes_2025_dag' retrieved from /opt/airflow/dags/acidentes_2025_dag.py
[2025-12-10T20:44:25.734+0000] {logging_mixin.py:188} INFO - [2025-12-10T20:44:25.734+0000] {dag.py:3096} INFO - Sync 1 DAGs
[2025-12-10T20:44:25.766+0000] {logging_mixin.py:188} INFO - [2025-12-10T20:44:25.766+0000] {dag.py:3954} INFO - Setting next_dagrun for acidentes_2025_dag to 2025-12-10 00:00:00+00:00, run_after=2025-12-11 00:00:00+00:00
[2025-12-10T20:44:25.822+0000] {processor.py:183} INFO - Processing /opt/airflow/dags/acidentes_2025_dag.py took 0.735 seconds
[2025-12-10T20:47:03.889+0000] {processor.py:161} INFO - Started process (PID=587) to work on /opt/airflow/dags/acidentes_2025_dag.py
[2025-12-10T20:47:03.891+0000] {processor.py:830} INFO - Processing file /opt/airflow/dags/acidentes_2025_dag.py for tasks to queue
[2025-12-10T20:47:03.893+0000] {logging_mixin.py:188} INFO - [2025-12-10T20:47:03.893+0000] {dagbag.py:545} INFO - Filling up the DagBag from /opt/airflow/dags/acidentes_2025_dag.py
[2025-12-10T20:44:35.917+0000] {processor.py:840} INFO - DAG(s) 'acidentes_2025_dag' retrieved from /opt/airflow/dags/acidentes_2025_dag.py
[2025-12-10T20:44:35.949+0000] {logging_mixin.py:188} INFO - [2025-12-10T20:44:35.948+0000] {dag.py:3096} INFO - Sync 1 DAGs
[2025-12-10T20:44:35.977+0000] {logging_mixin.py:188} INFO - [2025-12-10T20:44:35.976+0000] {dag.py:3954} INFO - Setting next_dagrun for acidentes_2025_dag to 2025-12-10 00:00:00+00:00, run_after=2025-12-11 00:00:00+00:00
[2025-12-10T20:44:35.998+0000] {processor.py:183} INFO - Processing /opt/airflow/dags/acidentes_2025_dag.py took 0.978 seconds
[2025-12-10T20:47:08.921+0000] {processor.py:161} INFO - Started process (PID=593) to work on /opt/airflow/dags/acidentes_2025_dag.py
[2025-12-10T20:47:08.922+0000] {processor.py:830} INFO - Processing file /opt/airflow/dags/acidentes_2025_dag.py for tasks to queue
[2025-12-10T20:47:08.924+0000] {logging_mixin.py:188} INFO - [2025-12-10T20:47:08.924+0000] {dagbag.py:545} INFO - Filling up the DagBag from /opt/airflow/dags/acidentes_2025_dag.py
[2025-12-10T20:44:40.647+0000] {processor.py:840} INFO - DAG(s) 'acidentes_2025_dag' retrieved from /opt/airflow/dags/acidentes_2025_dag.py
[2025-12-10T20:44:40.667+0000] {logging_mixin.py:188} INFO - [2025-12-10T20:44:40.666+0000] {dag.py:3096} INFO - Sync 1 DAGs
[2025-12-10T20:44:40.685+0000] {logging_mixin.py:188} INFO - [2025-12-10T20:44:40.685+0000] {dag.py:3954} INFO - Setting next_dagrun for acidentes_2025_dag to 2025-12-10 00:00:00+00:00, run_after=2025-12-11 00:00:00+00:00
[2025-12-10T20:44:40.705+0000] {processor.py:183} INFO - Processing /opt/airflow/dags/acidentes_2025_dag.py took 0.655 seconds
[2025-12-10T20:47:13.982+0000] {processor.py:161} INFO - Started process (PID=599) to work on /opt/airflow/dags/acidentes_2025_dag.py
[2025-12-10T20:47:13.983+0000] {processor.py:830} INFO - Processing file /opt/airflow/dags/acidentes_2025_dag.py for tasks to queue
[2025-12-10T20:47:13.985+0000] {logging_mixin.py:188} INFO - [2025-12-10T20:47:13.985+0000] {dagbag.py:545} INFO - Filling up the DagBag from /opt/airflow/dags/acidentes_2025_dag.py
[2025-12-10T20:44:45.865+0000] {processor.py:840} INFO - DAG(s) 'acidentes_2025_dag' retrieved from /opt/airflow/dags/acidentes_2025_dag.py
[2025-12-10T20:44:45.889+0000] {logging_mixin.py:188} INFO - [2025-12-10T20:44:45.888+0000] {dag.py:3096} INFO - Sync 1 DAGs
[2025-12-10T20:44:45.922+0000] {logging_mixin.py:188} INFO - [2025-12-10T20:44:45.922+0000] {dag.py:3954} INFO - Setting next_dagrun for acidentes_2025_dag to 2025-12-10 00:00:00+00:00, run_after=2025-12-11 00:00:00+00:00
[2025-12-10T20:44:45.947+0000] {processor.py:183} INFO - Processing /opt/airflow/dags/acidentes_2025_dag.py took 0.878 seconds
[2025-12-10T20:47:18.969+0000] {processor.py:161} INFO - Started process (PID=605) to work on /opt/airflow/dags/acidentes_2025_dag.py
[2025-12-10T20:47:18.971+0000] {processor.py:830} INFO - Processing file /opt/airflow/dags/acidentes_2025_dag.py for tasks to queue
[2025-12-10T20:47:18.973+0000] {logging_mixin.py:188} INFO - [2025-12-10T20:47:18.973+0000] {dagbag.py:545} INFO - Filling up the DagBag from /opt/airflow/dags/acidentes_2025_dag.py
[2025-12-10T20:44:50.910+0000] {processor.py:840} INFO - DAG(s) 'acidentes_2025_dag' retrieved from /opt/airflow/dags/acidentes_2025_dag.py
[2025-12-10T20:44:50.935+0000] {logging_mixin.py:188} INFO - [2025-12-10T20:44:50.934+0000] {dag.py:3096} INFO - Sync 1 DAGs
[2025-12-10T20:44:50.955+0000] {logging_mixin.py:188} INFO - [2025-12-10T20:44:50.955+0000] {dag.py:3954} INFO - Setting next_dagrun for acidentes_2025_dag to 2025-12-10 00:00:00+00:00, run_after=2025-12-11 00:00:00+00:00
[2025-12-10T20:44:50.987+0000] {processor.py:183} INFO - Processing /opt/airflow/dags/acidentes_2025_dag.py took 0.936 seconds
[2025-12-10T20:44:55.153+0000] {processor.py:161} INFO - Started process (PID=611) to work on /opt/airflow/dags/acidentes_2025_dag.py
[2025-12-10T20:44:55.156+0000] {processor.py:830} INFO - Processing file /opt/airflow/dags/acidentes_2025_dag.py for tasks to queue
[2025-12-10T20:44:55.160+0000] {logging_mixin.py:188} INFO - [2025-12-10T20:44:55.159+0000] {dagbag.py:545} INFO - Filling up the DagBag from /opt/airflow/dags/acidentes_2025_dag.py
[2025-12-10T20:44:55.743+0000] {processor.py:840} INFO - DAG(s) 'acidentes_2025_dag' retrieved from /opt/airflow/dags/acidentes_2025_dag.py
[2025-12-10T20:44:55.767+0000] {logging_mixin.py:188} INFO - [2025-12-10T20:44:55.766+0000] {dag.py:3096} INFO - Sync 1 DAGs
[2025-12-10T20:44:55.799+0000] {logging_mixin.py:188} INFO - [2025-12-10T20:44:55.799+0000] {dag.py:3954} INFO - Setting next_dagrun for acidentes_2025_dag to 2025-12-10 00:00:00+00:00, run_after=2025-12-11 00:00:00+00:00
[2025-12-10T20:44:55.821+0000] {processor.py:183} INFO - Processing /opt/airflow/dags/acidentes_2025_dag.py took 0.682 seconds
[2025-12-10T20:47:38.930+0000] {processor.py:161} INFO - Started process (PID=617) to work on /opt/airflow/dags/acidentes_2025_dag.py
[2025-12-10T20:47:38.932+0000] {processor.py:830} INFO - Processing file /opt/airflow/dags/acidentes_2025_dag.py for tasks to queue
[2025-12-10T20:47:38.934+0000] {logging_mixin.py:188} INFO - [2025-12-10T20:47:38.933+0000] {dagbag.py:545} INFO - Filling up the DagBag from /opt/airflow/dags/acidentes_2025_dag.py
[2025-12-10T20:45:10.675+0000] {processor.py:840} INFO - DAG(s) 'acidentes_2025_dag' retrieved from /opt/airflow/dags/acidentes_2025_dag.py
[2025-12-10T20:45:10.695+0000] {logging_mixin.py:188} INFO - [2025-12-10T20:45:10.695+0000] {dag.py:3096} INFO - Sync 1 DAGs
[2025-12-10T20:45:10.716+0000] {logging_mixin.py:188} INFO - [2025-12-10T20:45:10.715+0000] {dag.py:3954} INFO - Setting next_dagrun for acidentes_2025_dag to 2025-12-10 00:00:00+00:00, run_after=2025-12-11 00:00:00+00:00
[2025-12-10T20:45:10.734+0000] {processor.py:183} INFO - Processing /opt/airflow/dags/acidentes_2025_dag.py took 0.716 seconds
[2025-12-10T20:47:46.259+0000] {processor.py:161} INFO - Started process (PID=623) to work on /opt/airflow/dags/acidentes_2025_dag.py
[2025-12-10T20:47:46.260+0000] {processor.py:830} INFO - Processing file /opt/airflow/dags/acidentes_2025_dag.py for tasks to queue
[2025-12-10T20:47:46.262+0000] {logging_mixin.py:188} INFO - [2025-12-10T20:47:46.261+0000] {dagbag.py:545} INFO - Filling up the DagBag from /opt/airflow/dags/acidentes_2025_dag.py
[2025-12-10T20:45:18.043+0000] {processor.py:840} INFO - DAG(s) 'acidentes_2025_dag' retrieved from /opt/airflow/dags/acidentes_2025_dag.py
[2025-12-10T20:45:18.069+0000] {logging_mixin.py:188} INFO - [2025-12-10T20:45:18.068+0000] {dag.py:3096} INFO - Sync 1 DAGs
[2025-12-10T20:45:18.088+0000] {logging_mixin.py:188} INFO - [2025-12-10T20:45:18.088+0000] {dag.py:3954} INFO - Setting next_dagrun for acidentes_2025_dag to 2025-12-10 00:00:00+00:00, run_after=2025-12-11 00:00:00+00:00
[2025-12-10T20:45:18.107+0000] {processor.py:183} INFO - Processing /opt/airflow/dags/acidentes_2025_dag.py took 0.736 seconds
[2025-12-10T20:47:49.083+0000] {processor.py:161} INFO - Started process (PID=629) to work on /opt/airflow/dags/acidentes_2025_dag.py
[2025-12-10T20:47:49.084+0000] {processor.py:830} INFO - Processing file /opt/airflow/dags/acidentes_2025_dag.py for tasks to queue
[2025-12-10T20:47:49.086+0000] {logging_mixin.py:188} INFO - [2025-12-10T20:47:49.086+0000] {dagbag.py:545} INFO - Filling up the DagBag from /opt/airflow/dags/acidentes_2025_dag.py
[2025-12-10T20:45:20.848+0000] {processor.py:840} INFO - DAG(s) 'acidentes_2025_dag' retrieved from /opt/airflow/dags/acidentes_2025_dag.py
[2025-12-10T20:45:20.871+0000] {logging_mixin.py:188} INFO - [2025-12-10T20:45:20.871+0000] {dag.py:3096} INFO - Sync 1 DAGs
[2025-12-10T20:45:20.889+0000] {logging_mixin.py:188} INFO - [2025-12-10T20:45:20.889+0000] {dag.py:3954} INFO - Setting next_dagrun for acidentes_2025_dag to 2025-12-10 00:00:00+00:00, run_after=2025-12-11 00:00:00+00:00
[2025-12-10T20:45:20.914+0000] {processor.py:183} INFO - Processing /opt/airflow/dags/acidentes_2025_dag.py took 0.744 seconds
[2025-12-10T20:47:58.992+0000] {processor.py:161} INFO - Started process (PID=635) to work on /opt/airflow/dags/acidentes_2025_dag.py
[2025-12-10T20:47:58.993+0000] {processor.py:830} INFO - Processing file /opt/airflow/dags/acidentes_2025_dag.py for tasks to queue
[2025-12-10T20:47:58.995+0000] {logging_mixin.py:188} INFO - [2025-12-10T20:47:58.995+0000] {dagbag.py:545} INFO - Filling up the DagBag from /opt/airflow/dags/acidentes_2025_dag.py
[2025-12-10T20:45:30.698+0000] {processor.py:840} INFO - DAG(s) 'acidentes_2025_dag' retrieved from /opt/airflow/dags/acidentes_2025_dag.py
[2025-12-10T20:45:30.722+0000] {logging_mixin.py:188} INFO - [2025-12-10T20:45:30.721+0000] {dag.py:3096} INFO - Sync 1 DAGs
[2025-12-10T20:45:30.770+0000] {logging_mixin.py:188} INFO - [2025-12-10T20:45:30.770+0000] {dag.py:3954} INFO - Setting next_dagrun for acidentes_2025_dag to 2025-12-10 00:00:00+00:00, run_after=2025-12-11 00:00:00+00:00
[2025-12-10T20:45:31.149+0000] {processor.py:183} INFO - Processing /opt/airflow/dags/acidentes_2025_dag.py took 1.067 seconds
[2025-12-10T20:48:04.115+0000] {processor.py:161} INFO - Started process (PID=641) to work on /opt/airflow/dags/acidentes_2025_dag.py
[2025-12-10T20:45:35.235+0000] {processor.py:830} INFO - Processing file /opt/airflow/dags/acidentes_2025_dag.py for tasks to queue
[2025-12-10T20:45:35.246+0000] {logging_mixin.py:188} INFO - [2025-12-10T20:45:35.245+0000] {dagbag.py:545} INFO - Filling up the DagBag from /opt/airflow/dags/acidentes_2025_dag.py
[2025-12-10T20:45:36.394+0000] {processor.py:840} INFO - DAG(s) 'acidentes_2025_dag' retrieved from /opt/airflow/dags/acidentes_2025_dag.py
[2025-12-10T20:45:36.416+0000] {logging_mixin.py:188} INFO - [2025-12-10T20:45:36.415+0000] {dag.py:3096} INFO - Sync 1 DAGs
[2025-12-10T20:45:36.432+0000] {logging_mixin.py:188} INFO - [2025-12-10T20:45:36.431+0000] {dag.py:3954} INFO - Setting next_dagrun for acidentes_2025_dag to 2025-12-10 00:00:00+00:00, run_after=2025-12-11 00:00:00+00:00
[2025-12-10T20:45:36.451+0000] {processor.py:183} INFO - Processing /opt/airflow/dags/acidentes_2025_dag.py took 1.310 seconds
[2025-12-10T20:48:24.392+0000] {processor.py:161} INFO - Started process (PID=647) to work on /opt/airflow/dags/acidentes_2025_dag.py
[2025-12-10T20:48:24.394+0000] {processor.py:830} INFO - Processing file /opt/airflow/dags/acidentes_2025_dag.py for tasks to queue
[2025-12-10T20:48:24.396+0000] {logging_mixin.py:188} INFO - [2025-12-10T20:48:24.396+0000] {dagbag.py:545} INFO - Filling up the DagBag from /opt/airflow/dags/acidentes_2025_dag.py
[2025-12-10T20:45:56.118+0000] {processor.py:840} INFO - DAG(s) 'acidentes_2025_dag' retrieved from /opt/airflow/dags/acidentes_2025_dag.py
[2025-12-10T20:45:56.139+0000] {logging_mixin.py:188} INFO - [2025-12-10T20:45:56.139+0000] {dag.py:3096} INFO - Sync 1 DAGs
[2025-12-10T20:45:56.157+0000] {logging_mixin.py:188} INFO - [2025-12-10T20:45:56.157+0000] {dag.py:3954} INFO - Setting next_dagrun for acidentes_2025_dag to 2025-12-10 00:00:00+00:00, run_after=2025-12-11 00:00:00+00:00
[2025-12-10T20:45:56.181+0000] {processor.py:183} INFO - Processing /opt/airflow/dags/acidentes_2025_dag.py took 0.682 seconds
[2025-12-10T20:48:29.175+0000] {processor.py:161} INFO - Started process (PID=653) to work on /opt/airflow/dags/acidentes_2025_dag.py
[2025-12-10T20:48:29.176+0000] {processor.py:830} INFO - Processing file /opt/airflow/dags/acidentes_2025_dag.py for tasks to queue
[2025-12-10T20:48:29.180+0000] {logging_mixin.py:188} INFO - [2025-12-10T20:48:29.179+0000] {dagbag.py:545} INFO - Filling up the DagBag from /opt/airflow/dags/acidentes_2025_dag.py
[2025-12-10T20:46:00.870+0000] {processor.py:840} INFO - DAG(s) 'acidentes_2025_dag' retrieved from /opt/airflow/dags/acidentes_2025_dag.py
[2025-12-10T20:46:00.890+0000] {logging_mixin.py:188} INFO - [2025-12-10T20:46:00.889+0000] {dag.py:3096} INFO - Sync 1 DAGs
[2025-12-10T20:46:00.906+0000] {logging_mixin.py:188} INFO - [2025-12-10T20:46:00.905+0000] {dag.py:3954} INFO - Setting next_dagrun for acidentes_2025_dag to 2025-12-10 00:00:00+00:00, run_after=2025-12-11 00:00:00+00:00
[2025-12-10T20:46:00.926+0000] {processor.py:183} INFO - Processing /opt/airflow/dags/acidentes_2025_dag.py took 0.665 seconds
[2025-12-10T20:46:17.432+0000] {processor.py:161} INFO - Started process (PID=659) to work on /opt/airflow/dags/acidentes_2025_dag.py
[2025-12-10T20:46:17.434+0000] {processor.py:830} INFO - Processing file /opt/airflow/dags/acidentes_2025_dag.py for tasks to queue
[2025-12-10T20:46:17.438+0000] {logging_mixin.py:188} INFO - [2025-12-10T20:46:17.437+0000] {dagbag.py:545} INFO - Filling up the DagBag from /opt/airflow/dags/acidentes_2025_dag.py
[2025-12-10T20:46:18.328+0000] {processor.py:840} INFO - DAG(s) 'acidentes_2025_dag' retrieved from /opt/airflow/dags/acidentes_2025_dag.py
[2025-12-10T20:46:18.371+0000] {logging_mixin.py:188} INFO - [2025-12-10T20:46:18.370+0000] {dag.py:3096} INFO - Sync 1 DAGs
[2025-12-10T20:46:18.397+0000] {logging_mixin.py:188} INFO - [2025-12-10T20:46:18.396+0000] {dag.py:3954} INFO - Setting next_dagrun for acidentes_2025_dag to 2025-12-10 00:00:00+00:00, run_after=2025-12-11 00:00:00+00:00
[2025-12-10T20:46:18.426+0000] {processor.py:183} INFO - Processing /opt/airflow/dags/acidentes_2025_dag.py took 1.016 seconds
[2025-12-10T20:48:49.126+0000] {processor.py:161} INFO - Started process (PID=665) to work on /opt/airflow/dags/acidentes_2025_dag.py
[2025-12-10T20:48:49.127+0000] {processor.py:830} INFO - Processing file /opt/airflow/dags/acidentes_2025_dag.py for tasks to queue
[2025-12-10T20:48:49.130+0000] {logging_mixin.py:188} INFO - [2025-12-10T20:48:49.129+0000] {dagbag.py:545} INFO - Filling up the DagBag from /opt/airflow/dags/acidentes_2025_dag.py
[2025-12-10T20:46:21.112+0000] {processor.py:840} INFO - DAG(s) 'acidentes_2025_dag' retrieved from /opt/airflow/dags/acidentes_2025_dag.py
[2025-12-10T20:46:21.139+0000] {logging_mixin.py:188} INFO - [2025-12-10T20:46:21.138+0000] {dag.py:3096} INFO - Sync 1 DAGs
[2025-12-10T20:46:21.160+0000] {logging_mixin.py:188} INFO - [2025-12-10T20:46:21.160+0000] {dag.py:3954} INFO - Setting next_dagrun for acidentes_2025_dag to 2025-12-10 00:00:00+00:00, run_after=2025-12-11 00:00:00+00:00
[2025-12-10T20:46:21.186+0000] {processor.py:183} INFO - Processing /opt/airflow/dags/acidentes_2025_dag.py took 0.972 seconds
[2025-12-10T20:48:54.208+0000] {processor.py:161} INFO - Started process (PID=671) to work on /opt/airflow/dags/acidentes_2025_dag.py
[2025-12-10T20:48:54.209+0000] {processor.py:830} INFO - Processing file /opt/airflow/dags/acidentes_2025_dag.py for tasks to queue
[2025-12-10T20:46:25.311+0000] {logging_mixin.py:188} INFO - [2025-12-10T20:46:25.311+0000] {dagbag.py:545} INFO - Filling up the DagBag from /opt/airflow/dags/acidentes_2025_dag.py
[2025-12-10T20:46:26.312+0000] {processor.py:840} INFO - DAG(s) 'acidentes_2025_dag' retrieved from /opt/airflow/dags/acidentes_2025_dag.py
[2025-12-10T20:46:26.336+0000] {logging_mixin.py:188} INFO - [2025-12-10T20:46:26.335+0000] {dag.py:3096} INFO - Sync 1 DAGs
[2025-12-10T20:46:26.354+0000] {logging_mixin.py:188} INFO - [2025-12-10T20:46:26.354+0000] {dag.py:3954} INFO - Setting next_dagrun for acidentes_2025_dag to 2025-12-10 00:00:00+00:00, run_after=2025-12-11 00:00:00+00:00
[2025-12-10T20:46:26.374+0000] {processor.py:183} INFO - Processing /opt/airflow/dags/acidentes_2025_dag.py took 1.090 seconds
[2025-12-10T20:48:59.258+0000] {processor.py:161} INFO - Started process (PID=677) to work on /opt/airflow/dags/acidentes_2025_dag.py
[2025-12-10T20:48:59.259+0000] {processor.py:830} INFO - Processing file /opt/airflow/dags/acidentes_2025_dag.py for tasks to queue
[2025-12-10T20:48:59.261+0000] {logging_mixin.py:188} INFO - [2025-12-10T20:48:59.261+0000] {dagbag.py:545} INFO - Filling up the DagBag from /opt/airflow/dags/acidentes_2025_dag.py
[2025-12-10T20:46:30.968+0000] {processor.py:840} INFO - DAG(s) 'acidentes_2025_dag' retrieved from /opt/airflow/dags/acidentes_2025_dag.py
[2025-12-10T20:46:30.987+0000] {logging_mixin.py:188} INFO - [2025-12-10T20:46:30.987+0000] {dag.py:3096} INFO - Sync 1 DAGs
[2025-12-10T20:46:31.005+0000] {logging_mixin.py:188} INFO - [2025-12-10T20:46:31.005+0000] {dag.py:3954} INFO - Setting next_dagrun for acidentes_2025_dag to 2025-12-10 00:00:00+00:00, run_after=2025-12-11 00:00:00+00:00
[2025-12-10T20:46:31.025+0000] {processor.py:183} INFO - Processing /opt/airflow/dags/acidentes_2025_dag.py took 0.647 seconds
[2025-12-10T20:49:16.097+0000] {processor.py:161} INFO - Started process (PID=683) to work on /opt/airflow/dags/acidentes_2025_dag.py
[2025-12-10T20:49:16.098+0000] {processor.py:830} INFO - Processing file /opt/airflow/dags/acidentes_2025_dag.py for tasks to queue
[2025-12-10T20:49:16.101+0000] {logging_mixin.py:188} INFO - [2025-12-10T20:49:16.100+0000] {dagbag.py:545} INFO - Filling up the DagBag from /opt/airflow/dags/acidentes_2025_dag.py
[2025-12-10T20:46:47.782+0000] {processor.py:840} INFO - DAG(s) 'acidentes_2025_dag' retrieved from /opt/airflow/dags/acidentes_2025_dag.py
[2025-12-10T20:46:47.804+0000] {logging_mixin.py:188} INFO - [2025-12-10T20:46:47.804+0000] {dag.py:3096} INFO - Sync 1 DAGs
[2025-12-10T20:46:47.822+0000] {logging_mixin.py:188} INFO - [2025-12-10T20:46:47.822+0000] {dag.py:3954} INFO - Setting next_dagrun for acidentes_2025_dag to 2025-12-10 00:00:00+00:00, run_after=2025-12-11 00:00:00+00:00
[2025-12-10T20:46:47.840+0000] {processor.py:183} INFO - Processing /opt/airflow/dags/acidentes_2025_dag.py took 0.653 seconds
[2025-12-10T20:47:17.250+0000] {processor.py:161} INFO - Started process (PID=689) to work on /opt/airflow/dags/acidentes_2025_dag.py
[2025-12-10T20:47:17.251+0000] {processor.py:830} INFO - Processing file /opt/airflow/dags/acidentes_2025_dag.py for tasks to queue
[2025-12-10T20:47:17.255+0000] {logging_mixin.py:188} INFO - [2025-12-10T20:47:17.254+0000] {dagbag.py:545} INFO - Filling up the DagBag from /opt/airflow/dags/acidentes_2025_dag.py
[2025-12-10T20:47:17.834+0000] {processor.py:840} INFO - DAG(s) 'acidentes_2025_dag' retrieved from /opt/airflow/dags/acidentes_2025_dag.py
[2025-12-10T20:47:17.854+0000] {logging_mixin.py:188} INFO - [2025-12-10T20:47:17.853+0000] {dag.py:3096} INFO - Sync 1 DAGs
[2025-12-10T20:47:17.872+0000] {logging_mixin.py:188} INFO - [2025-12-10T20:47:17.871+0000] {dag.py:3954} INFO - Setting next_dagrun for acidentes_2025_dag to 2025-12-10 00:00:00+00:00, run_after=2025-12-11 00:00:00+00:00
[2025-12-10T20:47:17.887+0000] {processor.py:183} INFO - Processing /opt/airflow/dags/acidentes_2025_dag.py took 0.647 seconds
[2025-12-10T20:49:54.261+0000] {processor.py:161} INFO - Started process (PID=695) to work on /opt/airflow/dags/acidentes_2025_dag.py
[2025-12-10T20:49:54.264+0000] {processor.py:830} INFO - Processing file /opt/airflow/dags/acidentes_2025_dag.py for tasks to queue
[2025-12-10T20:49:54.268+0000] {logging_mixin.py:188} INFO - [2025-12-10T20:49:54.267+0000] {dagbag.py:545} INFO - Filling up the DagBag from /opt/airflow/dags/acidentes_2025_dag.py
[2025-12-10T20:47:25.943+0000] {processor.py:840} INFO - DAG(s) 'acidentes_2025_dag' retrieved from /opt/airflow/dags/acidentes_2025_dag.py
[2025-12-10T20:47:25.966+0000] {logging_mixin.py:188} INFO - [2025-12-10T20:47:25.965+0000] {dag.py:3096} INFO - Sync 1 DAGs
[2025-12-10T20:47:25.988+0000] {logging_mixin.py:188} INFO - [2025-12-10T20:47:25.988+0000] {dag.py:3954} INFO - Setting next_dagrun for acidentes_2025_dag to 2025-12-10 00:00:00+00:00, run_after=2025-12-11 00:00:00+00:00
[2025-12-10T20:47:26.013+0000] {processor.py:183} INFO - Processing /opt/airflow/dags/acidentes_2025_dag.py took 0.668 seconds
[2025-12-10T20:50:16.236+0000] {processor.py:161} INFO - Started process (PID=701) to work on /opt/airflow/dags/acidentes_2025_dag.py
[2025-12-10T20:50:16.238+0000] {processor.py:830} INFO - Processing file /opt/airflow/dags/acidentes_2025_dag.py for tasks to queue
[2025-12-10T20:50:16.240+0000] {logging_mixin.py:188} INFO - [2025-12-10T20:50:16.240+0000] {dagbag.py:545} INFO - Filling up the DagBag from /opt/airflow/dags/acidentes_2025_dag.py
[2025-12-10T20:47:48.430+0000] {processor.py:840} INFO - DAG(s) 'acidentes_2025_dag' retrieved from /opt/airflow/dags/acidentes_2025_dag.py
[2025-12-10T20:47:48.456+0000] {logging_mixin.py:188} INFO - [2025-12-10T20:47:48.455+0000] {dag.py:3096} INFO - Sync 1 DAGs
[2025-12-10T20:47:48.478+0000] {logging_mixin.py:188} INFO - [2025-12-10T20:47:48.477+0000] {dag.py:3954} INFO - Setting next_dagrun for acidentes_2025_dag to 2025-12-10 00:00:00+00:00, run_after=2025-12-11 00:00:00+00:00
[2025-12-10T20:47:48.531+0000] {processor.py:183} INFO - Processing /opt/airflow/dags/acidentes_2025_dag.py took 1.148 seconds
[2025-12-10T20:50:19.317+0000] {processor.py:161} INFO - Started process (PID=707) to work on /opt/airflow/dags/acidentes_2025_dag.py
[2025-12-10T20:50:19.319+0000] {processor.py:830} INFO - Processing file /opt/airflow/dags/acidentes_2025_dag.py for tasks to queue
[2025-12-10T20:50:19.320+0000] {logging_mixin.py:188} INFO - [2025-12-10T20:50:19.320+0000] {dagbag.py:545} INFO - Filling up the DagBag from /opt/airflow/dags/acidentes_2025_dag.py
[2025-12-10T20:47:51.257+0000] {processor.py:840} INFO - DAG(s) 'acidentes_2025_dag' retrieved from /opt/airflow/dags/acidentes_2025_dag.py
[2025-12-10T20:47:51.283+0000] {logging_mixin.py:188} INFO - [2025-12-10T20:47:51.282+0000] {dag.py:3096} INFO - Sync 1 DAGs
[2025-12-10T20:47:51.301+0000] {logging_mixin.py:188} INFO - [2025-12-10T20:47:51.301+0000] {dag.py:3954} INFO - Setting next_dagrun for acidentes_2025_dag to 2025-12-10 00:00:00+00:00, run_after=2025-12-11 00:00:00+00:00
[2025-12-10T20:47:51.324+0000] {processor.py:183} INFO - Processing /opt/airflow/dags/acidentes_2025_dag.py took 0.928 seconds
[2025-12-10T20:50:24.327+0000] {processor.py:161} INFO - Started process (PID=713) to work on /opt/airflow/dags/acidentes_2025_dag.py
[2025-12-10T20:50:24.329+0000] {processor.py:830} INFO - Processing file /opt/airflow/dags/acidentes_2025_dag.py for tasks to queue
[2025-12-10T20:50:24.331+0000] {logging_mixin.py:188} INFO - [2025-12-10T20:50:24.331+0000] {dagbag.py:545} INFO - Filling up the DagBag from /opt/airflow/dags/acidentes_2025_dag.py
[2025-12-10T20:47:55.984+0000] {processor.py:840} INFO - DAG(s) 'acidentes_2025_dag' retrieved from /opt/airflow/dags/acidentes_2025_dag.py
[2025-12-10T20:47:56.005+0000] {logging_mixin.py:188} INFO - [2025-12-10T20:47:56.005+0000] {dag.py:3096} INFO - Sync 1 DAGs
[2025-12-10T20:47:56.023+0000] {logging_mixin.py:188} INFO - [2025-12-10T20:47:56.023+0000] {dag.py:3954} INFO - Setting next_dagrun for acidentes_2025_dag to 2025-12-10 00:00:00+00:00, run_after=2025-12-11 00:00:00+00:00
[2025-12-10T20:47:56.040+0000] {processor.py:183} INFO - Processing /opt/airflow/dags/acidentes_2025_dag.py took 0.624 seconds
[2025-12-10T20:48:26.385+0000] {processor.py:161} INFO - Started process (PID=719) to work on /opt/airflow/dags/acidentes_2025_dag.py
[2025-12-10T20:48:26.387+0000] {processor.py:830} INFO - Processing file /opt/airflow/dags/acidentes_2025_dag.py for tasks to queue
[2025-12-10T20:48:26.390+0000] {logging_mixin.py:188} INFO - [2025-12-10T20:48:26.390+0000] {dagbag.py:545} INFO - Filling up the DagBag from /opt/airflow/dags/acidentes_2025_dag.py
[2025-12-10T20:48:27.006+0000] {processor.py:840} INFO - DAG(s) 'acidentes_2025_dag' retrieved from /opt/airflow/dags/acidentes_2025_dag.py
[2025-12-10T20:48:27.032+0000] {logging_mixin.py:188} INFO - [2025-12-10T20:48:27.032+0000] {dag.py:3096} INFO - Sync 1 DAGs
[2025-12-10T20:48:27.050+0000] {logging_mixin.py:188} INFO - [2025-12-10T20:48:27.050+0000] {dag.py:3954} INFO - Setting next_dagrun for acidentes_2025_dag to 2025-12-10 00:00:00+00:00, run_after=2025-12-11 00:00:00+00:00
[2025-12-10T20:48:27.070+0000] {processor.py:183} INFO - Processing /opt/airflow/dags/acidentes_2025_dag.py took 0.702 seconds
[2025-12-10T20:48:57.203+0000] {processor.py:161} INFO - Started process (PID=725) to work on /opt/airflow/dags/acidentes_2025_dag.py
[2025-12-10T20:48:57.206+0000] {processor.py:830} INFO - Processing file /opt/airflow/dags/acidentes_2025_dag.py for tasks to queue
[2025-12-10T20:48:57.210+0000] {logging_mixin.py:188} INFO - [2025-12-10T20:48:57.210+0000] {dagbag.py:545} INFO - Filling up the DagBag from /opt/airflow/dags/acidentes_2025_dag.py
[2025-12-10T20:48:58.196+0000] {processor.py:840} INFO - DAG(s) 'acidentes_2025_dag' retrieved from /opt/airflow/dags/acidentes_2025_dag.py
[2025-12-10T20:48:58.233+0000] {logging_mixin.py:188} INFO - [2025-12-10T20:48:58.232+0000] {dag.py:3096} INFO - Sync 1 DAGs
[2025-12-10T20:48:58.256+0000] {logging_mixin.py:188} INFO - [2025-12-10T20:48:58.255+0000] {dag.py:3954} INFO - Setting next_dagrun for acidentes_2025_dag to 2025-12-10 00:00:00+00:00, run_after=2025-12-11 00:00:00+00:00
[2025-12-10T20:48:58.282+0000] {processor.py:183} INFO - Processing /opt/airflow/dags/acidentes_2025_dag.py took 1.096 seconds
[2025-12-10T20:49:28.513+0000] {processor.py:161} INFO - Started process (PID=731) to work on /opt/airflow/dags/acidentes_2025_dag.py
[2025-12-10T20:49:28.514+0000] {processor.py:830} INFO - Processing file /opt/airflow/dags/acidentes_2025_dag.py for tasks to queue
[2025-12-10T20:49:28.516+0000] {logging_mixin.py:188} INFO - [2025-12-10T20:49:28.516+0000] {dagbag.py:545} INFO - Filling up the DagBag from /opt/airflow/dags/acidentes_2025_dag.py
[2025-12-10T20:49:29.140+0000] {processor.py:840} INFO - DAG(s) 'acidentes_2025_dag' retrieved from /opt/airflow/dags/acidentes_2025_dag.py
[2025-12-10T20:49:29.175+0000] {logging_mixin.py:188} INFO - [2025-12-10T20:49:29.175+0000] {dag.py:3096} INFO - Sync 1 DAGs
[2025-12-10T20:49:29.192+0000] {logging_mixin.py:188} INFO - [2025-12-10T20:49:29.192+0000] {dag.py:3954} INFO - Setting next_dagrun for acidentes_2025_dag to 2025-12-10 00:00:00+00:00, run_after=2025-12-11 00:00:00+00:00
[2025-12-10T20:49:29.212+0000] {processor.py:183} INFO - Processing /opt/airflow/dags/acidentes_2025_dag.py took 0.710 seconds
[2025-12-10T20:52:24.926+0000] {processor.py:161} INFO - Started process (PID=737) to work on /opt/airflow/dags/acidentes_2025_dag.py
[2025-12-10T20:52:24.928+0000] {processor.py:830} INFO - Processing file /opt/airflow/dags/acidentes_2025_dag.py for tasks to queue
[2025-12-10T20:52:24.930+0000] {logging_mixin.py:188} INFO - [2025-12-10T20:52:24.930+0000] {dagbag.py:545} INFO - Filling up the DagBag from /opt/airflow/dags/acidentes_2025_dag.py
[2025-12-10T20:52:25.568+0000] {processor.py:840} INFO - DAG(s) 'acidentes_2025_dag' retrieved from /opt/airflow/dags/acidentes_2025_dag.py
[2025-12-10T20:52:25.596+0000] {logging_mixin.py:188} INFO - [2025-12-10T20:52:25.595+0000] {dag.py:3096} INFO - Sync 1 DAGs
[2025-12-10T20:52:25.620+0000] {logging_mixin.py:188} INFO - [2025-12-10T20:52:25.620+0000] {dag.py:3954} INFO - Setting next_dagrun for acidentes_2025_dag to 2025-12-10 00:00:00+00:00, run_after=2025-12-11 00:00:00+00:00
[2025-12-10T20:52:25.636+0000] {processor.py:183} INFO - Processing /opt/airflow/dags/acidentes_2025_dag.py took 0.721 seconds
[2025-12-10T20:53:16.038+0000] {processor.py:161} INFO - Started process (PID=743) to work on /opt/airflow/dags/acidentes_2025_dag.py
[2025-12-10T20:53:16.039+0000] {processor.py:830} INFO - Processing file /opt/airflow/dags/acidentes_2025_dag.py for tasks to queue
[2025-12-10T20:53:16.041+0000] {logging_mixin.py:188} INFO - [2025-12-10T20:53:16.041+0000] {dagbag.py:545} INFO - Filling up the DagBag from /opt/airflow/dags/acidentes_2025_dag.py
[2025-12-10T20:50:47.768+0000] {processor.py:840} INFO - DAG(s) 'acidentes_2025_dag' retrieved from /opt/airflow/dags/acidentes_2025_dag.py
[2025-12-10T20:50:47.795+0000] {logging_mixin.py:188} INFO - [2025-12-10T20:50:47.795+0000] {dag.py:3096} INFO - Sync 1 DAGs
[2025-12-10T20:50:47.835+0000] {logging_mixin.py:188} INFO - [2025-12-10T20:50:47.835+0000] {dag.py:3954} INFO - Setting next_dagrun for acidentes_2025_dag to 2025-12-10 00:00:00+00:00, run_after=2025-12-11 00:00:00+00:00
[2025-12-10T20:50:47.863+0000] {processor.py:183} INFO - Processing /opt/airflow/dags/acidentes_2025_dag.py took 0.740 seconds
[2025-12-10T20:50:56.097+0000] {processor.py:161} INFO - Started process (PID=749) to work on /opt/airflow/dags/acidentes_2025_dag.py
[2025-12-10T20:50:56.099+0000] {processor.py:830} INFO - Processing file /opt/airflow/dags/acidentes_2025_dag.py for tasks to queue
[2025-12-10T20:50:56.102+0000] {logging_mixin.py:188} INFO - [2025-12-10T20:50:56.102+0000] {dagbag.py:545} INFO - Filling up the DagBag from /opt/airflow/dags/acidentes_2025_dag.py
[2025-12-10T20:50:56.724+0000] {processor.py:840} INFO - DAG(s) 'acidentes_2025_dag' retrieved from /opt/airflow/dags/acidentes_2025_dag.py
[2025-12-10T20:50:56.745+0000] {logging_mixin.py:188} INFO - [2025-12-10T20:50:56.745+0000] {dag.py:3096} INFO - Sync 1 DAGs
[2025-12-10T20:50:56.764+0000] {logging_mixin.py:188} INFO - [2025-12-10T20:50:56.764+0000] {dag.py:3954} INFO - Setting next_dagrun for acidentes_2025_dag to 2025-12-10 00:00:00+00:00, run_after=2025-12-11 00:00:00+00:00
[2025-12-10T20:50:56.780+0000] {processor.py:183} INFO - Processing /opt/airflow/dags/acidentes_2025_dag.py took 0.711 seconds
[2025-12-10T20:53:29.731+0000] {processor.py:161} INFO - Started process (PID=755) to work on /opt/airflow/dags/acidentes_2025_dag.py
[2025-12-10T20:53:29.732+0000] {processor.py:830} INFO - Processing file /opt/airflow/dags/acidentes_2025_dag.py for tasks to queue
[2025-12-10T20:53:29.734+0000] {logging_mixin.py:188} INFO - [2025-12-10T20:53:29.734+0000] {dagbag.py:545} INFO - Filling up the DagBag from /opt/airflow/dags/acidentes_2025_dag.py
[2025-12-10T20:51:01.350+0000] {processor.py:840} INFO - DAG(s) 'acidentes_2025_dag' retrieved from /opt/airflow/dags/acidentes_2025_dag.py
[2025-12-10T20:51:01.374+0000] {logging_mixin.py:188} INFO - [2025-12-10T20:51:01.374+0000] {dag.py:3096} INFO - Sync 1 DAGs
[2025-12-10T20:51:01.392+0000] {logging_mixin.py:188} INFO - [2025-12-10T20:51:01.392+0000] {dag.py:3954} INFO - Setting next_dagrun for acidentes_2025_dag to 2025-12-10 00:00:00+00:00, run_after=2025-12-11 00:00:00+00:00
[2025-12-10T20:51:01.411+0000] {processor.py:183} INFO - Processing /opt/airflow/dags/acidentes_2025_dag.py took 0.629 seconds
[2025-12-10T20:51:05.907+0000] {processor.py:161} INFO - Started process (PID=761) to work on /opt/airflow/dags/acidentes_2025_dag.py
[2025-12-10T20:51:05.909+0000] {processor.py:830} INFO - Processing file /opt/airflow/dags/acidentes_2025_dag.py for tasks to queue
[2025-12-10T20:51:05.911+0000] {logging_mixin.py:188} INFO - [2025-12-10T20:51:05.910+0000] {dagbag.py:545} INFO - Filling up the DagBag from /opt/airflow/dags/acidentes_2025_dag.py
[2025-12-10T20:51:06.502+0000] {processor.py:840} INFO - DAG(s) 'acidentes_2025_dag' retrieved from /opt/airflow/dags/acidentes_2025_dag.py
[2025-12-10T20:51:06.525+0000] {logging_mixin.py:188} INFO - [2025-12-10T20:51:06.524+0000] {dag.py:3096} INFO - Sync 1 DAGs
[2025-12-10T20:51:06.544+0000] {logging_mixin.py:188} INFO - [2025-12-10T20:51:06.544+0000] {dag.py:3954} INFO - Setting next_dagrun for acidentes_2025_dag to 2025-12-10 00:00:00+00:00, run_after=2025-12-11 00:00:00+00:00
[2025-12-10T20:51:06.561+0000] {processor.py:183} INFO - Processing /opt/airflow/dags/acidentes_2025_dag.py took 0.666 seconds
[2025-12-10T20:53:54.681+0000] {processor.py:161} INFO - Started process (PID=767) to work on /opt/airflow/dags/acidentes_2025_dag.py
[2025-12-10T20:53:54.683+0000] {processor.py:830} INFO - Processing file /opt/airflow/dags/acidentes_2025_dag.py for tasks to queue
[2025-12-10T20:53:54.685+0000] {logging_mixin.py:188} INFO - [2025-12-10T20:53:54.684+0000] {dagbag.py:545} INFO - Filling up the DagBag from /opt/airflow/dags/acidentes_2025_dag.py
[2025-12-10T20:51:26.435+0000] {processor.py:840} INFO - DAG(s) 'acidentes_2025_dag' retrieved from /opt/airflow/dags/acidentes_2025_dag.py
[2025-12-10T20:51:26.458+0000] {logging_mixin.py:188} INFO - [2025-12-10T20:51:26.457+0000] {dag.py:3096} INFO - Sync 1 DAGs
[2025-12-10T20:51:26.477+0000] {logging_mixin.py:188} INFO - [2025-12-10T20:51:26.477+0000] {dag.py:3954} INFO - Setting next_dagrun for acidentes_2025_dag to 2025-12-10 00:00:00+00:00, run_after=2025-12-11 00:00:00+00:00
[2025-12-10T20:51:26.494+0000] {processor.py:183} INFO - Processing /opt/airflow/dags/acidentes_2025_dag.py took 0.722 seconds
[2025-12-10T20:53:59.754+0000] {processor.py:161} INFO - Started process (PID=773) to work on /opt/airflow/dags/acidentes_2025_dag.py
[2025-12-10T20:53:59.755+0000] {processor.py:830} INFO - Processing file /opt/airflow/dags/acidentes_2025_dag.py for tasks to queue
[2025-12-10T20:53:59.757+0000] {logging_mixin.py:188} INFO - [2025-12-10T20:53:59.757+0000] {dagbag.py:545} INFO - Filling up the DagBag from /opt/airflow/dags/acidentes_2025_dag.py
[2025-12-10T20:51:31.450+0000] {processor.py:840} INFO - DAG(s) 'acidentes_2025_dag' retrieved from /opt/airflow/dags/acidentes_2025_dag.py
[2025-12-10T20:51:31.469+0000] {logging_mixin.py:188} INFO - [2025-12-10T20:51:31.468+0000] {dag.py:3096} INFO - Sync 1 DAGs
[2025-12-10T20:51:31.487+0000] {logging_mixin.py:188} INFO - [2025-12-10T20:51:31.487+0000] {dag.py:3954} INFO - Setting next_dagrun for acidentes_2025_dag to 2025-12-10 00:00:00+00:00, run_after=2025-12-11 00:00:00+00:00
[2025-12-10T20:51:31.505+0000] {processor.py:183} INFO - Processing /opt/airflow/dags/acidentes_2025_dag.py took 0.665 seconds
[2025-12-10T20:54:04.813+0000] {processor.py:161} INFO - Started process (PID=779) to work on /opt/airflow/dags/acidentes_2025_dag.py
[2025-12-10T20:54:04.815+0000] {processor.py:830} INFO - Processing file /opt/airflow/dags/acidentes_2025_dag.py for tasks to queue
[2025-12-10T20:54:04.817+0000] {logging_mixin.py:188} INFO - [2025-12-10T20:54:04.816+0000] {dagbag.py:545} INFO - Filling up the DagBag from /opt/airflow/dags/acidentes_2025_dag.py
[2025-12-10T20:51:36.547+0000] {processor.py:840} INFO - DAG(s) 'acidentes_2025_dag' retrieved from /opt/airflow/dags/acidentes_2025_dag.py
[2025-12-10T20:51:36.569+0000] {logging_mixin.py:188} INFO - [2025-12-10T20:51:36.569+0000] {dag.py:3096} INFO - Sync 1 DAGs
[2025-12-10T20:51:36.588+0000] {logging_mixin.py:188} INFO - [2025-12-10T20:51:36.588+0000] {dag.py:3954} INFO - Setting next_dagrun for acidentes_2025_dag to 2025-12-10 00:00:00+00:00, run_after=2025-12-11 00:00:00+00:00
[2025-12-10T20:51:36.610+0000] {processor.py:183} INFO - Processing /opt/airflow/dags/acidentes_2025_dag.py took 0.641 seconds
[2025-12-10T20:51:40.976+0000] {processor.py:161} INFO - Started process (PID=785) to work on /opt/airflow/dags/acidentes_2025_dag.py
[2025-12-10T20:51:40.977+0000] {processor.py:830} INFO - Processing file /opt/airflow/dags/acidentes_2025_dag.py for tasks to queue
[2025-12-10T20:51:40.980+0000] {logging_mixin.py:188} INFO - [2025-12-10T20:51:40.980+0000] {dagbag.py:545} INFO - Filling up the DagBag from /opt/airflow/dags/acidentes_2025_dag.py
[2025-12-10T20:51:41.552+0000] {processor.py:840} INFO - DAG(s) 'acidentes_2025_dag' retrieved from /opt/airflow/dags/acidentes_2025_dag.py
[2025-12-10T20:51:41.576+0000] {logging_mixin.py:188} INFO - [2025-12-10T20:51:41.576+0000] {dag.py:3096} INFO - Sync 1 DAGs
[2025-12-10T20:51:41.595+0000] {logging_mixin.py:188} INFO - [2025-12-10T20:51:41.595+0000] {dag.py:3954} INFO - Setting next_dagrun for acidentes_2025_dag to 2025-12-10 00:00:00+00:00, run_after=2025-12-11 00:00:00+00:00
[2025-12-10T20:51:41.614+0000] {processor.py:183} INFO - Processing /opt/airflow/dags/acidentes_2025_dag.py took 0.648 seconds
[2025-12-10T20:54:29.761+0000] {processor.py:161} INFO - Started process (PID=791) to work on /opt/airflow/dags/acidentes_2025_dag.py
[2025-12-10T20:54:29.763+0000] {processor.py:830} INFO - Processing file /opt/airflow/dags/acidentes_2025_dag.py for tasks to queue
[2025-12-10T20:54:29.766+0000] {logging_mixin.py:188} INFO - [2025-12-10T20:54:29.765+0000] {dagbag.py:545} INFO - Filling up the DagBag from /opt/airflow/dags/acidentes_2025_dag.py
[2025-12-10T20:52:01.476+0000] {processor.py:840} INFO - DAG(s) 'acidentes_2025_dag' retrieved from /opt/airflow/dags/acidentes_2025_dag.py
[2025-12-10T20:52:01.500+0000] {logging_mixin.py:188} INFO - [2025-12-10T20:52:01.500+0000] {dag.py:3096} INFO - Sync 1 DAGs
[2025-12-10T20:52:01.517+0000] {logging_mixin.py:188} INFO - [2025-12-10T20:52:01.517+0000] {dag.py:3954} INFO - Setting next_dagrun for acidentes_2025_dag to 2025-12-10 00:00:00+00:00, run_after=2025-12-11 00:00:00+00:00
[2025-12-10T20:52:01.535+0000] {processor.py:183} INFO - Processing /opt/airflow/dags/acidentes_2025_dag.py took 0.685 seconds
[2025-12-10T20:54:46.195+0000] {processor.py:161} INFO - Started process (PID=797) to work on /opt/airflow/dags/acidentes_2025_dag.py
[2025-12-10T20:54:46.196+0000] {processor.py:830} INFO - Processing file /opt/airflow/dags/acidentes_2025_dag.py for tasks to queue
[2025-12-10T20:54:46.199+0000] {logging_mixin.py:188} INFO - [2025-12-10T20:54:46.199+0000] {dagbag.py:545} INFO - Filling up the DagBag from /opt/airflow/dags/acidentes_2025_dag.py
[2025-12-10T20:52:18.154+0000] {processor.py:840} INFO - DAG(s) 'acidentes_2025_dag' retrieved from /opt/airflow/dags/acidentes_2025_dag.py
[2025-12-10T20:52:18.188+0000] {logging_mixin.py:188} INFO - [2025-12-10T20:52:18.188+0000] {dag.py:3096} INFO - Sync 1 DAGs
[2025-12-10T20:52:18.223+0000] {logging_mixin.py:188} INFO - [2025-12-10T20:52:18.223+0000] {dag.py:3954} INFO - Setting next_dagrun for acidentes_2025_dag to 2025-12-10 00:00:00+00:00, run_after=2025-12-11 00:00:00+00:00
[2025-12-10T20:52:18.250+0000] {processor.py:183} INFO - Processing /opt/airflow/dags/acidentes_2025_dag.py took 0.891 seconds
[2025-12-10T20:54:54.797+0000] {processor.py:161} INFO - Started process (PID=803) to work on /opt/airflow/dags/acidentes_2025_dag.py
[2025-12-10T20:54:54.799+0000] {processor.py:830} INFO - Processing file /opt/airflow/dags/acidentes_2025_dag.py for tasks to queue
[2025-12-10T20:54:54.802+0000] {logging_mixin.py:188} INFO - [2025-12-10T20:54:54.802+0000] {dagbag.py:545} INFO - Filling up the DagBag from /opt/airflow/dags/acidentes_2025_dag.py
[2025-12-10T20:52:26.473+0000] {processor.py:840} INFO - DAG(s) 'acidentes_2025_dag' retrieved from /opt/airflow/dags/acidentes_2025_dag.py
[2025-12-10T20:52:26.493+0000] {logging_mixin.py:188} INFO - [2025-12-10T20:52:26.493+0000] {dag.py:3096} INFO - Sync 1 DAGs
[2025-12-10T20:52:26.511+0000] {logging_mixin.py:188} INFO - [2025-12-10T20:52:26.511+0000] {dag.py:3954} INFO - Setting next_dagrun for acidentes_2025_dag to 2025-12-10 00:00:00+00:00, run_after=2025-12-11 00:00:00+00:00
[2025-12-10T20:52:26.531+0000] {processor.py:183} INFO - Processing /opt/airflow/dags/acidentes_2025_dag.py took 0.645 seconds
[2025-12-10T20:55:24.966+0000] {processor.py:161} INFO - Started process (PID=809) to work on /opt/airflow/dags/acidentes_2025_dag.py
[2025-12-10T20:55:24.968+0000] {processor.py:830} INFO - Processing file /opt/airflow/dags/acidentes_2025_dag.py for tasks to queue
[2025-12-10T20:55:24.970+0000] {logging_mixin.py:188} INFO - [2025-12-10T20:55:24.970+0000] {dagbag.py:545} INFO - Filling up the DagBag from /opt/airflow/dags/acidentes_2025_dag.py
[2025-12-10T20:52:56.789+0000] {processor.py:840} INFO - DAG(s) 'acidentes_2025_dag' retrieved from /opt/airflow/dags/acidentes_2025_dag.py
[2025-12-10T20:52:56.822+0000] {logging_mixin.py:188} INFO - [2025-12-10T20:52:56.821+0000] {dag.py:3096} INFO - Sync 1 DAGs
[2025-12-10T20:52:56.856+0000] {logging_mixin.py:188} INFO - [2025-12-10T20:52:56.855+0000] {dag.py:3954} INFO - Setting next_dagrun for acidentes_2025_dag to 2025-12-10 00:00:00+00:00, run_after=2025-12-11 00:00:00+00:00
[2025-12-10T20:52:56.880+0000] {processor.py:183} INFO - Processing /opt/airflow/dags/acidentes_2025_dag.py took 0.777 seconds
[2025-12-10T20:55:40.040+0000] {processor.py:161} INFO - Started process (PID=815) to work on /opt/airflow/dags/acidentes_2025_dag.py
[2025-12-10T20:55:40.042+0000] {processor.py:830} INFO - Processing file /opt/airflow/dags/acidentes_2025_dag.py for tasks to queue
[2025-12-10T20:55:40.044+0000] {logging_mixin.py:188} INFO - [2025-12-10T20:55:40.044+0000] {dagbag.py:545} INFO - Filling up the DagBag from /opt/airflow/dags/acidentes_2025_dag.py
[2025-12-10T20:55:40.761+0000] {processor.py:840} INFO - DAG(s) 'acidentes_2025_dag' retrieved from /opt/airflow/dags/acidentes_2025_dag.py
[2025-12-10T20:55:40.784+0000] {logging_mixin.py:188} INFO - [2025-12-10T20:55:40.784+0000] {dag.py:3096} INFO - Sync 1 DAGs
[2025-12-10T20:55:40.802+0000] {logging_mixin.py:188} INFO - [2025-12-10T20:55:40.802+0000] {dag.py:3954} INFO - Setting next_dagrun for acidentes_2025_dag to 2025-12-10 00:00:00+00:00, run_after=2025-12-11 00:00:00+00:00
[2025-12-10T20:55:40.823+0000] {processor.py:183} INFO - Processing /opt/airflow/dags/acidentes_2025_dag.py took 0.795 seconds
[2025-12-10T20:53:46.343+0000] {processor.py:161} INFO - Started process (PID=821) to work on /opt/airflow/dags/acidentes_2025_dag.py
[2025-12-10T20:53:46.383+0000] {processor.py:830} INFO - Processing file /opt/airflow/dags/acidentes_2025_dag.py for tasks to queue
[2025-12-10T20:53:46.423+0000] {logging_mixin.py:188} INFO - [2025-12-10T20:53:46.422+0000] {dagbag.py:545} INFO - Filling up the DagBag from /opt/airflow/dags/acidentes_2025_dag.py
[2025-12-10T20:53:47.364+0000] {processor.py:840} INFO - DAG(s) 'acidentes_2025_dag' retrieved from /opt/airflow/dags/acidentes_2025_dag.py
[2025-12-10T20:53:47.395+0000] {logging_mixin.py:188} INFO - [2025-12-10T20:53:47.395+0000] {dag.py:3096} INFO - Sync 1 DAGs
[2025-12-10T20:53:47.422+0000] {logging_mixin.py:188} INFO - [2025-12-10T20:53:47.422+0000] {dag.py:3954} INFO - Setting next_dagrun for acidentes_2025_dag to 2025-12-10 00:00:00+00:00, run_after=2025-12-11 00:00:00+00:00
[2025-12-10T20:53:47.451+0000] {processor.py:183} INFO - Processing /opt/airflow/dags/acidentes_2025_dag.py took 1.167 seconds
[2025-12-10T20:54:17.818+0000] {processor.py:161} INFO - Started process (PID=827) to work on /opt/airflow/dags/acidentes_2025_dag.py
[2025-12-10T20:54:17.821+0000] {processor.py:830} INFO - Processing file /opt/airflow/dags/acidentes_2025_dag.py for tasks to queue
[2025-12-10T20:54:17.824+0000] {logging_mixin.py:188} INFO - [2025-12-10T20:54:17.824+0000] {dagbag.py:545} INFO - Filling up the DagBag from /opt/airflow/dags/acidentes_2025_dag.py
[2025-12-10T20:54:18.388+0000] {processor.py:840} INFO - DAG(s) 'acidentes_2025_dag' retrieved from /opt/airflow/dags/acidentes_2025_dag.py
[2025-12-10T20:54:18.407+0000] {logging_mixin.py:188} INFO - [2025-12-10T20:54:18.406+0000] {dag.py:3096} INFO - Sync 1 DAGs
[2025-12-10T20:54:18.425+0000] {logging_mixin.py:188} INFO - [2025-12-10T20:54:18.425+0000] {dag.py:3954} INFO - Setting next_dagrun for acidentes_2025_dag to 2025-12-10 00:00:00+00:00, run_after=2025-12-11 00:00:00+00:00
[2025-12-10T20:54:18.445+0000] {processor.py:183} INFO - Processing /opt/airflow/dags/acidentes_2025_dag.py took 0.639 seconds
[2025-12-10T20:54:48.780+0000] {processor.py:161} INFO - Started process (PID=833) to work on /opt/airflow/dags/acidentes_2025_dag.py
[2025-12-10T20:54:48.782+0000] {processor.py:830} INFO - Processing file /opt/airflow/dags/acidentes_2025_dag.py for tasks to queue
[2025-12-10T20:54:48.784+0000] {logging_mixin.py:188} INFO - [2025-12-10T20:54:48.784+0000] {dagbag.py:545} INFO - Filling up the DagBag from /opt/airflow/dags/acidentes_2025_dag.py
[2025-12-10T20:54:49.825+0000] {processor.py:840} INFO - DAG(s) 'acidentes_2025_dag' retrieved from /opt/airflow/dags/acidentes_2025_dag.py
[2025-12-10T20:54:49.900+0000] {logging_mixin.py:188} INFO - [2025-12-10T20:54:49.899+0000] {dag.py:3096} INFO - Sync 1 DAGs
[2025-12-10T20:54:49.935+0000] {logging_mixin.py:188} INFO - [2025-12-10T20:54:49.935+0000] {dag.py:3954} INFO - Setting next_dagrun for acidentes_2025_dag to 2025-12-10 00:00:00+00:00, run_after=2025-12-11 00:00:00+00:00
[2025-12-10T20:54:49.958+0000] {processor.py:183} INFO - Processing /opt/airflow/dags/acidentes_2025_dag.py took 1.189 seconds
[2025-12-10T20:55:17.400+0000] {processor.py:161} INFO - Started process (PID=839) to work on /opt/airflow/dags/acidentes_2025_dag.py
[2025-12-10T20:55:17.402+0000] {processor.py:830} INFO - Processing file /opt/airflow/dags/acidentes_2025_dag.py for tasks to queue
[2025-12-10T20:55:17.404+0000] {logging_mixin.py:188} INFO - [2025-12-10T20:55:17.403+0000] {dagbag.py:545} INFO - Filling up the DagBag from /opt/airflow/dags/acidentes_2025_dag.py
[2025-12-10T20:55:18.114+0000] {processor.py:840} INFO - DAG(s) 'acidentes_2025_dag' retrieved from /opt/airflow/dags/acidentes_2025_dag.py
[2025-12-10T20:55:18.135+0000] {logging_mixin.py:188} INFO - [2025-12-10T20:55:18.135+0000] {dag.py:3096} INFO - Sync 1 DAGs
[2025-12-10T20:55:18.155+0000] {logging_mixin.py:188} INFO - [2025-12-10T20:55:18.155+0000] {dag.py:3954} INFO - Setting next_dagrun for acidentes_2025_dag to 2025-12-10 00:00:00+00:00, run_after=2025-12-11 00:00:00+00:00
[2025-12-10T20:55:18.174+0000] {processor.py:183} INFO - Processing /opt/airflow/dags/acidentes_2025_dag.py took 0.788 seconds
[2025-12-10T20:58:00.280+0000] {processor.py:161} INFO - Started process (PID=845) to work on /opt/airflow/dags/acidentes_2025_dag.py
[2025-12-10T20:58:00.281+0000] {processor.py:830} INFO - Processing file /opt/airflow/dags/acidentes_2025_dag.py for tasks to queue
[2025-12-10T20:58:00.283+0000] {logging_mixin.py:188} INFO - [2025-12-10T20:58:00.283+0000] {dagbag.py:545} INFO - Filling up the DagBag from /opt/airflow/dags/acidentes_2025_dag.py
[2025-12-10T20:55:32.010+0000] {processor.py:840} INFO - DAG(s) 'acidentes_2025_dag' retrieved from /opt/airflow/dags/acidentes_2025_dag.py
[2025-12-10T20:55:32.039+0000] {logging_mixin.py:188} INFO - [2025-12-10T20:55:32.039+0000] {dag.py:3096} INFO - Sync 1 DAGs
[2025-12-10T20:55:32.060+0000] {logging_mixin.py:188} INFO - [2025-12-10T20:55:32.059+0000] {dag.py:3954} INFO - Setting next_dagrun for acidentes_2025_dag to 2025-12-10 00:00:00+00:00, run_after=2025-12-11 00:00:00+00:00
[2025-12-10T20:55:32.087+0000] {processor.py:183} INFO - Processing /opt/airflow/dags/acidentes_2025_dag.py took 0.719 seconds
[2025-12-10T20:58:05.330+0000] {processor.py:161} INFO - Started process (PID=851) to work on /opt/airflow/dags/acidentes_2025_dag.py
[2025-12-10T20:58:05.331+0000] {processor.py:830} INFO - Processing file /opt/airflow/dags/acidentes_2025_dag.py for tasks to queue
[2025-12-10T20:58:05.333+0000] {logging_mixin.py:188} INFO - [2025-12-10T20:58:05.333+0000] {dagbag.py:545} INFO - Filling up the DagBag from /opt/airflow/dags/acidentes_2025_dag.py
[2025-12-10T20:55:37.090+0000] {processor.py:840} INFO - DAG(s) 'acidentes_2025_dag' retrieved from /opt/airflow/dags/acidentes_2025_dag.py
[2025-12-10T20:55:37.118+0000] {logging_mixin.py:188} INFO - [2025-12-10T20:55:37.118+0000] {dag.py:3096} INFO - Sync 1 DAGs
[2025-12-10T20:55:37.144+0000] {logging_mixin.py:188} INFO - [2025-12-10T20:55:37.144+0000] {dag.py:3954} INFO - Setting next_dagrun for acidentes_2025_dag to 2025-12-10 00:00:00+00:00, run_after=2025-12-11 00:00:00+00:00
[2025-12-10T20:55:37.165+0000] {processor.py:183} INFO - Processing /opt/airflow/dags/acidentes_2025_dag.py took 0.717 seconds
[2025-12-10T20:58:16.221+0000] {processor.py:161} INFO - Started process (PID=857) to work on /opt/airflow/dags/acidentes_2025_dag.py
[2025-12-10T20:58:16.222+0000] {processor.py:830} INFO - Processing file /opt/airflow/dags/acidentes_2025_dag.py for tasks to queue
[2025-12-10T20:58:16.224+0000] {logging_mixin.py:188} INFO - [2025-12-10T20:58:16.224+0000] {dagbag.py:545} INFO - Filling up the DagBag from /opt/airflow/dags/acidentes_2025_dag.py
[2025-12-10T20:55:48.075+0000] {processor.py:840} INFO - DAG(s) 'acidentes_2025_dag' retrieved from /opt/airflow/dags/acidentes_2025_dag.py
[2025-12-10T20:55:48.100+0000] {logging_mixin.py:188} INFO - [2025-12-10T20:55:48.100+0000] {dag.py:3096} INFO - Sync 1 DAGs
[2025-12-10T20:55:48.121+0000] {logging_mixin.py:188} INFO - [2025-12-10T20:55:48.121+0000] {dag.py:3954} INFO - Setting next_dagrun for acidentes_2025_dag to 2025-12-10 00:00:00+00:00, run_after=2025-12-11 00:00:00+00:00
[2025-12-10T20:55:48.144+0000] {processor.py:183} INFO - Processing /opt/airflow/dags/acidentes_2025_dag.py took 0.838 seconds
[2025-12-10T20:58:25.312+0000] {processor.py:161} INFO - Started process (PID=863) to work on /opt/airflow/dags/acidentes_2025_dag.py
[2025-12-10T20:58:25.314+0000] {processor.py:830} INFO - Processing file /opt/airflow/dags/acidentes_2025_dag.py for tasks to queue
[2025-12-10T20:58:25.316+0000] {logging_mixin.py:188} INFO - [2025-12-10T20:58:25.316+0000] {dagbag.py:545} INFO - Filling up the DagBag from /opt/airflow/dags/acidentes_2025_dag.py
[2025-12-10T20:55:57.265+0000] {processor.py:840} INFO - DAG(s) 'acidentes_2025_dag' retrieved from /opt/airflow/dags/acidentes_2025_dag.py
[2025-12-10T20:55:57.293+0000] {logging_mixin.py:188} INFO - [2025-12-10T20:55:57.293+0000] {dag.py:3096} INFO - Sync 1 DAGs
[2025-12-10T20:55:57.316+0000] {logging_mixin.py:188} INFO - [2025-12-10T20:55:57.316+0000] {dag.py:3954} INFO - Setting next_dagrun for acidentes_2025_dag to 2025-12-10 00:00:00+00:00, run_after=2025-12-11 00:00:00+00:00
[2025-12-10T20:55:57.353+0000] {processor.py:183} INFO - Processing /opt/airflow/dags/acidentes_2025_dag.py took 0.953 seconds
[2025-12-10T20:58:30.432+0000] {processor.py:161} INFO - Started process (PID=869) to work on /opt/airflow/dags/acidentes_2025_dag.py
[2025-12-10T20:58:30.435+0000] {processor.py:830} INFO - Processing file /opt/airflow/dags/acidentes_2025_dag.py for tasks to queue
[2025-12-10T20:58:30.441+0000] {logging_mixin.py:188} INFO - [2025-12-10T20:58:30.440+0000] {dagbag.py:545} INFO - Filling up the DagBag from /opt/airflow/dags/acidentes_2025_dag.py
[2025-12-10T20:56:02.527+0000] {processor.py:840} INFO - DAG(s) 'acidentes_2025_dag' retrieved from /opt/airflow/dags/acidentes_2025_dag.py
[2025-12-10T20:56:02.559+0000] {logging_mixin.py:188} INFO - [2025-12-10T20:56:02.559+0000] {dag.py:3096} INFO - Sync 1 DAGs
[2025-12-10T20:56:02.600+0000] {logging_mixin.py:188} INFO - [2025-12-10T20:56:02.600+0000] {dag.py:3954} INFO - Setting next_dagrun for acidentes_2025_dag to 2025-12-10 00:00:00+00:00, run_after=2025-12-11 00:00:00+00:00
[2025-12-10T20:56:02.624+0000] {processor.py:183} INFO - Processing /opt/airflow/dags/acidentes_2025_dag.py took 1.112 seconds
[2025-12-10T20:56:32.990+0000] {processor.py:161} INFO - Started process (PID=875) to work on /opt/airflow/dags/acidentes_2025_dag.py
[2025-12-10T20:56:32.992+0000] {processor.py:830} INFO - Processing file /opt/airflow/dags/acidentes_2025_dag.py for tasks to queue
[2025-12-10T20:56:32.997+0000] {logging_mixin.py:188} INFO - [2025-12-10T20:56:32.996+0000] {dagbag.py:545} INFO - Filling up the DagBag from /opt/airflow/dags/acidentes_2025_dag.py
[2025-12-10T20:56:33.813+0000] {processor.py:840} INFO - DAG(s) 'acidentes_2025_dag' retrieved from /opt/airflow/dags/acidentes_2025_dag.py
[2025-12-10T20:56:33.850+0000] {logging_mixin.py:188} INFO - [2025-12-10T20:56:33.850+0000] {dag.py:3096} INFO - Sync 1 DAGs
[2025-12-10T20:56:33.870+0000] {logging_mixin.py:188} INFO - [2025-12-10T20:56:33.870+0000] {dag.py:3954} INFO - Setting next_dagrun for acidentes_2025_dag to 2025-12-10 00:00:00+00:00, run_after=2025-12-11 00:00:00+00:00
[2025-12-10T20:56:33.889+0000] {processor.py:183} INFO - Processing /opt/airflow/dags/acidentes_2025_dag.py took 0.927 seconds
[2025-12-10T20:57:04.323+0000] {processor.py:161} INFO - Started process (PID=881) to work on /opt/airflow/dags/acidentes_2025_dag.py
[2025-12-10T20:57:04.324+0000] {processor.py:830} INFO - Processing file /opt/airflow/dags/acidentes_2025_dag.py for tasks to queue
[2025-12-10T20:57:04.326+0000] {logging_mixin.py:188} INFO - [2025-12-10T20:57:04.325+0000] {dagbag.py:545} INFO - Filling up the DagBag from /opt/airflow/dags/acidentes_2025_dag.py
[2025-12-10T20:57:04.991+0000] {processor.py:840} INFO - DAG(s) 'acidentes_2025_dag' retrieved from /opt/airflow/dags/acidentes_2025_dag.py
[2025-12-10T20:57:05.020+0000] {logging_mixin.py:188} INFO - [2025-12-10T20:57:05.020+0000] {dag.py:3096} INFO - Sync 1 DAGs
[2025-12-10T20:57:05.057+0000] {logging_mixin.py:188} INFO - [2025-12-10T20:57:05.056+0000] {dag.py:3954} INFO - Setting next_dagrun for acidentes_2025_dag to 2025-12-10 00:00:00+00:00, run_after=2025-12-11 00:00:00+00:00
[2025-12-10T20:57:05.424+0000] {processor.py:183} INFO - Processing /opt/airflow/dags/acidentes_2025_dag.py took 1.110 seconds
[2025-12-10T20:59:40.453+0000] {processor.py:161} INFO - Started process (PID=887) to work on /opt/airflow/dags/acidentes_2025_dag.py
[2025-12-10T20:59:40.455+0000] {processor.py:830} INFO - Processing file /opt/airflow/dags/acidentes_2025_dag.py for tasks to queue
[2025-12-10T20:59:40.457+0000] {logging_mixin.py:188} INFO - [2025-12-10T20:59:40.457+0000] {dagbag.py:545} INFO - Filling up the DagBag from /opt/airflow/dags/acidentes_2025_dag.py
[2025-12-10T20:57:12.447+0000] {processor.py:840} INFO - DAG(s) 'acidentes_2025_dag' retrieved from /opt/airflow/dags/acidentes_2025_dag.py
[2025-12-10T20:57:12.468+0000] {logging_mixin.py:188} INFO - [2025-12-10T20:57:12.468+0000] {dag.py:3096} INFO - Sync 1 DAGs
[2025-12-10T20:57:12.486+0000] {logging_mixin.py:188} INFO - [2025-12-10T20:57:12.486+0000] {dag.py:3954} INFO - Setting next_dagrun for acidentes_2025_dag to 2025-12-10 00:00:00+00:00, run_after=2025-12-11 00:00:00+00:00
[2025-12-10T20:57:12.505+0000] {processor.py:183} INFO - Processing /opt/airflow/dags/acidentes_2025_dag.py took 0.962 seconds
[2025-12-10T20:59:45.513+0000] {processor.py:161} INFO - Started process (PID=893) to work on /opt/airflow/dags/acidentes_2025_dag.py
[2025-12-10T20:59:45.515+0000] {processor.py:830} INFO - Processing file /opt/airflow/dags/acidentes_2025_dag.py for tasks to queue
[2025-12-10T20:59:45.517+0000] {logging_mixin.py:188} INFO - [2025-12-10T20:59:45.517+0000] {dagbag.py:545} INFO - Filling up the DagBag from /opt/airflow/dags/acidentes_2025_dag.py
[2025-12-10T20:57:17.173+0000] {processor.py:840} INFO - DAG(s) 'acidentes_2025_dag' retrieved from /opt/airflow/dags/acidentes_2025_dag.py
[2025-12-10T20:59:46.103+0000] {logging_mixin.py:188} INFO - [2025-12-10T20:59:46.103+0000] {dag.py:3096} INFO - Sync 1 DAGs
[2025-12-10T20:59:46.124+0000] {logging_mixin.py:188} INFO - [2025-12-10T20:59:46.124+0000] {dag.py:3954} INFO - Setting next_dagrun for acidentes_2025_dag to 2025-12-10 00:00:00+00:00, run_after=2025-12-11 00:00:00+00:00
[2025-12-10T20:59:46.148+0000] {processor.py:183} INFO - Processing /opt/airflow/dags/acidentes_2025_dag.py took 0.644 seconds
[2025-12-10T20:57:47.587+0000] {processor.py:161} INFO - Started process (PID=899) to work on /opt/airflow/dags/acidentes_2025_dag.py
[2025-12-10T20:57:47.590+0000] {processor.py:830} INFO - Processing file /opt/airflow/dags/acidentes_2025_dag.py for tasks to queue
[2025-12-10T20:57:47.594+0000] {logging_mixin.py:188} INFO - [2025-12-10T20:57:47.593+0000] {dagbag.py:545} INFO - Filling up the DagBag from /opt/airflow/dags/acidentes_2025_dag.py
[2025-12-10T20:57:48.173+0000] {processor.py:840} INFO - DAG(s) 'acidentes_2025_dag' retrieved from /opt/airflow/dags/acidentes_2025_dag.py
[2025-12-10T20:57:48.192+0000] {logging_mixin.py:188} INFO - [2025-12-10T20:57:48.192+0000] {dag.py:3096} INFO - Sync 1 DAGs
[2025-12-10T20:57:48.209+0000] {logging_mixin.py:188} INFO - [2025-12-10T20:57:48.208+0000] {dag.py:3954} INFO - Setting next_dagrun for acidentes_2025_dag to 2025-12-10 00:00:00+00:00, run_after=2025-12-11 00:00:00+00:00
[2025-12-10T20:57:48.225+0000] {processor.py:183} INFO - Processing /opt/airflow/dags/acidentes_2025_dag.py took 0.666 seconds
[2025-12-10T20:58:18.628+0000] {processor.py:161} INFO - Started process (PID=905) to work on /opt/airflow/dags/acidentes_2025_dag.py
[2025-12-10T20:58:18.629+0000] {processor.py:830} INFO - Processing file /opt/airflow/dags/acidentes_2025_dag.py for tasks to queue
[2025-12-10T20:58:18.633+0000] {logging_mixin.py:188} INFO - [2025-12-10T20:58:18.632+0000] {dagbag.py:545} INFO - Filling up the DagBag from /opt/airflow/dags/acidentes_2025_dag.py
[2025-12-10T20:58:19.664+0000] {processor.py:840} INFO - DAG(s) 'acidentes_2025_dag' retrieved from /opt/airflow/dags/acidentes_2025_dag.py
[2025-12-10T20:58:19.689+0000] {logging_mixin.py:188} INFO - [2025-12-10T20:58:19.689+0000] {dag.py:3096} INFO - Sync 1 DAGs
[2025-12-10T20:58:19.722+0000] {logging_mixin.py:188} INFO - [2025-12-10T20:58:19.722+0000] {dag.py:3954} INFO - Setting next_dagrun for acidentes_2025_dag to 2025-12-10 00:00:00+00:00, run_after=2025-12-11 00:00:00+00:00
[2025-12-10T20:58:19.779+0000] {processor.py:183} INFO - Processing /opt/airflow/dags/acidentes_2025_dag.py took 1.168 seconds
[2025-12-10T21:00:55.606+0000] {processor.py:161} INFO - Started process (PID=911) to work on /opt/airflow/dags/acidentes_2025_dag.py
[2025-12-10T21:00:55.609+0000] {processor.py:830} INFO - Processing file /opt/airflow/dags/acidentes_2025_dag.py for tasks to queue
[2025-12-10T21:00:55.614+0000] {logging_mixin.py:188} INFO - [2025-12-10T21:00:55.614+0000] {dagbag.py:545} INFO - Filling up the DagBag from /opt/airflow/dags/acidentes_2025_dag.py
[2025-12-10T20:58:27.330+0000] {processor.py:840} INFO - DAG(s) 'acidentes_2025_dag' retrieved from /opt/airflow/dags/acidentes_2025_dag.py
[2025-12-10T20:58:27.350+0000] {logging_mixin.py:188} INFO - [2025-12-10T20:58:27.349+0000] {dag.py:3096} INFO - Sync 1 DAGs
[2025-12-10T20:58:27.369+0000] {logging_mixin.py:188} INFO - [2025-12-10T20:58:27.369+0000] {dag.py:3954} INFO - Setting next_dagrun for acidentes_2025_dag to 2025-12-10 00:00:00+00:00, run_after=2025-12-11 00:00:00+00:00
[2025-12-10T20:58:27.398+0000] {processor.py:183} INFO - Processing /opt/airflow/dags/acidentes_2025_dag.py took 0.701 seconds
[2025-12-10T20:58:42.048+0000] {processor.py:161} INFO - Started process (PID=917) to work on /opt/airflow/dags/acidentes_2025_dag.py
[2025-12-10T20:58:42.049+0000] {processor.py:830} INFO - Processing file /opt/airflow/dags/acidentes_2025_dag.py for tasks to queue
[2025-12-10T20:58:42.052+0000] {logging_mixin.py:188} INFO - [2025-12-10T20:58:42.051+0000] {dagbag.py:545} INFO - Filling up the DagBag from /opt/airflow/dags/acidentes_2025_dag.py
[2025-12-10T20:58:42.714+0000] {processor.py:840} INFO - DAG(s) 'acidentes_2025_dag' retrieved from /opt/airflow/dags/acidentes_2025_dag.py
[2025-12-10T20:58:42.740+0000] {logging_mixin.py:188} INFO - [2025-12-10T20:58:42.739+0000] {dag.py:3096} INFO - Sync 1 DAGs
[2025-12-10T20:58:42.767+0000] {logging_mixin.py:188} INFO - [2025-12-10T20:58:42.767+0000] {dag.py:3954} INFO - Setting next_dagrun for acidentes_2025_dag to 2025-12-10 00:00:00+00:00, run_after=2025-12-11 00:00:00+00:00
[2025-12-10T20:58:42.786+0000] {processor.py:183} INFO - Processing /opt/airflow/dags/acidentes_2025_dag.py took 0.749 seconds
[2025-12-10T20:58:46.882+0000] {processor.py:161} INFO - Started process (PID=923) to work on /opt/airflow/dags/acidentes_2025_dag.py
[2025-12-10T20:58:46.884+0000] {processor.py:830} INFO - Processing file /opt/airflow/dags/acidentes_2025_dag.py for tasks to queue
[2025-12-10T20:58:46.887+0000] {logging_mixin.py:188} INFO - [2025-12-10T20:58:46.886+0000] {dagbag.py:545} INFO - Filling up the DagBag from /opt/airflow/dags/acidentes_2025_dag.py
[2025-12-10T20:58:47.509+0000] {processor.py:840} INFO - DAG(s) 'acidentes_2025_dag' retrieved from /opt/airflow/dags/acidentes_2025_dag.py
[2025-12-10T20:58:47.536+0000] {logging_mixin.py:188} INFO - [2025-12-10T20:58:47.536+0000] {dag.py:3096} INFO - Sync 1 DAGs
[2025-12-10T20:58:47.558+0000] {logging_mixin.py:188} INFO - [2025-12-10T20:58:47.558+0000] {dag.py:3954} INFO - Setting next_dagrun for acidentes_2025_dag to 2025-12-10 00:00:00+00:00, run_after=2025-12-11 00:00:00+00:00
[2025-12-10T20:58:47.583+0000] {processor.py:183} INFO - Processing /opt/airflow/dags/acidentes_2025_dag.py took 0.719 seconds
[2025-12-10T21:01:26.608+0000] {processor.py:161} INFO - Started process (PID=929) to work on /opt/airflow/dags/acidentes_2025_dag.py
[2025-12-10T21:01:26.609+0000] {processor.py:830} INFO - Processing file /opt/airflow/dags/acidentes_2025_dag.py for tasks to queue
[2025-12-10T21:01:26.612+0000] {logging_mixin.py:188} INFO - [2025-12-10T21:01:26.612+0000] {dagbag.py:545} INFO - Filling up the DagBag from /opt/airflow/dags/acidentes_2025_dag.py
[2025-12-10T20:58:58.843+0000] {processor.py:840} INFO - DAG(s) 'acidentes_2025_dag' retrieved from /opt/airflow/dags/acidentes_2025_dag.py
[2025-12-10T20:58:58.863+0000] {logging_mixin.py:188} INFO - [2025-12-10T20:58:58.863+0000] {dag.py:3096} INFO - Sync 1 DAGs
[2025-12-10T20:58:58.886+0000] {logging_mixin.py:188} INFO - [2025-12-10T20:58:58.886+0000] {dag.py:3954} INFO - Setting next_dagrun for acidentes_2025_dag to 2025-12-10 00:00:00+00:00, run_after=2025-12-11 00:00:00+00:00
[2025-12-10T20:58:58.906+0000] {processor.py:183} INFO - Processing /opt/airflow/dags/acidentes_2025_dag.py took 0.635 seconds
[2025-12-10T21:01:30.776+0000] {processor.py:161} INFO - Started process (PID=935) to work on /opt/airflow/dags/acidentes_2025_dag.py
[2025-12-10T21:01:30.778+0000] {processor.py:830} INFO - Processing file /opt/airflow/dags/acidentes_2025_dag.py for tasks to queue
[2025-12-10T21:01:30.781+0000] {logging_mixin.py:188} INFO - [2025-12-10T21:01:30.781+0000] {dagbag.py:545} INFO - Filling up the DagBag from /opt/airflow/dags/acidentes_2025_dag.py
[2025-12-10T20:59:02.480+0000] {processor.py:840} INFO - DAG(s) 'acidentes_2025_dag' retrieved from /opt/airflow/dags/acidentes_2025_dag.py
[2025-12-10T20:59:02.502+0000] {logging_mixin.py:188} INFO - [2025-12-10T20:59:02.502+0000] {dag.py:3096} INFO - Sync 1 DAGs
[2025-12-10T20:59:02.521+0000] {logging_mixin.py:188} INFO - [2025-12-10T20:59:02.521+0000] {dag.py:3954} INFO - Setting next_dagrun for acidentes_2025_dag to 2025-12-10 00:00:00+00:00, run_after=2025-12-11 00:00:00+00:00
[2025-12-10T20:59:02.551+0000] {processor.py:183} INFO - Processing /opt/airflow/dags/acidentes_2025_dag.py took 0.683 seconds
[2025-12-10T21:01:55.720+0000] {processor.py:161} INFO - Started process (PID=941) to work on /opt/airflow/dags/acidentes_2025_dag.py
[2025-12-10T21:01:55.726+0000] {processor.py:830} INFO - Processing file /opt/airflow/dags/acidentes_2025_dag.py for tasks to queue
[2025-12-10T21:01:55.730+0000] {logging_mixin.py:188} INFO - [2025-12-10T21:01:55.729+0000] {dagbag.py:545} INFO - Filling up the DagBag from /opt/airflow/dags/acidentes_2025_dag.py
[2025-12-10T20:59:27.697+0000] {processor.py:840} INFO - DAG(s) 'acidentes_2025_dag' retrieved from /opt/airflow/dags/acidentes_2025_dag.py
[2025-12-10T20:59:27.721+0000] {logging_mixin.py:188} INFO - [2025-12-10T20:59:27.721+0000] {dag.py:3096} INFO - Sync 1 DAGs
[2025-12-10T20:59:27.740+0000] {logging_mixin.py:188} INFO - [2025-12-10T20:59:27.740+0000] {dag.py:3954} INFO - Setting next_dagrun for acidentes_2025_dag to 2025-12-10 00:00:00+00:00, run_after=2025-12-11 00:00:00+00:00
[2025-12-10T20:59:27.762+0000] {processor.py:183} INFO - Processing /opt/airflow/dags/acidentes_2025_dag.py took 0.991 seconds
