[2025-12-11T23:59:48.756+0000] {processor.py:161} INFO - Started process (PID=205) to work on /opt/airflow/dags/acidentes_2025_dag.py
[2025-12-11T23:59:48.758+0000] {processor.py:830} INFO - Processing file /opt/airflow/dags/acidentes_2025_dag.py for tasks to queue
[2025-12-11T23:59:48.798+0000] {logging_mixin.py:188} INFO - [2025-12-11T23:59:48.790+0000] {dagbag.py:545} INFO - Filling up the DagBag from /opt/airflow/dags/acidentes_2025_dag.py
[2025-12-11T23:59:48.906+0000] {logging_mixin.py:188} INFO - [2025-12-11T23:59:48.889+0000] {dagbag.py:355} ERROR - Failed to import: /opt/airflow/dags/acidentes_2025_dag.py
Traceback (most recent call last):
  File "/home/airflow/.local/lib/python3.12/site-packages/airflow/models/dagbag.py", line 351, in parse
    loader.exec_module(new_module)
  File "<frozen importlib._bootstrap_external>", line 995, in exec_module
  File "<frozen importlib._bootstrap>", line 488, in _call_with_frames_removed
  File "/opt/airflow/dags/acidentes_2025_dag.py", line 9, in <module>
    from minio import Minio
ModuleNotFoundError: No module named 'minio'
[2025-12-11T23:59:48.912+0000] {processor.py:842} WARNING - No viable dags retrieved from /opt/airflow/dags/acidentes_2025_dag.py
[2025-12-11T23:59:49.213+0000] {processor.py:183} INFO - Processing /opt/airflow/dags/acidentes_2025_dag.py took 0.477 seconds
[2025-12-12T00:02:21.304+0000] {processor.py:161} INFO - Started process (PID=210) to work on /opt/airflow/dags/acidentes_2025_dag.py
[2025-12-12T00:02:21.305+0000] {processor.py:830} INFO - Processing file /opt/airflow/dags/acidentes_2025_dag.py for tasks to queue
[2025-12-12T00:02:21.309+0000] {logging_mixin.py:188} INFO - [2025-12-12T00:02:21.308+0000] {dagbag.py:545} INFO - Filling up the DagBag from /opt/airflow/dags/acidentes_2025_dag.py
[2025-12-11T23:59:52.381+0000] {logging_mixin.py:188} INFO - [2025-12-11T23:59:52.373+0000] {dagbag.py:355} ERROR - Failed to import: /opt/airflow/dags/acidentes_2025_dag.py
Traceback (most recent call last):
  File "/home/airflow/.local/lib/python3.12/site-packages/airflow/models/dagbag.py", line 351, in parse
    loader.exec_module(new_module)
  File "<frozen importlib._bootstrap_external>", line 995, in exec_module
  File "<frozen importlib._bootstrap>", line 488, in _call_with_frames_removed
  File "/opt/airflow/dags/acidentes_2025_dag.py", line 9, in <module>
    from minio import Minio
ModuleNotFoundError: No module named 'minio'
[2025-12-11T23:59:52.384+0000] {processor.py:842} WARNING - No viable dags retrieved from /opt/airflow/dags/acidentes_2025_dag.py
[2025-12-11T23:59:52.540+0000] {processor.py:183} INFO - Processing /opt/airflow/dags/acidentes_2025_dag.py took 0.199 seconds
[2025-12-12T00:02:26.334+0000] {processor.py:161} INFO - Started process (PID=215) to work on /opt/airflow/dags/acidentes_2025_dag.py
[2025-12-12T00:02:26.337+0000] {processor.py:830} INFO - Processing file /opt/airflow/dags/acidentes_2025_dag.py for tasks to queue
[2025-12-12T00:02:26.342+0000] {logging_mixin.py:188} INFO - [2025-12-12T00:02:26.341+0000] {dagbag.py:545} INFO - Filling up the DagBag from /opt/airflow/dags/acidentes_2025_dag.py
[2025-12-12T00:02:26.408+0000] {logging_mixin.py:188} INFO - [2025-12-12T00:02:26.396+0000] {dagbag.py:355} ERROR - Failed to import: /opt/airflow/dags/acidentes_2025_dag.py
Traceback (most recent call last):
  File "/home/airflow/.local/lib/python3.12/site-packages/airflow/models/dagbag.py", line 351, in parse
    loader.exec_module(new_module)
  File "<frozen importlib._bootstrap_external>", line 995, in exec_module
  File "<frozen importlib._bootstrap>", line 488, in _call_with_frames_removed
  File "/opt/airflow/dags/acidentes_2025_dag.py", line 9, in <module>
    from minio import Minio
ModuleNotFoundError: No module named 'minio'
[2025-12-12T00:02:26.411+0000] {processor.py:842} WARNING - No viable dags retrieved from /opt/airflow/dags/acidentes_2025_dag.py
[2025-12-11T23:59:57.782+0000] {processor.py:183} INFO - Processing /opt/airflow/dags/acidentes_2025_dag.py took 0.381 seconds
[2025-12-12T00:02:51.921+0000] {processor.py:161} INFO - Started process (PID=247) to work on /opt/airflow/dags/acidentes_2025_dag.py
[2025-12-12T00:02:51.923+0000] {processor.py:830} INFO - Processing file /opt/airflow/dags/acidentes_2025_dag.py for tasks to queue
[2025-12-12T00:02:51.929+0000] {logging_mixin.py:188} INFO - [2025-12-12T00:02:51.928+0000] {dagbag.py:545} INFO - Filling up the DagBag from /opt/airflow/dags/acidentes_2025_dag.py
[2025-12-12T00:00:30.727+0000] {processor.py:840} INFO - DAG(s) 'acidentes_2025_dag' retrieved from /opt/airflow/dags/acidentes_2025_dag.py
[2025-12-12T00:00:31.193+0000] {logging_mixin.py:188} INFO - [2025-12-12T00:00:31.192+0000] {override.py:1829} INFO - Created Permission View: can delete on DAG:acidentes_2025_dag
[2025-12-12T00:00:31.205+0000] {logging_mixin.py:188} INFO - [2025-12-12T00:00:31.205+0000] {override.py:1829} INFO - Created Permission View: can edit on DAG:acidentes_2025_dag
[2025-12-12T00:00:31.211+0000] {logging_mixin.py:188} INFO - [2025-12-12T00:00:31.211+0000] {override.py:1829} INFO - Created Permission View: can read on DAG:acidentes_2025_dag
[2025-12-12T00:00:31.212+0000] {logging_mixin.py:188} INFO - [2025-12-12T00:00:31.212+0000] {dag.py:3096} INFO - Sync 1 DAGs
[2025-12-12T00:00:31.231+0000] {logging_mixin.py:188} INFO - [2025-12-12T00:00:31.230+0000] {dag.py:3118} INFO - Creating ORM DAG for acidentes_2025_dag
[2025-12-12T00:00:31.251+0000] {logging_mixin.py:188} INFO - [2025-12-12T00:00:31.251+0000] {dag.py:3954} INFO - Setting next_dagrun for acidentes_2025_dag to 2025-12-11 00:00:00+00:00, run_after=2025-12-12 00:00:00+00:00
[2025-12-12T00:00:31.287+0000] {processor.py:183} INFO - Processing /opt/airflow/dags/acidentes_2025_dag.py took 8.331 seconds
[2025-12-12T00:03:01.361+0000] {processor.py:161} INFO - Started process (PID=253) to work on /opt/airflow/dags/acidentes_2025_dag.py
[2025-12-12T00:03:01.365+0000] {processor.py:830} INFO - Processing file /opt/airflow/dags/acidentes_2025_dag.py for tasks to queue
[2025-12-12T00:03:01.368+0000] {logging_mixin.py:188} INFO - [2025-12-12T00:03:01.367+0000] {dagbag.py:545} INFO - Filling up the DagBag from /opt/airflow/dags/acidentes_2025_dag.py
[2025-12-12T00:00:33.684+0000] {processor.py:840} INFO - DAG(s) 'acidentes_2025_dag' retrieved from /opt/airflow/dags/acidentes_2025_dag.py
[2025-12-12T00:00:33.717+0000] {logging_mixin.py:188} INFO - [2025-12-12T00:00:33.715+0000] {dag.py:3096} INFO - Sync 1 DAGs
[2025-12-12T00:00:33.809+0000] {logging_mixin.py:188} INFO - [2025-12-12T00:00:33.808+0000] {dag.py:3954} INFO - Setting next_dagrun for acidentes_2025_dag to 2025-12-11 00:00:00+00:00, run_after=2025-12-12 00:00:00+00:00
[2025-12-12T00:00:33.870+0000] {processor.py:183} INFO - Processing /opt/airflow/dags/acidentes_2025_dag.py took 1.479 seconds
[2025-12-12T00:00:37.502+0000] {processor.py:161} INFO - Started process (PID=259) to work on /opt/airflow/dags/acidentes_2025_dag.py
[2025-12-12T00:00:37.504+0000] {processor.py:830} INFO - Processing file /opt/airflow/dags/acidentes_2025_dag.py for tasks to queue
[2025-12-12T00:00:37.511+0000] {logging_mixin.py:188} INFO - [2025-12-12T00:00:37.508+0000] {dagbag.py:545} INFO - Filling up the DagBag from /opt/airflow/dags/acidentes_2025_dag.py
[2025-12-12T00:03:11.546+0000] {processor.py:840} INFO - DAG(s) 'acidentes_2025_dag' retrieved from /opt/airflow/dags/acidentes_2025_dag.py
[2025-12-12T00:00:42.613+0000] {logging_mixin.py:188} INFO - [2025-12-12T00:00:42.612+0000] {dag.py:3096} INFO - Sync 1 DAGs
[2025-12-12T00:00:42.668+0000] {logging_mixin.py:188} INFO - [2025-12-12T00:00:42.667+0000] {dag.py:3954} INFO - Setting next_dagrun for acidentes_2025_dag to 2025-12-11 00:00:00+00:00, run_after=2025-12-12 00:00:00+00:00
[2025-12-12T00:00:42.745+0000] {processor.py:183} INFO - Processing /opt/airflow/dags/acidentes_2025_dag.py took 5.312 seconds
[2025-12-12T00:03:36.717+0000] {processor.py:161} INFO - Started process (PID=274) to work on /opt/airflow/dags/acidentes_2025_dag.py
[2025-12-12T00:03:36.718+0000] {processor.py:830} INFO - Processing file /opt/airflow/dags/acidentes_2025_dag.py for tasks to queue
[2025-12-12T00:03:36.721+0000] {logging_mixin.py:188} INFO - [2025-12-12T00:03:36.720+0000] {dagbag.py:545} INFO - Filling up the DagBag from /opt/airflow/dags/acidentes_2025_dag.py
[2025-12-12T00:03:37.563+0000] {processor.py:840} INFO - DAG(s) 'acidentes_2025_dag' retrieved from /opt/airflow/dags/acidentes_2025_dag.py
[2025-12-12T00:03:37.642+0000] {logging_mixin.py:188} INFO - [2025-12-12T00:03:37.641+0000] {dag.py:3096} INFO - Sync 1 DAGs
[2025-12-12T00:03:37.658+0000] {logging_mixin.py:188} INFO - [2025-12-12T00:03:37.657+0000] {dag.py:3954} INFO - Setting next_dagrun for acidentes_2025_dag to 2025-12-11 00:00:00+00:00, run_after=2025-12-12 00:00:00+00:00
[2025-12-12T00:03:37.679+0000] {processor.py:183} INFO - Processing /opt/airflow/dags/acidentes_2025_dag.py took 0.984 seconds
[2025-12-12T00:02:52.783+0000] {processor.py:161} INFO - Started process (PID=280) to work on /opt/airflow/dags/acidentes_2025_dag.py
[2025-12-12T00:02:52.786+0000] {processor.py:830} INFO - Processing file /opt/airflow/dags/acidentes_2025_dag.py for tasks to queue
[2025-12-12T00:02:52.798+0000] {logging_mixin.py:188} INFO - [2025-12-12T00:02:52.796+0000] {dagbag.py:545} INFO - Filling up the DagBag from /opt/airflow/dags/acidentes_2025_dag.py
[2025-12-12T00:02:54.031+0000] {processor.py:840} INFO - DAG(s) 'acidentes_2025_dag' retrieved from /opt/airflow/dags/acidentes_2025_dag.py
[2025-12-12T00:02:54.061+0000] {logging_mixin.py:188} INFO - [2025-12-12T00:02:54.060+0000] {dag.py:3096} INFO - Sync 1 DAGs
[2025-12-12T00:02:54.102+0000] {logging_mixin.py:188} INFO - [2025-12-12T00:02:54.102+0000] {dag.py:3954} INFO - Setting next_dagrun for acidentes_2025_dag to 2025-12-11 00:00:00+00:00, run_after=2025-12-12 00:00:00+00:00
[2025-12-12T00:02:54.136+0000] {processor.py:183} INFO - Processing /opt/airflow/dags/acidentes_2025_dag.py took 1.422 seconds
[2025-12-12T00:02:57.774+0000] {processor.py:161} INFO - Started process (PID=286) to work on /opt/airflow/dags/acidentes_2025_dag.py
[2025-12-12T00:02:57.775+0000] {processor.py:830} INFO - Processing file /opt/airflow/dags/acidentes_2025_dag.py for tasks to queue
[2025-12-12T00:02:57.778+0000] {logging_mixin.py:188} INFO - [2025-12-12T00:02:57.777+0000] {dagbag.py:545} INFO - Filling up the DagBag from /opt/airflow/dags/acidentes_2025_dag.py
[2025-12-12T00:02:58.467+0000] {processor.py:840} INFO - DAG(s) 'acidentes_2025_dag' retrieved from /opt/airflow/dags/acidentes_2025_dag.py
[2025-12-12T00:02:58.477+0000] {logging_mixin.py:188} INFO - [2025-12-12T00:02:58.477+0000] {dag.py:3096} INFO - Sync 1 DAGs
[2025-12-12T00:02:58.494+0000] {logging_mixin.py:188} INFO - [2025-12-12T00:02:58.493+0000] {dag.py:3954} INFO - Setting next_dagrun for acidentes_2025_dag to 2025-12-11 00:00:00+00:00, run_after=2025-12-12 00:00:00+00:00
[2025-12-12T00:02:58.513+0000] {processor.py:183} INFO - Processing /opt/airflow/dags/acidentes_2025_dag.py took 0.754 seconds
[2025-12-12T00:05:46.702+0000] {processor.py:161} INFO - Started process (PID=292) to work on /opt/airflow/dags/acidentes_2025_dag.py
[2025-12-12T00:05:46.704+0000] {processor.py:830} INFO - Processing file /opt/airflow/dags/acidentes_2025_dag.py for tasks to queue
[2025-12-12T00:05:46.707+0000] {logging_mixin.py:188} INFO - [2025-12-12T00:05:46.706+0000] {dagbag.py:545} INFO - Filling up the DagBag from /opt/airflow/dags/acidentes_2025_dag.py
[2025-12-12T00:05:47.604+0000] {processor.py:840} INFO - DAG(s) 'acidentes_2025_dag' retrieved from /opt/airflow/dags/acidentes_2025_dag.py
[2025-12-12T00:03:19.003+0000] {logging_mixin.py:188} INFO - [2025-12-12T00:03:19.002+0000] {dag.py:3096} INFO - Sync 1 DAGs
[2025-12-12T00:03:19.037+0000] {logging_mixin.py:188} INFO - [2025-12-12T00:03:19.037+0000] {dag.py:3954} INFO - Setting next_dagrun for acidentes_2025_dag to 2025-12-11 00:00:00+00:00, run_after=2025-12-12 00:00:00+00:00
[2025-12-12T00:03:19.064+0000] {processor.py:183} INFO - Processing /opt/airflow/dags/acidentes_2025_dag.py took 1.325 seconds
[2025-12-12T00:03:22.837+0000] {processor.py:161} INFO - Started process (PID=298) to work on /opt/airflow/dags/acidentes_2025_dag.py
[2025-12-12T00:03:22.838+0000] {processor.py:830} INFO - Processing file /opt/airflow/dags/acidentes_2025_dag.py for tasks to queue
[2025-12-12T00:03:22.841+0000] {logging_mixin.py:188} INFO - [2025-12-12T00:03:22.840+0000] {dagbag.py:545} INFO - Filling up the DagBag from /opt/airflow/dags/acidentes_2025_dag.py
[2025-12-12T00:03:23.673+0000] {processor.py:840} INFO - DAG(s) 'acidentes_2025_dag' retrieved from /opt/airflow/dags/acidentes_2025_dag.py
[2025-12-12T00:03:23.693+0000] {logging_mixin.py:188} INFO - [2025-12-12T00:03:23.692+0000] {dag.py:3096} INFO - Sync 1 DAGs
[2025-12-12T00:03:23.734+0000] {logging_mixin.py:188} INFO - [2025-12-12T00:03:23.733+0000] {dag.py:3954} INFO - Setting next_dagrun for acidentes_2025_dag to 2025-12-11 00:00:00+00:00, run_after=2025-12-12 00:00:00+00:00
[2025-12-12T00:03:23.768+0000] {processor.py:183} INFO - Processing /opt/airflow/dags/acidentes_2025_dag.py took 0.945 seconds
[2025-12-12T00:05:56.854+0000] {processor.py:161} INFO - Started process (PID=304) to work on /opt/airflow/dags/acidentes_2025_dag.py
[2025-12-12T00:05:56.855+0000] {processor.py:830} INFO - Processing file /opt/airflow/dags/acidentes_2025_dag.py for tasks to queue
[2025-12-12T00:05:56.858+0000] {logging_mixin.py:188} INFO - [2025-12-12T00:05:56.857+0000] {dagbag.py:545} INFO - Filling up the DagBag from /opt/airflow/dags/acidentes_2025_dag.py
[2025-12-12T00:03:28.636+0000] {processor.py:840} INFO - DAG(s) 'acidentes_2025_dag' retrieved from /opt/airflow/dags/acidentes_2025_dag.py
[2025-12-12T00:03:28.648+0000] {logging_mixin.py:188} INFO - [2025-12-12T00:03:28.648+0000] {dag.py:3096} INFO - Sync 1 DAGs
[2025-12-12T00:03:28.669+0000] {logging_mixin.py:188} INFO - [2025-12-12T00:03:28.669+0000] {dag.py:3954} INFO - Setting next_dagrun for acidentes_2025_dag to 2025-12-11 00:00:00+00:00, run_after=2025-12-12 00:00:00+00:00
[2025-12-12T00:03:28.692+0000] {processor.py:183} INFO - Processing /opt/airflow/dags/acidentes_2025_dag.py took 0.787 seconds
[2025-12-12T00:06:01.748+0000] {processor.py:161} INFO - Started process (PID=310) to work on /opt/airflow/dags/acidentes_2025_dag.py
[2025-12-12T00:06:01.750+0000] {processor.py:830} INFO - Processing file /opt/airflow/dags/acidentes_2025_dag.py for tasks to queue
[2025-12-12T00:06:01.752+0000] {logging_mixin.py:188} INFO - [2025-12-12T00:06:01.752+0000] {dagbag.py:545} INFO - Filling up the DagBag from /opt/airflow/dags/acidentes_2025_dag.py
[2025-12-12T00:03:33.561+0000] {processor.py:840} INFO - DAG(s) 'acidentes_2025_dag' retrieved from /opt/airflow/dags/acidentes_2025_dag.py
[2025-12-12T00:03:33.606+0000] {logging_mixin.py:188} INFO - [2025-12-12T00:03:33.605+0000] {dag.py:3096} INFO - Sync 1 DAGs
[2025-12-12T00:03:33.816+0000] {logging_mixin.py:188} INFO - [2025-12-12T00:03:33.816+0000] {dag.py:3954} INFO - Setting next_dagrun for acidentes_2025_dag to 2025-12-11 00:00:00+00:00, run_after=2025-12-12 00:00:00+00:00
[2025-12-12T00:03:33.919+0000] {processor.py:183} INFO - Processing /opt/airflow/dags/acidentes_2025_dag.py took 1.144 seconds
[2025-12-12T00:04:04.414+0000] {processor.py:161} INFO - Started process (PID=316) to work on /opt/airflow/dags/acidentes_2025_dag.py
[2025-12-12T00:04:04.416+0000] {processor.py:830} INFO - Processing file /opt/airflow/dags/acidentes_2025_dag.py for tasks to queue
[2025-12-12T00:04:04.421+0000] {logging_mixin.py:188} INFO - [2025-12-12T00:04:04.420+0000] {dagbag.py:545} INFO - Filling up the DagBag from /opt/airflow/dags/acidentes_2025_dag.py
[2025-12-12T00:04:06.280+0000] {processor.py:840} INFO - DAG(s) 'acidentes_2025_dag' retrieved from /opt/airflow/dags/acidentes_2025_dag.py
[2025-12-12T00:04:06.312+0000] {logging_mixin.py:188} INFO - [2025-12-12T00:04:06.311+0000] {dag.py:3096} INFO - Sync 1 DAGs
[2025-12-12T00:04:06.334+0000] {logging_mixin.py:188} INFO - [2025-12-12T00:04:06.334+0000] {dag.py:3954} INFO - Setting next_dagrun for acidentes_2025_dag to 2025-12-11 00:00:00+00:00, run_after=2025-12-12 00:00:00+00:00
[2025-12-12T00:04:06.360+0000] {processor.py:183} INFO - Processing /opt/airflow/dags/acidentes_2025_dag.py took 1.963 seconds
[2025-12-12T00:04:36.743+0000] {processor.py:161} INFO - Started process (PID=322) to work on /opt/airflow/dags/acidentes_2025_dag.py
[2025-12-12T00:04:36.745+0000] {processor.py:830} INFO - Processing file /opt/airflow/dags/acidentes_2025_dag.py for tasks to queue
[2025-12-12T00:04:36.748+0000] {logging_mixin.py:188} INFO - [2025-12-12T00:04:36.748+0000] {dagbag.py:545} INFO - Filling up the DagBag from /opt/airflow/dags/acidentes_2025_dag.py
[2025-12-12T00:04:37.712+0000] {processor.py:840} INFO - DAG(s) 'acidentes_2025_dag' retrieved from /opt/airflow/dags/acidentes_2025_dag.py
[2025-12-12T00:04:37.730+0000] {logging_mixin.py:188} INFO - [2025-12-12T00:04:37.729+0000] {dag.py:3096} INFO - Sync 1 DAGs
[2025-12-12T00:04:37.751+0000] {logging_mixin.py:188} INFO - [2025-12-12T00:04:37.750+0000] {dag.py:3954} INFO - Setting next_dagrun for acidentes_2025_dag to 2025-12-11 00:00:00+00:00, run_after=2025-12-12 00:00:00+00:00
[2025-12-12T00:04:37.771+0000] {processor.py:183} INFO - Processing /opt/airflow/dags/acidentes_2025_dag.py took 1.043 seconds
[2025-12-12T00:07:26.920+0000] {processor.py:161} INFO - Started process (PID=328) to work on /opt/airflow/dags/acidentes_2025_dag.py
[2025-12-12T00:07:26.921+0000] {processor.py:830} INFO - Processing file /opt/airflow/dags/acidentes_2025_dag.py for tasks to queue
[2025-12-12T00:07:26.923+0000] {logging_mixin.py:188} INFO - [2025-12-12T00:07:26.923+0000] {dagbag.py:545} INFO - Filling up the DagBag from /opt/airflow/dags/acidentes_2025_dag.py
[2025-12-12T00:04:59.042+0000] {processor.py:840} INFO - DAG(s) 'acidentes_2025_dag' retrieved from /opt/airflow/dags/acidentes_2025_dag.py
[2025-12-12T00:04:59.069+0000] {logging_mixin.py:188} INFO - [2025-12-12T00:04:59.068+0000] {dag.py:3096} INFO - Sync 1 DAGs
[2025-12-12T00:04:59.092+0000] {logging_mixin.py:188} INFO - [2025-12-12T00:04:59.091+0000] {dag.py:3954} INFO - Setting next_dagrun for acidentes_2025_dag to 2025-12-11 00:00:00+00:00, run_after=2025-12-12 00:00:00+00:00
[2025-12-12T00:04:59.126+0000] {processor.py:183} INFO - Processing /opt/airflow/dags/acidentes_2025_dag.py took 1.169 seconds
[2025-12-12T00:05:03.064+0000] {processor.py:161} INFO - Started process (PID=334) to work on /opt/airflow/dags/acidentes_2025_dag.py
[2025-12-12T00:05:03.066+0000] {processor.py:830} INFO - Processing file /opt/airflow/dags/acidentes_2025_dag.py for tasks to queue
[2025-12-12T00:05:03.070+0000] {logging_mixin.py:188} INFO - [2025-12-12T00:05:03.069+0000] {dagbag.py:545} INFO - Filling up the DagBag from /opt/airflow/dags/acidentes_2025_dag.py
[2025-12-12T00:05:04.613+0000] {processor.py:840} INFO - DAG(s) 'acidentes_2025_dag' retrieved from /opt/airflow/dags/acidentes_2025_dag.py
[2025-12-12T00:05:04.686+0000] {logging_mixin.py:188} INFO - [2025-12-12T00:05:04.686+0000] {dag.py:3096} INFO - Sync 1 DAGs
[2025-12-12T00:05:04.744+0000] {logging_mixin.py:188} INFO - [2025-12-12T00:05:04.744+0000] {dag.py:3954} INFO - Setting next_dagrun for acidentes_2025_dag to 2025-12-11 00:00:00+00:00, run_after=2025-12-12 00:00:00+00:00
[2025-12-12T00:05:04.791+0000] {processor.py:183} INFO - Processing /opt/airflow/dags/acidentes_2025_dag.py took 1.738 seconds
[2025-12-12T00:07:57.147+0000] {processor.py:161} INFO - Started process (PID=340) to work on /opt/airflow/dags/acidentes_2025_dag.py
[2025-12-12T00:07:57.159+0000] {processor.py:830} INFO - Processing file /opt/airflow/dags/acidentes_2025_dag.py for tasks to queue
[2025-12-12T00:07:57.161+0000] {logging_mixin.py:188} INFO - [2025-12-12T00:07:57.161+0000] {dagbag.py:545} INFO - Filling up the DagBag from /opt/airflow/dags/acidentes_2025_dag.py
[2025-12-12T00:05:29.170+0000] {processor.py:840} INFO - DAG(s) 'acidentes_2025_dag' retrieved from /opt/airflow/dags/acidentes_2025_dag.py
[2025-12-12T00:05:29.191+0000] {logging_mixin.py:188} INFO - [2025-12-12T00:05:29.190+0000] {dag.py:3096} INFO - Sync 1 DAGs
[2025-12-12T00:05:29.227+0000] {logging_mixin.py:188} INFO - [2025-12-12T00:05:29.227+0000] {dag.py:3954} INFO - Setting next_dagrun for acidentes_2025_dag to 2025-12-11 00:00:00+00:00, run_after=2025-12-12 00:00:00+00:00
[2025-12-12T00:05:29.258+0000] {processor.py:183} INFO - Processing /opt/airflow/dags/acidentes_2025_dag.py took 1.153 seconds
