[2025-12-10T20:37:00.650+0000] {local_task_job_runner.py:120} INFO - ::group::Pre task execution logs
[2025-12-10T20:37:00.681+0000] {taskinstance.py:2076} INFO - Dependencies all met for dep_context=non-requeueable deps ti=<TaskInstance: acidentes_2025_dag.ingest_task manual__2025-12-10T20:36:58+00:00 [queued]>
[2025-12-10T20:37:00.689+0000] {taskinstance.py:2076} INFO - Dependencies all met for dep_context=requeueable deps ti=<TaskInstance: acidentes_2025_dag.ingest_task manual__2025-12-10T20:36:58+00:00 [queued]>
[2025-12-10T20:37:00.690+0000] {taskinstance.py:2306} INFO - Starting attempt 1 of 1
[2025-12-10T20:37:00.702+0000] {taskinstance.py:2330} INFO - Executing <Task(PythonOperator): ingest_task> on 2025-12-10 20:36:58+00:00
[2025-12-10T20:37:00.709+0000] {standard_task_runner.py:63} INFO - Started process 406 to run task
[2025-12-10T20:37:00.711+0000] {standard_task_runner.py:90} INFO - Running: ['***', 'tasks', 'run', 'acidentes_2025_dag', 'ingest_task', 'manual__2025-12-10T20:36:58+00:00', '--job-id', '4', '--raw', '--subdir', 'DAGS_FOLDER/acidentes_2025_dag.py', '--cfg-path', '/tmp/tmpkxn9hts0']
[2025-12-10T20:37:00.714+0000] {standard_task_runner.py:91} INFO - Job 4: Subtask ingest_task
[2025-12-10T20:37:00.757+0000] {task_command.py:426} INFO - Running <TaskInstance: acidentes_2025_dag.ingest_task manual__2025-12-10T20:36:58+00:00 [running]> on host cc6063dfb502
[2025-12-10T20:37:00.829+0000] {taskinstance.py:2648} INFO - Exporting env vars: AIRFLOW_CTX_DAG_OWNER='***' AIRFLOW_CTX_DAG_ID='acidentes_2025_dag' AIRFLOW_CTX_TASK_ID='ingest_task' AIRFLOW_CTX_EXECUTION_DATE='2025-12-10T20:36:58+00:00' AIRFLOW_CTX_TRY_NUMBER='1' AIRFLOW_CTX_DAG_RUN_ID='manual__2025-12-10T20:36:58+00:00'
[2025-12-10T20:37:00.830+0000] {taskinstance.py:430} INFO - ::endgroup::
[2025-12-10T20:37:00.848+0000] {logging_mixin.py:188} INFO - Erro ao carregar CSV: Error tokenizing data. C error: Expected 30 fields in line 16, saw 31
[2025-12-10T20:37:00.870+0000] {taskinstance.py:441} INFO - ::group::Post task execution logs
[2025-12-10T20:37:00.871+0000] {taskinstance.py:2905} ERROR - Task failed with exception
Traceback (most recent call last):
  File "/home/airflow/.local/lib/python3.12/site-packages/airflow/models/taskinstance.py", line 465, in _execute_task
    result = _execute_callable(context=context, **execute_callable_kwargs)
             ^^^^^^^^^^^^^^^^^^^^^^^^^^^^^^^^^^^^^^^^^^^^^^^^^^^^^^^^^^^^^
  File "/home/airflow/.local/lib/python3.12/site-packages/airflow/models/taskinstance.py", line 432, in _execute_callable
    return execute_callable(context=context, **execute_callable_kwargs)
           ^^^^^^^^^^^^^^^^^^^^^^^^^^^^^^^^^^^^^^^^^^^^^^^^^^^^^^^^^^^^
  File "/home/airflow/.local/lib/python3.12/site-packages/airflow/models/baseoperator.py", line 400, in wrapper
    return func(self, *args, **kwargs)
           ^^^^^^^^^^^^^^^^^^^^^^^^^^^
  File "/home/airflow/.local/lib/python3.12/site-packages/airflow/operators/python.py", line 235, in execute
    return_value = self.execute_callable()
                   ^^^^^^^^^^^^^^^^^^^^^^^
  File "/home/airflow/.local/lib/python3.12/site-packages/airflow/operators/python.py", line 252, in execute_callable
    return self.python_callable(*self.op_args, **self.op_kwargs)
           ^^^^^^^^^^^^^^^^^^^^^^^^^^^^^^^^^^^^^^^^^^^^^^^^^^^^^
  File "/opt/airflow/dags/acidentes_2025_dag.py", line 38, in task_ingest
    client.fput_object("acidentes", "datatran2025_amostra_ingest.csv", sandbox_path)
  File "/home/airflow/.local/lib/python3.12/site-packages/minio/api.py", line 1054, in fput_object
    return self.put_object(
           ^^^^^^^^^^^^^^^^
  File "/home/airflow/.local/lib/python3.12/site-packages/minio/api.py", line 2015, in put_object
    raise exc
  File "/home/airflow/.local/lib/python3.12/site-packages/minio/api.py", line 1960, in put_object
    return self._put_object(
           ^^^^^^^^^^^^^^^^^
  File "/home/airflow/.local/lib/python3.12/site-packages/minio/api.py", line 1789, in _put_object
    response = self._execute(
               ^^^^^^^^^^^^^^
  File "/home/airflow/.local/lib/python3.12/site-packages/minio/api.py", line 444, in _execute
    return self._url_open(
           ^^^^^^^^^^^^^^^
  File "/home/airflow/.local/lib/python3.12/site-packages/minio/api.py", line 427, in _url_open
    raise response_error
minio.error.S3Error: S3 operation failed; code: AccessDenied, message: Access Denied., resource: /acidentes/datatran2025_amostra_ingest.csv, request_id: 187FF50E557E0B5F, host_id: dd9025bab4ad464b049177c95eb6ebf374d3b3fd1af9251148b658df7ac2e3e8, bucket_name: acidentes, object_name: datatran2025_amostra_ingest.csv
[2025-12-10T20:37:00.889+0000] {taskinstance.py:1206} INFO - Marking task as FAILED. dag_id=acidentes_2025_dag, task_id=ingest_task, run_id=manual__2025-12-10T20:36:58+00:00, execution_date=20251210T203658, start_date=20251210T203700, end_date=20251210T203700
[2025-12-10T20:37:00.899+0000] {standard_task_runner.py:110} ERROR - Failed to execute job 4 for task ingest_task (S3 operation failed; code: AccessDenied, message: Access Denied., resource: /acidentes/datatran2025_amostra_ingest.csv, request_id: 187FF50E557E0B5F, host_id: dd9025bab4ad464b049177c95eb6ebf374d3b3fd1af9251148b658df7ac2e3e8, bucket_name: acidentes, object_name: datatran2025_amostra_ingest.csv; 406)
[2025-12-10T20:37:00.925+0000] {local_task_job_runner.py:240} INFO - Task exited with return code 1
[2025-12-10T20:37:00.946+0000] {taskinstance.py:3498} INFO - 0 downstream tasks scheduled from follow-on schedule check
[2025-12-10T20:37:00.950+0000] {local_task_job_runner.py:222} INFO - ::endgroup::
