[2025-12-11T22:46:10.718+0000] {manager.py:470} INFO - Processing files using up to 2 processes at a time 
[2025-12-11T22:46:10.733+0000] {manager.py:471} INFO - Process each file at most once every 30 seconds
[2025-12-11T22:46:10.735+0000] {manager.py:472} INFO - Checking for new files in /opt/airflow/dags every 300 seconds
[2025-12-11T22:46:10.740+0000] {manager.py:737} INFO - Searching for files in /opt/airflow/dags
[2025-12-11T22:46:11.033+0000] {manager.py:740} INFO - There are 1 files in /opt/airflow/dags
[2025-12-11T22:46:11.458+0000] {manager.py:878} INFO - 
================================================================================
DAG File Processing Stats

File Path                                  PID  Runtime      # DAGs    # Errors  Last Runtime    Last Run
---------------------------------------  -----  ---------  --------  ----------  --------------  ----------
/opt/airflow/dags/acidentes_2025_dag.py    163  0.20s             0           0
================================================================================
[2025-12-11T22:46:42.558+0000] {manager.py:878} INFO - 
================================================================================
DAG File Processing Stats

File Path                                  PID  Runtime      # DAGs    # Errors  Last Runtime    Last Run
---------------------------------------  -----  ---------  --------  ----------  --------------  -------------------
/opt/airflow/dags/acidentes_2025_dag.py    168  0.04s             0           1  0.25s           2025-12-11T22:46:11
================================================================================
[2025-12-11T22:47:12.585+0000] {manager.py:878} INFO - 
================================================================================
DAG File Processing Stats

File Path                                PID    Runtime      # DAGs    # Errors  Last Runtime    Last Run
---------------------------------------  -----  ---------  --------  ----------  --------------  -------------------
/opt/airflow/dags/acidentes_2025_dag.py                           0           1  0.80s           2025-12-11T22:49:13
================================================================================
[2025-12-11T22:47:43.093+0000] {manager.py:878} INFO - 
================================================================================
DAG File Processing Stats

File Path                                PID    Runtime      # DAGs    # Errors  Last Runtime    Last Run
---------------------------------------  -----  ---------  --------  ----------  --------------  -------------------
/opt/airflow/dags/acidentes_2025_dag.py                           0           1  0.28s           2025-12-11T22:49:54
================================================================================
[2025-12-11T22:48:13.757+0000] {manager.py:878} INFO - 
================================================================================
DAG File Processing Stats

File Path                                PID    Runtime      # DAGs    # Errors  Last Runtime    Last Run
---------------------------------------  -----  ---------  --------  ----------  --------------  -------------------
/opt/airflow/dags/acidentes_2025_dag.py                           0           1  -148.68s        2025-12-11T22:48:10
================================================================================
[2025-12-11T22:48:44.148+0000] {manager.py:878} INFO - 
================================================================================
DAG File Processing Stats

File Path                                PID    Runtime      # DAGs    # Errors  Last Runtime    Last Run
---------------------------------------  -----  ---------  --------  ----------  --------------  -------------------
/opt/airflow/dags/acidentes_2025_dag.py                           0           1  0.20s           2025-12-11T22:48:41
================================================================================
[2025-12-11T22:51:13.300+0000] {manager.py:737} INFO - Searching for files in /opt/airflow/dags
[2025-12-11T22:48:44.497+0000] {manager.py:740} INFO - There are 1 files in /opt/airflow/dags
[2025-12-11T22:49:14.166+0000] {manager.py:878} INFO - 
================================================================================
DAG File Processing Stats

File Path                                PID    Runtime      # DAGs    # Errors  Last Runtime    Last Run
---------------------------------------  -----  ---------  --------  ----------  --------------  -------------------
/opt/airflow/dags/acidentes_2025_dag.py                           0           1  -148.59s        2025-12-11T22:48:45
================================================================================
[2025-12-11T22:49:44.618+0000] {manager.py:878} INFO - 
================================================================================
DAG File Processing Stats

File Path                                PID    Runtime      # DAGs    # Errors  Last Runtime    Last Run
---------------------------------------  -----  ---------  --------  ----------  --------------  -------------------
/opt/airflow/dags/acidentes_2025_dag.py                           0           1  0.11s           2025-12-11T22:51:54
================================================================================
[2025-12-11T22:50:14.858+0000] {manager.py:878} INFO - 
================================================================================
DAG File Processing Stats

File Path                                PID    Runtime      # DAGs    # Errors  Last Runtime    Last Run
---------------------------------------  -----  ---------  --------  ----------  --------------  -------------------
/opt/airflow/dags/acidentes_2025_dag.py                           0           1  0.11s           2025-12-11T22:51:54
================================================================================
[2025-12-11T22:50:45.045+0000] {manager.py:878} INFO - 
================================================================================
DAG File Processing Stats

File Path                                PID    Runtime      # DAGs    # Errors  Last Runtime    Last Run
---------------------------------------  -----  ---------  --------  ----------  --------------  -------------------
/opt/airflow/dags/acidentes_2025_dag.py                           0           1  0.11s           2025-12-11T22:51:54
================================================================================
[2025-12-11T22:53:44.538+0000] {manager.py:878} INFO - 
================================================================================
DAG File Processing Stats

File Path                                  PID  Runtime      # DAGs    # Errors  Last Runtime    Last Run
---------------------------------------  -----  ---------  --------  ----------  --------------  -------------------
/opt/airflow/dags/acidentes_2025_dag.py    252  0.03s             0           1  0.11s           2025-12-11T22:51:54
================================================================================
[2025-12-11T22:51:45.912+0000] {manager.py:878} INFO - 
================================================================================
DAG File Processing Stats

File Path                                PID    Runtime      # DAGs    # Errors  Last Runtime    Last Run
---------------------------------------  -----  ---------  --------  ----------  --------------  -------------------
/opt/airflow/dags/acidentes_2025_dag.py                           1           0  -141.46s        2025-12-11T22:51:23
================================================================================
[2025-12-11T22:52:16.189+0000] {manager.py:878} INFO - 
================================================================================
DAG File Processing Stats

File Path                                PID    Runtime      # DAGs    # Errors  Last Runtime    Last Run
---------------------------------------  -----  ---------  --------  ----------  --------------  -------------------
/opt/airflow/dags/acidentes_2025_dag.py                           1           0  0.69s           2025-12-11T22:51:54
================================================================================
[2025-12-11T22:52:46.485+0000] {manager.py:878} INFO - 
================================================================================
DAG File Processing Stats

File Path                                PID    Runtime      # DAGs    # Errors  Last Runtime    Last Run
---------------------------------------  -----  ---------  --------  ----------  --------------  -------------------
/opt/airflow/dags/acidentes_2025_dag.py                           1           0  0.97s           2025-12-11T22:52:25
================================================================================
[2025-12-11T22:53:16.492+0000] {manager.py:878} INFO - 
================================================================================
DAG File Processing Stats

File Path                                PID    Runtime      # DAGs    # Errors  Last Runtime    Last Run
---------------------------------------  -----  ---------  --------  ----------  --------------  -------------------
/opt/airflow/dags/acidentes_2025_dag.py                           1           0  -148.21s        2025-12-11T22:53:11
================================================================================
[2025-12-11T22:56:14.778+0000] {manager.py:737} INFO - Searching for files in /opt/airflow/dags
[2025-12-11T22:53:45.991+0000] {manager.py:740} INFO - There are 1 files in /opt/airflow/dags
[2025-12-11T22:53:46.607+0000] {manager.py:878} INFO - 
================================================================================
DAG File Processing Stats

File Path                                PID    Runtime      # DAGs    # Errors  Last Runtime    Last Run
---------------------------------------  -----  ---------  --------  ----------  --------------  -------------------
/opt/airflow/dags/acidentes_2025_dag.py                           1           0  -148.19s        2025-12-11T22:53:41
================================================================================
[2025-12-11T22:54:16.854+0000] {manager.py:878} INFO - 
================================================================================
DAG File Processing Stats

File Path                                PID    Runtime      # DAGs    # Errors  Last Runtime    Last Run
---------------------------------------  -----  ---------  --------  ----------  --------------  -------------------
/opt/airflow/dags/acidentes_2025_dag.py                           1           0  0.84s           2025-12-11T22:56:25
================================================================================
[2025-12-11T22:54:47.445+0000] {manager.py:878} INFO - 
================================================================================
DAG File Processing Stats

File Path                                PID    Runtime      # DAGs    # Errors  Last Runtime    Last Run
---------------------------------------  -----  ---------  --------  ----------  --------------  -------------------
/opt/airflow/dags/acidentes_2025_dag.py                           1           0  1.20s           2025-12-11T22:54:45
================================================================================
[2025-12-11T22:55:17.515+0000] {manager.py:878} INFO - 
================================================================================
DAG File Processing Stats

File Path                                PID    Runtime      # DAGs    # Errors  Last Runtime    Last Run
---------------------------------------  -----  ---------  --------  ----------  --------------  -------------------
/opt/airflow/dags/acidentes_2025_dag.py                           1           0  1.80s           2025-12-11T22:55:17
================================================================================
[2025-12-11T22:55:48.248+0000] {manager.py:878} INFO - 
================================================================================
DAG File Processing Stats

File Path                                PID    Runtime      # DAGs    # Errors  Last Runtime    Last Run
---------------------------------------  -----  ---------  --------  ----------  --------------  -------------------
/opt/airflow/dags/acidentes_2025_dag.py                           1           0  1.40s           2025-12-11T22:58:11
================================================================================
[2025-12-11T22:56:18.556+0000] {manager.py:878} INFO - 
================================================================================
DAG File Processing Stats

File Path                                PID    Runtime      # DAGs    # Errors  Last Runtime    Last Run
---------------------------------------  -----  ---------  --------  ----------  --------------  -------------------
/opt/airflow/dags/acidentes_2025_dag.py                           1           0  1.40s           2025-12-11T22:58:11
================================================================================
[2025-12-11T22:56:46.035+0000] {manager.py:452} INFO - Exiting gracefully upon receiving signal 15
[2025-12-11T22:58:37.374+0000] {manager.py:470} INFO - Processing files using up to 2 processes at a time 
[2025-12-11T22:58:37.376+0000] {manager.py:471} INFO - Process each file at most once every 30 seconds
[2025-12-11T22:58:37.380+0000] {manager.py:472} INFO - Checking for new files in /opt/airflow/dags every 300 seconds
[2025-12-11T22:58:37.383+0000] {manager.py:737} INFO - Searching for files in /opt/airflow/dags
[2025-12-11T22:58:37.644+0000] {manager.py:740} INFO - There are 1 files in /opt/airflow/dags
[2025-12-11T22:58:38.172+0000] {manager.py:878} INFO - 
================================================================================
DAG File Processing Stats

File Path                                  PID  Runtime      # DAGs    # Errors  Last Runtime    Last Run
---------------------------------------  -----  ---------  --------  ----------  --------------  ----------
/opt/airflow/dags/acidentes_2025_dag.py    164  0.26s             0           0
================================================================================
[2025-12-11T23:01:37.231+0000] {manager.py:878} INFO - 
================================================================================
DAG File Processing Stats

File Path                                PID    Runtime      # DAGs    # Errors  Last Runtime    Last Run
---------------------------------------  -----  ---------  --------  ----------  --------------  -------------------
/opt/airflow/dags/acidentes_2025_dag.py                           0           1  0.35s           2025-12-11T23:01:36
================================================================================
[2025-12-11T22:59:38.284+0000] {manager.py:878} INFO - 
================================================================================
DAG File Processing Stats

File Path                                PID    Runtime      # DAGs    # Errors  Last Runtime    Last Run
---------------------------------------  -----  ---------  --------  ----------  --------------  -------------------
/opt/airflow/dags/acidentes_2025_dag.py                           0           1  0.35s           2025-12-11T23:01:36
================================================================================
[2025-12-11T23:00:08.770+0000] {manager.py:878} INFO - 
================================================================================
DAG File Processing Stats

File Path                                PID    Runtime      # DAGs    # Errors  Last Runtime    Last Run
---------------------------------------  -----  ---------  --------  ----------  --------------  -------------------
/opt/airflow/dags/acidentes_2025_dag.py                           0           1  -148.74s        2025-12-11T22:59:56
================================================================================
[2025-12-11T23:00:39.225+0000] {manager.py:878} INFO - 
================================================================================
DAG File Processing Stats

File Path                                PID    Runtime      # DAGs    # Errors  Last Runtime    Last Run
---------------------------------------  -----  ---------  --------  ----------  --------------  -------------------
/opt/airflow/dags/acidentes_2025_dag.py                           0           1  0.37s           2025-12-11T23:00:27
================================================================================
[2025-12-11T23:01:09.253+0000] {manager.py:878} INFO - 
================================================================================
DAG File Processing Stats

File Path                                PID    Runtime      # DAGs    # Errors  Last Runtime    Last Run
---------------------------------------  -----  ---------  --------  ----------  --------------  -------------------
/opt/airflow/dags/acidentes_2025_dag.py                           1           0  -147.31s        2025-12-11T23:01:08
================================================================================
[2025-12-11T23:03:40.587+0000] {manager.py:737} INFO - Searching for files in /opt/airflow/dags
[2025-12-11T23:01:11.813+0000] {manager.py:740} INFO - There are 1 files in /opt/airflow/dags
[2025-12-11T23:01:40.061+0000] {manager.py:878} INFO - 
================================================================================
DAG File Processing Stats

File Path                                PID    Runtime      # DAGs    # Errors  Last Runtime    Last Run
---------------------------------------  -----  ---------  --------  ----------  --------------  -------------------
/opt/airflow/dags/acidentes_2025_dag.py                           1           0  1.14s           2025-12-11T23:01:28
================================================================================
[2025-12-11T23:02:10.091+0000] {manager.py:878} INFO - 
================================================================================
DAG File Processing Stats

File Path                                PID    Runtime      # DAGs    # Errors  Last Runtime    Last Run
---------------------------------------  -----  ---------  --------  ----------  --------------  -------------------
/opt/airflow/dags/acidentes_2025_dag.py                           1           0  0.77s           2025-12-11T23:01:59
================================================================================
[2025-12-11T23:02:40.338+0000] {manager.py:878} INFO - 
================================================================================
DAG File Processing Stats

File Path                                PID    Runtime      # DAGs    # Errors  Last Runtime    Last Run
---------------------------------------  -----  ---------  --------  ----------  --------------  -------------------
/opt/airflow/dags/acidentes_2025_dag.py                           1           0  -148.01s        2025-12-11T23:02:15
================================================================================
[2025-12-11T23:03:10.200+0000] {manager.py:878} INFO - 
================================================================================
DAG File Processing Stats

File Path                                PID    Runtime      # DAGs    # Errors  Last Runtime    Last Run
---------------------------------------  -----  ---------  --------  ----------  --------------  -------------------
/opt/airflow/dags/acidentes_2025_dag.py                           1           0  0.81s           2025-12-11T23:02:46
================================================================================
[2025-12-11T23:03:39.846+0000] {manager.py:878} INFO - 
================================================================================
DAG File Processing Stats

File Path                                PID    Runtime      # DAGs    # Errors  Last Runtime    Last Run
---------------------------------------  -----  ---------  --------  ----------  --------------  -------------------
/opt/airflow/dags/acidentes_2025_dag.py                           1           0  0.80s           2025-12-11T23:03:32
================================================================================
[2025-12-11T23:04:10.427+0000] {manager.py:878} INFO - 
================================================================================
DAG File Processing Stats

File Path                                PID    Runtime      # DAGs    # Errors  Last Runtime    Last Run
---------------------------------------  -----  ---------  --------  ----------  --------------  -------------------
/opt/airflow/dags/acidentes_2025_dag.py                           1           0  -147.59s        2025-12-11T23:03:43
================================================================================
[2025-12-11T23:04:34.632+0000] {manager.py:452} INFO - Exiting gracefully upon receiving signal 15
[2025-12-11T23:06:51.055+0000] {manager.py:470} INFO - Processing files using up to 2 processes at a time 
[2025-12-11T23:06:51.060+0000] {manager.py:471} INFO - Process each file at most once every 30 seconds
[2025-12-11T23:06:51.063+0000] {manager.py:472} INFO - Checking for new files in /opt/airflow/dags every 300 seconds
[2025-12-11T23:06:51.066+0000] {manager.py:737} INFO - Searching for files in /opt/airflow/dags
[2025-12-11T23:06:51.360+0000] {manager.py:740} INFO - There are 1 files in /opt/airflow/dags
[2025-12-11T23:06:51.713+0000] {manager.py:878} INFO - 
================================================================================
DAG File Processing Stats

File Path                                  PID  Runtime      # DAGs    # Errors  Last Runtime    Last Run
---------------------------------------  -----  ---------  --------  ----------  --------------  ----------
/opt/airflow/dags/acidentes_2025_dag.py    163  0.13s             0           0
================================================================================
[2025-12-11T23:09:51.267+0000] {manager.py:878} INFO - 
================================================================================
DAG File Processing Stats

File Path                                  PID  Runtime      # DAGs    # Errors  Last Runtime    Last Run
---------------------------------------  -----  ---------  --------  ----------  --------------  -------------------
/opt/airflow/dags/acidentes_2025_dag.py    168  0.02s             0           1  0.28s           2025-12-11T23:06:51
================================================================================
[2025-12-11T23:07:52.602+0000] {manager.py:878} INFO - 
================================================================================
DAG File Processing Stats

File Path                                PID    Runtime      # DAGs    # Errors  Last Runtime    Last Run
---------------------------------------  -----  ---------  --------  ----------  --------------  -------------------
/opt/airflow/dags/acidentes_2025_dag.py                           0           1  -148.42s        2025-12-11T23:07:22
================================================================================
[2025-12-11T23:08:22.736+0000] {manager.py:878} INFO - 
================================================================================
DAG File Processing Stats

File Path                                PID    Runtime      # DAGs    # Errors  Last Runtime    Last Run
---------------------------------------  -----  ---------  --------  ----------  --------------  -------------------
/opt/airflow/dags/acidentes_2025_dag.py                           0           1  0.24s           2025-12-11T23:10:36
================================================================================
[2025-12-11T23:08:52.767+0000] {manager.py:878} INFO - 
================================================================================
DAG File Processing Stats

File Path                                PID    Runtime      # DAGs    # Errors  Last Runtime    Last Run
---------------------------------------  -----  ---------  --------  ----------  --------------  -------------------
/opt/airflow/dags/acidentes_2025_dag.py                           0           1  0.24s           2025-12-11T23:10:36
================================================================================
[2025-12-11T23:09:23.002+0000] {manager.py:878} INFO - 
================================================================================
DAG File Processing Stats

File Path                                PID    Runtime      # DAGs    # Errors  Last Runtime    Last Run
---------------------------------------  -----  ---------  --------  ----------  --------------  -------------------
/opt/airflow/dags/acidentes_2025_dag.py                           0           1  0.24s           2025-12-11T23:10:36
================================================================================
[2025-12-11T23:09:53.265+0000] {manager.py:878} INFO - 
================================================================================
DAG File Processing Stats

File Path                                PID    Runtime      # DAGs    # Errors  Last Runtime    Last Run
---------------------------------------  -----  ---------  --------  ----------  --------------  -------------------
/opt/airflow/dags/acidentes_2025_dag.py                           0           1  0.24s           2025-12-11T23:10:36
================================================================================
[2025-12-11T23:12:42.469+0000] {manager.py:737} INFO - Searching for files in /opt/airflow/dags
[2025-12-11T23:10:13.753+0000] {manager.py:740} INFO - There are 1 files in /opt/airflow/dags
[2025-12-11T23:10:23.896+0000] {manager.py:878} INFO - 
================================================================================
DAG File Processing Stats

File Path                                PID    Runtime      # DAGs    # Errors  Last Runtime    Last Run
---------------------------------------  -----  ---------  --------  ----------  --------------  -------------------
/opt/airflow/dags/acidentes_2025_dag.py                           0           1  0.24s           2025-12-11T23:10:36
================================================================================
[2025-12-11T23:10:54.194+0000] {manager.py:878} INFO - 
================================================================================
DAG File Processing Stats

File Path                                PID    Runtime      # DAGs    # Errors  Last Runtime    Last Run
---------------------------------------  -----  ---------  --------  ----------  --------------  -------------------
/opt/airflow/dags/acidentes_2025_dag.py                           0           1  0.24s           2025-12-11T23:10:36
================================================================================
[2025-12-11T23:11:24.470+0000] {manager.py:878} INFO - 
================================================================================
DAG File Processing Stats

File Path                                PID    Runtime      # DAGs    # Errors  Last Runtime    Last Run
---------------------------------------  -----  ---------  --------  ----------  --------------  -------------------
/opt/airflow/dags/acidentes_2025_dag.py                           1           0  -147.86s        2025-12-11T23:11:14
================================================================================
[2025-12-11T23:11:55.013+0000] {manager.py:878} INFO - 
================================================================================
DAG File Processing Stats

File Path                                PID    Runtime      # DAGs    # Errors  Last Runtime    Last Run
---------------------------------------  -----  ---------  --------  ----------  --------------  -------------------
/opt/airflow/dags/acidentes_2025_dag.py                           1           0  -147.47s        2025-12-11T23:11:54
================================================================================
[2025-12-11T23:12:25.264+0000] {manager.py:878} INFO - 
================================================================================
DAG File Processing Stats

File Path                                PID    Runtime      # DAGs    # Errors  Last Runtime    Last Run
---------------------------------------  -----  ---------  --------  ----------  --------------  -------------------
/opt/airflow/dags/acidentes_2025_dag.py                           1           0  -147.83s        2025-12-11T23:12:09
================================================================================
[2025-12-11T23:12:55.480+0000] {manager.py:878} INFO - 
================================================================================
DAG File Processing Stats

File Path                                PID    Runtime      # DAGs    # Errors  Last Runtime    Last Run
---------------------------------------  -----  ---------  --------  ----------  --------------  -------------------
/opt/airflow/dags/acidentes_2025_dag.py                           1           0  -148.12s        2025-12-11T23:12:44
================================================================================
[2025-12-11T23:13:25.850+0000] {manager.py:878} INFO - 
================================================================================
DAG File Processing Stats

File Path                                PID    Runtime      # DAGs    # Errors  Last Runtime    Last Run
---------------------------------------  -----  ---------  --------  ----------  --------------  -------------------
/opt/airflow/dags/acidentes_2025_dag.py                           1           0  -147.41s        2025-12-11T23:13:24
================================================================================
[2025-12-11T23:13:55.997+0000] {manager.py:878} INFO - 
================================================================================
DAG File Processing Stats

File Path                                PID    Runtime      # DAGs    # Errors  Last Runtime    Last Run
---------------------------------------  -----  ---------  --------  ----------  --------------  -------------------
/opt/airflow/dags/acidentes_2025_dag.py                           1           0  0.79s           2025-12-11T23:13:53
================================================================================
[2025-12-11T23:14:26.399+0000] {manager.py:878} INFO - 
================================================================================
DAG File Processing Stats

File Path                                PID    Runtime      # DAGs    # Errors  Last Runtime    Last Run
---------------------------------------  -----  ---------  --------  ----------  --------------  -------------------
/opt/airflow/dags/acidentes_2025_dag.py                           1           0  -147.83s        2025-12-11T23:14:14
================================================================================
[2025-12-11T23:14:56.558+0000] {manager.py:878} INFO - 
================================================================================
DAG File Processing Stats

File Path                                PID    Runtime      # DAGs    # Errors  Last Runtime    Last Run
---------------------------------------  -----  ---------  --------  ----------  --------------  -------------------
/opt/airflow/dags/acidentes_2025_dag.py                           1           0  2.81s           2025-12-11T23:14:47
================================================================================
[2025-12-11T23:15:27.002+0000] {manager.py:878} INFO - 
================================================================================
DAG File Processing Stats

File Path                                PID    Runtime      # DAGs    # Errors  Last Runtime    Last Run
---------------------------------------  -----  ---------  --------  ----------  --------------  -------------------
/opt/airflow/dags/acidentes_2025_dag.py                           1           0  1.53s           2025-12-11T23:15:19
================================================================================
[2025-12-11T23:15:57.860+0000] {manager.py:878} INFO - 
================================================================================
DAG File Processing Stats

File Path                                PID    Runtime      # DAGs    # Errors  Last Runtime    Last Run
---------------------------------------  -----  ---------  --------  ----------  --------------  -------------------
/opt/airflow/dags/acidentes_2025_dag.py                           1           0  3.09s           2025-12-11T23:15:52
================================================================================
[2025-12-11T23:16:28.173+0000] {manager.py:878} INFO - 
================================================================================
DAG File Processing Stats

File Path                                PID    Runtime      # DAGs    # Errors  Last Runtime    Last Run
---------------------------------------  -----  ---------  --------  ----------  --------------  -------------------
/opt/airflow/dags/acidentes_2025_dag.py                           1           0  2.23s           2025-12-11T23:16:25
================================================================================
[2025-12-11T23:18:57.352+0000] {manager.py:737} INFO - Searching for files in /opt/airflow/dags
[2025-12-11T23:16:28.579+0000] {manager.py:740} INFO - There are 1 files in /opt/airflow/dags
[2025-12-11T23:16:58.718+0000] {manager.py:878} INFO - 
================================================================================
DAG File Processing Stats

File Path                                PID    Runtime      # DAGs    # Errors  Last Runtime    Last Run
---------------------------------------  -----  ---------  --------  ----------  --------------  -------------------
/opt/airflow/dags/acidentes_2025_dag.py                           1           0  -147.67s        2025-12-11T23:16:49
================================================================================
[2025-12-11T23:17:29.006+0000] {manager.py:878} INFO - 
================================================================================
DAG File Processing Stats

File Path                                PID    Runtime      # DAGs    # Errors  Last Runtime    Last Run
---------------------------------------  -----  ---------  --------  ----------  --------------  -------------------
/opt/airflow/dags/acidentes_2025_dag.py                           1           0  1.06s           2025-12-11T23:17:20
================================================================================
[2025-12-11T23:17:51.656+0000] {manager.py:452} INFO - Exiting gracefully upon receiving signal 15
[2025-12-11T23:17:51.681+0000] {manager.py:452} INFO - Exiting gracefully upon receiving signal 15
[2025-12-11T23:17:52.463+0000] {manager.py:452} INFO - Exiting gracefully upon receiving signal 15
[2025-12-11T23:20:34.536+0000] {manager.py:470} INFO - Processing files using up to 2 processes at a time 
[2025-12-11T23:20:34.567+0000] {manager.py:471} INFO - Process each file at most once every 30 seconds
[2025-12-11T23:20:34.576+0000] {manager.py:472} INFO - Checking for new files in /opt/airflow/dags every 300 seconds
[2025-12-11T23:20:34.592+0000] {manager.py:737} INFO - Searching for files in /opt/airflow/dags
[2025-12-11T23:20:36.083+0000] {manager.py:740} INFO - There are 1 files in /opt/airflow/dags
[2025-12-11T23:20:37.642+0000] {manager.py:878} INFO - 
================================================================================
DAG File Processing Stats

File Path                                  PID  Runtime      # DAGs    # Errors  Last Runtime    Last Run
---------------------------------------  -----  ---------  --------  ----------  --------------  ----------
/opt/airflow/dags/acidentes_2025_dag.py    164  0.86s             0           0
================================================================================
[2025-12-11T23:21:07.548+0000] {manager.py:878} INFO - 
================================================================================
DAG File Processing Stats

File Path                                PID    Runtime      # DAGs    # Errors  Last Runtime    Last Run
---------------------------------------  -----  ---------  --------  ----------  --------------  -------------------
/opt/airflow/dags/acidentes_2025_dag.py                           0           1  0.94s           2025-12-11T23:20:37
================================================================================
[2025-12-11T23:21:37.614+0000] {manager.py:878} INFO - 
================================================================================
DAG File Processing Stats

File Path                                PID    Runtime      # DAGs    # Errors  Last Runtime    Last Run
---------------------------------------  -----  ---------  --------  ----------  --------------  -------------------
/opt/airflow/dags/acidentes_2025_dag.py                           0           1  0.70s           2025-12-11T23:21:09
================================================================================
[2025-12-11T23:22:08.423+0000] {manager.py:878} INFO - 
================================================================================
DAG File Processing Stats

File Path                                PID    Runtime      # DAGs    # Errors  Last Runtime    Last Run
---------------------------------------  -----  ---------  --------  ----------  --------------  -------------------
/opt/airflow/dags/acidentes_2025_dag.py                           0           1  0.16s           2025-12-11T23:24:28
================================================================================
[2025-12-11T23:22:38.682+0000] {manager.py:878} INFO - 
================================================================================
DAG File Processing Stats

File Path                                PID    Runtime      # DAGs    # Errors  Last Runtime    Last Run
---------------------------------------  -----  ---------  --------  ----------  --------------  -------------------
/opt/airflow/dags/acidentes_2025_dag.py                           0           1  0.16s           2025-12-11T23:24:28
================================================================================
[2025-12-11T23:23:08.998+0000] {manager.py:878} INFO - 
================================================================================
DAG File Processing Stats

File Path                                PID    Runtime      # DAGs    # Errors  Last Runtime    Last Run
---------------------------------------  -----  ---------  --------  ----------  --------------  -------------------
/opt/airflow/dags/acidentes_2025_dag.py                           1           0  0.80s           2025-12-11T23:22:55
================================================================================
[2025-12-11T23:25:38.160+0000] {manager.py:737} INFO - Searching for files in /opt/airflow/dags
[2025-12-11T23:23:09.369+0000] {manager.py:740} INFO - There are 1 files in /opt/airflow/dags
[2025-12-11T23:23:39.696+0000] {manager.py:878} INFO - 
================================================================================
DAG File Processing Stats

File Path                                PID    Runtime      # DAGs    # Errors  Last Runtime    Last Run
---------------------------------------  -----  ---------  --------  ----------  --------------  -------------------
/opt/airflow/dags/acidentes_2025_dag.py                           1           0  -146.90s        2025-12-11T23:23:21
================================================================================
[2025-12-11T23:24:09.981+0000] {manager.py:878} INFO - 
================================================================================
DAG File Processing Stats

File Path                                PID    Runtime      # DAGs    # Errors  Last Runtime    Last Run
---------------------------------------  -----  ---------  --------  ----------  --------------  -------------------
/opt/airflow/dags/acidentes_2025_dag.py                           1           0  2.19s           2025-12-11T23:23:53
================================================================================
[2025-12-11T23:24:40.294+0000] {manager.py:878} INFO - 
================================================================================
DAG File Processing Stats

File Path                                PID    Runtime      # DAGs    # Errors  Last Runtime    Last Run
---------------------------------------  -----  ---------  --------  ----------  --------------  -------------------
/opt/airflow/dags/acidentes_2025_dag.py                           1           0  -148.10s        2025-12-11T23:24:35
================================================================================
[2025-12-11T23:25:10.599+0000] {manager.py:878} INFO - 
================================================================================
DAG File Processing Stats

File Path                                PID    Runtime      # DAGs    # Errors  Last Runtime    Last Run
---------------------------------------  -----  ---------  --------  ----------  --------------  -------------------
/opt/airflow/dags/acidentes_2025_dag.py                           1           0  -147.56s        2025-12-11T23:25:00
================================================================================
[2025-12-11T23:25:41.225+0000] {manager.py:878} INFO - 
================================================================================
DAG File Processing Stats

File Path                                PID    Runtime      # DAGs    # Errors  Last Runtime    Last Run
---------------------------------------  -----  ---------  --------  ----------  --------------  -------------------
/opt/airflow/dags/acidentes_2025_dag.py                           1           0  0.93s           2025-12-11T23:27:54
================================================================================
[2025-12-11T23:28:40.800+0000] {manager.py:878} INFO - 
================================================================================
DAG File Processing Stats

File Path                                PID    Runtime      # DAGs    # Errors  Last Runtime    Last Run
---------------------------------------  -----  ---------  --------  ----------  --------------  -------------------
/opt/airflow/dags/acidentes_2025_dag.py                           1           0  1.03s           2025-12-11T23:28:39
================================================================================
[2025-12-11T23:26:42.136+0000] {manager.py:878} INFO - 
================================================================================
DAG File Processing Stats

File Path                                PID    Runtime      # DAGs    # Errors  Last Runtime    Last Run
---------------------------------------  -----  ---------  --------  ----------  --------------  -------------------
/opt/airflow/dags/acidentes_2025_dag.py                           1           0  1.03s           2025-12-11T23:28:39
================================================================================
[2025-12-11T23:29:41.390+0000] {manager.py:878} INFO - 
================================================================================
DAG File Processing Stats

File Path                                PID    Runtime      # DAGs    # Errors  Last Runtime    Last Run
---------------------------------------  -----  ---------  --------  ----------  --------------  -------------------
/opt/airflow/dags/acidentes_2025_dag.py                           1           0  1.46s           2025-12-11T23:29:35
================================================================================
[2025-12-11T23:27:42.719+0000] {manager.py:878} INFO - 
================================================================================
DAG File Processing Stats

File Path                                PID    Runtime      # DAGs    # Errors  Last Runtime    Last Run
---------------------------------------  -----  ---------  --------  ----------  --------------  -------------------
/opt/airflow/dags/acidentes_2025_dag.py                           1           0  1.46s           2025-12-11T23:29:35
================================================================================
[2025-12-11T23:28:13.045+0000] {manager.py:878} INFO - 
================================================================================
DAG File Processing Stats

File Path                                PID    Runtime      # DAGs    # Errors  Last Runtime    Last Run
---------------------------------------  -----  ---------  --------  ----------  --------------  -------------------
/opt/airflow/dags/acidentes_2025_dag.py                           1           0  -148.28s        2025-12-11T23:28:05
================================================================================
[2025-12-11T23:30:48.713+0000] {manager.py:737} INFO - Searching for files in /opt/airflow/dags
[2025-12-11T23:30:48.832+0000] {manager.py:740} INFO - There are 1 files in /opt/airflow/dags
[2025-12-11T23:28:43.069+0000] {manager.py:878} INFO - 
================================================================================
DAG File Processing Stats

File Path                                PID    Runtime      # DAGs    # Errors  Last Runtime    Last Run
---------------------------------------  -----  ---------  --------  ----------  --------------  -------------------
/opt/airflow/dags/acidentes_2025_dag.py                           1           0  1.08s           2025-12-11T23:28:37
================================================================================
[2025-12-11T23:29:13.431+0000] {manager.py:878} INFO - 
================================================================================
DAG File Processing Stats

File Path                                PID    Runtime      # DAGs    # Errors  Last Runtime    Last Run
---------------------------------------  -----  ---------  --------  ----------  --------------  -------------------
/opt/airflow/dags/acidentes_2025_dag.py                           1           0  1.27s           2025-12-11T23:29:08
================================================================================
[2025-12-11T23:29:43.766+0000] {manager.py:878} INFO - 
================================================================================
DAG File Processing Stats

File Path                                PID    Runtime      # DAGs    # Errors  Last Runtime    Last Run
---------------------------------------  -----  ---------  --------  ----------  --------------  -------------------
/opt/airflow/dags/acidentes_2025_dag.py                           1           0  2.17s           2025-12-11T23:29:40
================================================================================
[2025-12-11T23:30:03.999+0000] {manager.py:452} INFO - Exiting gracefully upon receiving signal 15
[2025-12-11T23:32:24.278+0000] {manager.py:470} INFO - Processing files using up to 2 processes at a time 
[2025-12-11T23:32:24.282+0000] {manager.py:471} INFO - Process each file at most once every 30 seconds
[2025-12-11T23:32:24.285+0000] {manager.py:472} INFO - Checking for new files in /opt/airflow/dags every 300 seconds
[2025-12-11T23:32:24.288+0000] {manager.py:737} INFO - Searching for files in /opt/airflow/dags
[2025-12-11T23:32:24.502+0000] {manager.py:740} INFO - There are 1 files in /opt/airflow/dags
[2025-12-11T23:32:24.769+0000] {manager.py:878} INFO - 
================================================================================
DAG File Processing Stats

File Path                                  PID  Runtime      # DAGs    # Errors  Last Runtime    Last Run
---------------------------------------  -----  ---------  --------  ----------  --------------  ----------
/opt/airflow/dags/acidentes_2025_dag.py    164  0.12s             0           0
================================================================================
[2025-12-11T23:32:55.072+0000] {manager.py:878} INFO - 
================================================================================
DAG File Processing Stats

File Path                                  PID  Runtime      # DAGs    # Errors  Last Runtime    Last Run
---------------------------------------  -----  ---------  --------  ----------  --------------  -------------------
/opt/airflow/dags/acidentes_2025_dag.py    169  0.02s             0           1  0.29s           2025-12-11T23:32:24
================================================================================
[2025-12-11T23:35:54.335+0000] {manager.py:878} INFO - 
================================================================================
DAG File Processing Stats

File Path                                PID    Runtime      # DAGs    # Errors  Last Runtime    Last Run
---------------------------------------  -----  ---------  --------  ----------  --------------  -------------------
/opt/airflow/dags/acidentes_2025_dag.py                           0           1  149.30s         2025-12-11T23:35:24
================================================================================
[2025-12-11T23:36:24.881+0000] {manager.py:878} INFO - 
================================================================================
DAG File Processing Stats

File Path                                  PID  Runtime      # DAGs    # Errors  Last Runtime    Last Run
---------------------------------------  -----  ---------  --------  ----------  --------------  -------------------
/opt/airflow/dags/acidentes_2025_dag.py    179  0.01s             0           1  0.08s           2025-12-11T23:35:54
================================================================================
[2025-12-11T23:34:26.186+0000] {manager.py:878} INFO - 
================================================================================
DAG File Processing Stats

File Path                                PID    Runtime      # DAGs    # Errors  Last Runtime    Last Run
---------------------------------------  -----  ---------  --------  ----------  --------------  -------------------
/opt/airflow/dags/acidentes_2025_dag.py                           0           1  0.11s           2025-12-11T23:36:24
================================================================================
[2025-12-11T23:34:56.506+0000] {manager.py:878} INFO - 
================================================================================
DAG File Processing Stats

File Path                                PID    Runtime      # DAGs    # Errors  Last Runtime    Last Run
---------------------------------------  -----  ---------  --------  ----------  --------------  -------------------
/opt/airflow/dags/acidentes_2025_dag.py                           0           1  0.11s           2025-12-11T23:36:24
================================================================================
[2025-12-11T23:37:34.562+0000] {manager.py:737} INFO - Searching for files in /opt/airflow/dags
[2025-12-11T23:35:05.790+0000] {manager.py:740} INFO - There are 1 files in /opt/airflow/dags
[2025-12-11T23:35:26.999+0000] {manager.py:878} INFO - 
================================================================================
DAG File Processing Stats

File Path                                PID    Runtime      # DAGs    # Errors  Last Runtime    Last Run
---------------------------------------  -----  ---------  --------  ----------  --------------  -------------------
/opt/airflow/dags/acidentes_2025_dag.py                           1           0  3.93s           2025-12-11T23:35:16
================================================================================
[2025-12-11T23:35:57.113+0000] {manager.py:878} INFO - 
================================================================================
DAG File Processing Stats

File Path                                PID    Runtime      # DAGs    # Errors  Last Runtime    Last Run
---------------------------------------  -----  ---------  --------  ----------  --------------  -------------------
/opt/airflow/dags/acidentes_2025_dag.py                           1           0  0.87s           2025-12-11T23:35:48
================================================================================
[2025-12-11T23:36:27.225+0000] {manager.py:878} INFO - 
================================================================================
DAG File Processing Stats

File Path                                PID    Runtime      # DAGs    # Errors  Last Runtime    Last Run
---------------------------------------  -----  ---------  --------  ----------  --------------  -------------------
/opt/airflow/dags/acidentes_2025_dag.py                           1           0  0.78s           2025-12-11T23:38:30
================================================================================
[2025-12-11T23:36:57.448+0000] {manager.py:878} INFO - 
================================================================================
DAG File Processing Stats

File Path                                PID    Runtime      # DAGs    # Errors  Last Runtime    Last Run
---------------------------------------  -----  ---------  --------  ----------  --------------  -------------------
/opt/airflow/dags/acidentes_2025_dag.py                           1           0  -147.95s        2025-12-11T23:36:56
================================================================================
[2025-12-11T23:37:27.899+0000] {manager.py:878} INFO - 
================================================================================
DAG File Processing Stats

File Path                                PID    Runtime      # DAGs    # Errors  Last Runtime    Last Run
---------------------------------------  -----  ---------  --------  ----------  --------------  -------------------
/opt/airflow/dags/acidentes_2025_dag.py                           1           0  -147.93s        2025-12-11T23:37:26
================================================================================
[2025-12-11T23:40:26.987+0000] {manager.py:878} INFO - 
================================================================================
DAG File Processing Stats

File Path                                PID    Runtime      # DAGs    # Errors  Last Runtime    Last Run
---------------------------------------  -----  ---------  --------  ----------  --------------  -------------------
/opt/airflow/dags/acidentes_2025_dag.py                           1           0  0.89s           2025-12-11T23:40:25
================================================================================
[2025-12-11T23:38:28.161+0000] {manager.py:878} INFO - 
================================================================================
DAG File Processing Stats

File Path                                PID    Runtime      # DAGs    # Errors  Last Runtime    Last Run
---------------------------------------  -----  ---------  --------  ----------  --------------  -------------------
/opt/airflow/dags/acidentes_2025_dag.py                           1           0  0.89s           2025-12-11T23:40:25
================================================================================
[2025-12-11T23:38:41.286+0000] {manager.py:452} INFO - Exiting gracefully upon receiving signal 15
[2025-12-11T23:38:41.289+0000] {manager.py:452} INFO - Exiting gracefully upon receiving signal 15
[2025-12-11T23:38:42.039+0000] {manager.py:452} INFO - Exiting gracefully upon receiving signal 15
[2025-12-11T23:41:15.905+0000] {manager.py:470} INFO - Processing files using up to 2 processes at a time 
[2025-12-11T23:41:15.910+0000] {manager.py:471} INFO - Process each file at most once every 30 seconds
[2025-12-11T23:41:15.917+0000] {manager.py:472} INFO - Checking for new files in /opt/airflow/dags every 300 seconds
[2025-12-11T23:41:15.921+0000] {manager.py:737} INFO - Searching for files in /opt/airflow/dags
[2025-12-11T23:41:16.157+0000] {manager.py:740} INFO - There are 1 files in /opt/airflow/dags
[2025-12-11T23:41:16.622+0000] {manager.py:878} INFO - 
================================================================================
DAG File Processing Stats

File Path                                  PID  Runtime      # DAGs    # Errors  Last Runtime    Last Run
---------------------------------------  -----  ---------  --------  ----------  --------------  ----------
/opt/airflow/dags/acidentes_2025_dag.py    163  -148.66s          0           0
================================================================================
[2025-12-11T23:41:46.702+0000] {manager.py:878} INFO - 
================================================================================
DAG File Processing Stats

File Path                                PID    Runtime      # DAGs    # Errors  Last Runtime    Last Run
---------------------------------------  -----  ---------  --------  ----------  --------------  -------------------
/opt/airflow/dags/acidentes_2025_dag.py                           0           1  -148.32s        2025-12-11T23:41:43
================================================================================
[2025-12-11T23:42:17.611+0000] {manager.py:878} INFO - 
================================================================================
DAG File Processing Stats

File Path                                PID    Runtime      # DAGs    # Errors  Last Runtime    Last Run
---------------------------------------  -----  ---------  --------  ----------  --------------  -------------------
/opt/airflow/dags/acidentes_2025_dag.py                           0           1  -148.84s        2025-12-11T23:42:12
================================================================================
[2025-12-11T23:42:48.017+0000] {manager.py:878} INFO - 
================================================================================
DAG File Processing Stats

File Path                                PID    Runtime      # DAGs    # Errors  Last Runtime    Last Run
---------------------------------------  -----  ---------  --------  ----------  --------------  -------------------
/opt/airflow/dags/acidentes_2025_dag.py                           0           1  0.28s           2025-12-11T23:44:55
================================================================================
[2025-12-11T23:43:18.271+0000] {manager.py:878} INFO - 
================================================================================
DAG File Processing Stats

File Path                                PID    Runtime      # DAGs    # Errors  Last Runtime    Last Run
---------------------------------------  -----  ---------  --------  ----------  --------------  -------------------
/opt/airflow/dags/acidentes_2025_dag.py                           0           1  0.28s           2025-12-11T23:44:55
================================================================================
[2025-12-11T23:43:48.353+0000] {manager.py:878} INFO - 
================================================================================
DAG File Processing Stats

File Path                                PID    Runtime      # DAGs    # Errors  Last Runtime    Last Run
---------------------------------------  -----  ---------  --------  ----------  --------------  -------------------
/opt/airflow/dags/acidentes_2025_dag.py                           1           0  0.70s           2025-12-11T23:43:47
================================================================================
[2025-12-11T23:46:25.551+0000] {manager.py:737} INFO - Searching for files in /opt/airflow/dags
[2025-12-11T23:43:56.892+0000] {manager.py:740} INFO - There are 1 files in /opt/airflow/dags
[2025-12-11T23:44:18.523+0000] {manager.py:878} INFO - 
================================================================================
DAG File Processing Stats

File Path                                PID    Runtime      # DAGs    # Errors  Last Runtime    Last Run
---------------------------------------  -----  ---------  --------  ----------  --------------  -------------------
/opt/airflow/dags/acidentes_2025_dag.py                           1           0  -148.20s        2025-12-11T23:44:17
================================================================================
[2025-12-11T23:44:49.038+0000] {manager.py:878} INFO - 
================================================================================
DAG File Processing Stats

File Path                                PID    Runtime      # DAGs    # Errors  Last Runtime    Last Run
---------------------------------------  -----  ---------  --------  ----------  --------------  -------------------
/opt/airflow/dags/acidentes_2025_dag.py                           1           0  -148.08s        2025-12-11T23:44:27
================================================================================
[2025-12-11T23:45:19.374+0000] {manager.py:878} INFO - 
================================================================================
DAG File Processing Stats

File Path                                PID    Runtime      # DAGs    # Errors  Last Runtime    Last Run
---------------------------------------  -----  ---------  --------  ----------  --------------  -------------------
/opt/airflow/dags/acidentes_2025_dag.py                           1           0  1.38s           2025-12-11T23:44:59
================================================================================
[2025-12-11T23:45:50.332+0000] {manager.py:878} INFO - 
================================================================================
DAG File Processing Stats

File Path                                PID    Runtime      # DAGs    # Errors  Last Runtime    Last Run
---------------------------------------  -----  ---------  --------  ----------  --------------  -------------------
/opt/airflow/dags/acidentes_2025_dag.py                           1           0  -147.63s        2025-12-11T23:45:38
================================================================================
[2025-12-11T23:46:20.761+0000] {manager.py:878} INFO - 
================================================================================
DAG File Processing Stats

File Path                                PID    Runtime      # DAGs    # Errors  Last Runtime    Last Run
---------------------------------------  -----  ---------  --------  ----------  --------------  -------------------
/opt/airflow/dags/acidentes_2025_dag.py                           1           0  -148.15s        2025-12-11T23:46:17
================================================================================
[2025-12-11T23:46:51.305+0000] {manager.py:878} INFO - 
================================================================================
DAG File Processing Stats

File Path                                PID    Runtime      # DAGs    # Errors  Last Runtime    Last Run
---------------------------------------  -----  ---------  --------  ----------  --------------  -------------------
/opt/airflow/dags/acidentes_2025_dag.py                           1           0  -147.95s        2025-12-11T23:46:27
================================================================================
[2025-12-11T23:49:50.293+0000] {manager.py:878} INFO - 
================================================================================
DAG File Processing Stats

File Path                                PID    Runtime      # DAGs    # Errors  Last Runtime    Last Run
---------------------------------------  -----  ---------  --------  ----------  --------------  -------------------
/opt/airflow/dags/acidentes_2025_dag.py                           1           0  0.98s           2025-12-11T23:49:47
================================================================================
[2025-12-11T23:47:51.581+0000] {manager.py:878} INFO - 
================================================================================
DAG File Processing Stats

File Path                                PID    Runtime      # DAGs    # Errors  Last Runtime    Last Run
---------------------------------------  -----  ---------  --------  ----------  --------------  -------------------
/opt/airflow/dags/acidentes_2025_dag.py                           1           0  0.98s           2025-12-11T23:49:47
================================================================================
[2025-12-11T23:48:21.889+0000] {manager.py:878} INFO - 
================================================================================
DAG File Processing Stats

File Path                                PID    Runtime      # DAGs    # Errors  Last Runtime    Last Run
---------------------------------------  -----  ---------  --------  ----------  --------------  -------------------
/opt/airflow/dags/acidentes_2025_dag.py                           1           0  1.42s           2025-12-11T23:47:58
================================================================================
[2025-12-11T23:48:36.502+0000] {manager.py:452} INFO - Exiting gracefully upon receiving signal 15
[2025-12-11T23:50:56.132+0000] {manager.py:470} INFO - Processing files using up to 2 processes at a time 
[2025-12-11T23:50:56.135+0000] {manager.py:471} INFO - Process each file at most once every 30 seconds
[2025-12-11T23:50:56.140+0000] {manager.py:472} INFO - Checking for new files in /opt/airflow/dags every 300 seconds
[2025-12-11T23:50:56.144+0000] {manager.py:737} INFO - Searching for files in /opt/airflow/dags
[2025-12-11T23:50:56.570+0000] {manager.py:740} INFO - There are 1 files in /opt/airflow/dags
[2025-12-11T23:50:56.968+0000] {manager.py:878} INFO - 
================================================================================
DAG File Processing Stats

File Path                                  PID  Runtime      # DAGs    # Errors  Last Runtime    Last Run
---------------------------------------  -----  ---------  --------  ----------  --------------  ----------
/opt/airflow/dags/acidentes_2025_dag.py    165  0.17s             0           0
================================================================================
[2025-12-11T23:51:27.325+0000] {manager.py:878} INFO - 
================================================================================
DAG File Processing Stats

File Path                                  PID  Runtime      # DAGs    # Errors  Last Runtime    Last Run
---------------------------------------  -----  ---------  --------  ----------  --------------  -------------------
/opt/airflow/dags/acidentes_2025_dag.py    170  0.01s             0           1  0.37s           2025-12-11T23:50:57
================================================================================
[2025-12-11T23:51:57.788+0000] {manager.py:878} INFO - 
================================================================================
DAG File Processing Stats

File Path                                PID    Runtime      # DAGs    # Errors  Last Runtime    Last Run
---------------------------------------  -----  ---------  --------  ----------  --------------  -------------------
/opt/airflow/dags/acidentes_2025_dag.py                           0           1  0.16s           2025-12-11T23:54:11
================================================================================
[2025-12-11T23:52:28.166+0000] {manager.py:878} INFO - 
================================================================================
DAG File Processing Stats

File Path                                PID    Runtime      # DAGs    # Errors  Last Runtime    Last Run
---------------------------------------  -----  ---------  --------  ----------  --------------  -------------------
/opt/airflow/dags/acidentes_2025_dag.py                           0           1  0.16s           2025-12-11T23:54:11
================================================================================
[2025-12-11T23:52:58.459+0000] {manager.py:878} INFO - 
================================================================================
DAG File Processing Stats

File Path                                PID    Runtime      # DAGs    # Errors  Last Runtime    Last Run
---------------------------------------  -----  ---------  --------  ----------  --------------  -------------------
/opt/airflow/dags/acidentes_2025_dag.py                           0           1  0.16s           2025-12-11T23:54:11
================================================================================
[2025-12-11T23:55:56.725+0000] {manager.py:737} INFO - Searching for files in /opt/airflow/dags
[2025-12-11T23:53:27.993+0000] {manager.py:740} INFO - There are 1 files in /opt/airflow/dags
[2025-12-11T23:53:29.056+0000] {manager.py:878} INFO - 
================================================================================
DAG File Processing Stats

File Path                                PID    Runtime      # DAGs    # Errors  Last Runtime    Last Run
---------------------------------------  -----  ---------  --------  ----------  --------------  -------------------
/opt/airflow/dags/acidentes_2025_dag.py                           0           1  -148.70s        2025-12-11T23:53:22
================================================================================
[2025-12-11T23:56:28.346+0000] {manager.py:878} INFO - 
================================================================================
DAG File Processing Stats

File Path                                PID    Runtime      # DAGs    # Errors  Last Runtime    Last Run
---------------------------------------  -----  ---------  --------  ----------  --------------  -------------------
/opt/airflow/dags/acidentes_2025_dag.py                           0           1  0.16s           2025-12-11T23:56:17
================================================================================
[2025-12-11T23:54:29.620+0000] {manager.py:878} INFO - 
================================================================================
DAG File Processing Stats

File Path                                PID    Runtime      # DAGs    # Errors  Last Runtime    Last Run
---------------------------------------  -----  ---------  --------  ----------  --------------  -------------------
/opt/airflow/dags/acidentes_2025_dag.py                           0           1  0.16s           2025-12-11T23:56:17
================================================================================
[2025-12-12T00:01:56.211+0000] {manager.py:737} INFO - Searching for files in /opt/airflow/dags
[2025-12-11T23:59:28.400+0000] {manager.py:740} INFO - There are 1 files in /opt/airflow/dags
[2025-12-11T23:59:35.529+0000] {manager.py:878} INFO - 
================================================================================
DAG File Processing Stats

File Path                                PID    Runtime      # DAGs    # Errors  Last Runtime    Last Run
---------------------------------------  -----  ---------  --------  ----------  --------------  -------------------
/opt/airflow/dags/acidentes_2025_dag.py                           0           1  2.82s           2025-12-11T23:59:26
================================================================================
[2025-12-12T00:00:05.794+0000] {manager.py:878} INFO - 
================================================================================
DAG File Processing Stats

File Path                                PID    Runtime      # DAGs    # Errors  Last Runtime    Last Run
---------------------------------------  -----  ---------  --------  ----------  --------------  -------------------
/opt/airflow/dags/acidentes_2025_dag.py                           0           1  -148.47s        2025-12-11T23:59:57
================================================================================
[2025-12-12T00:00:35.971+0000] {manager.py:878} INFO - 
================================================================================
DAG File Processing Stats

File Path                                PID    Runtime      # DAGs    # Errors  Last Runtime    Last Run
---------------------------------------  -----  ---------  --------  ----------  --------------  -------------------
/opt/airflow/dags/acidentes_2025_dag.py                           1           0  -147.38s        2025-12-12T00:00:33
================================================================================
[2025-12-12T00:01:06.043+0000] {manager.py:878} INFO - 
================================================================================
DAG File Processing Stats

File Path                                PID    Runtime      # DAGs    # Errors  Last Runtime    Last Run
---------------------------------------  -----  ---------  --------  ----------  --------------  -------------------
/opt/airflow/dags/acidentes_2025_dag.py                           1           0  -143.56s        2025-12-12T00:00:42
================================================================================
[2025-12-12T00:01:36.948+0000] {manager.py:878} INFO - 
================================================================================
DAG File Processing Stats

File Path                                PID    Runtime      # DAGs    # Errors  Last Runtime    Last Run
---------------------------------------  -----  ---------  --------  ----------  --------------  -------------------
/opt/airflow/dags/acidentes_2025_dag.py                           1           0  1.04s           2025-12-12T00:03:37
================================================================================
[2025-12-12T00:02:07.136+0000] {manager.py:878} INFO - 
================================================================================
DAG File Processing Stats

File Path                                PID    Runtime      # DAGs    # Errors  Last Runtime    Last Run
---------------------------------------  -----  ---------  --------  ----------  --------------  -------------------
/opt/airflow/dags/acidentes_2025_dag.py                           1           0  1.04s           2025-12-12T00:03:37
================================================================================
[2025-12-12T00:02:37.458+0000] {manager.py:878} INFO - 
================================================================================
DAG File Processing Stats

File Path                                PID    Runtime      # DAGs    # Errors  Last Runtime    Last Run
---------------------------------------  -----  ---------  --------  ----------  --------------  -------------------
/opt/airflow/dags/acidentes_2025_dag.py                           1           0  1.04s           2025-12-12T00:03:37
================================================================================
[2025-12-12T00:03:07.591+0000] {manager.py:878} INFO - 
================================================================================
DAG File Processing Stats

File Path                                PID    Runtime      # DAGs    # Errors  Last Runtime    Last Run
---------------------------------------  -----  ---------  --------  ----------  --------------  -------------------
/opt/airflow/dags/acidentes_2025_dag.py                           1           0  -148.15s        2025-12-12T00:02:58
================================================================================
[2025-12-12T00:03:37.963+0000] {manager.py:878} INFO - 
================================================================================
DAG File Processing Stats

File Path                                PID    Runtime      # DAGs    # Errors  Last Runtime    Last Run
---------------------------------------  -----  ---------  --------  ----------  --------------  -------------------
/opt/airflow/dags/acidentes_2025_dag.py                           1           0  -147.74s        2025-12-12T00:03:33
================================================================================
[2025-12-12T00:04:08.399+0000] {manager.py:878} INFO - 
================================================================================
DAG File Processing Stats

File Path                                PID    Runtime      # DAGs    # Errors  Last Runtime    Last Run
---------------------------------------  -----  ---------  --------  ----------  --------------  -------------------
/opt/airflow/dags/acidentes_2025_dag.py                           1           0  2.02s           2025-12-12T00:04:06
================================================================================
[2025-12-12T00:04:38.736+0000] {manager.py:878} INFO - 
================================================================================
DAG File Processing Stats

File Path                                PID    Runtime      # DAGs    # Errors  Last Runtime    Last Run
---------------------------------------  -----  ---------  --------  ----------  --------------  -------------------
/opt/airflow/dags/acidentes_2025_dag.py                           1           0  1.10s           2025-12-12T00:04:37
================================================================================
[2025-12-12T00:07:16.823+0000] {manager.py:737} INFO - Searching for files in /opt/airflow/dags
[2025-12-12T00:04:48.050+0000] {manager.py:740} INFO - There are 1 files in /opt/airflow/dags
[2025-12-12T00:05:08.845+0000] {manager.py:878} INFO - 
================================================================================
DAG File Processing Stats

File Path                                PID    Runtime      # DAGs    # Errors  Last Runtime    Last Run
---------------------------------------  -----  ---------  --------  ----------  --------------  -------------------
/opt/airflow/dags/acidentes_2025_dag.py                           1           0  -147.15s        2025-12-12T00:05:04
================================================================================
[2025-12-12T00:05:39.251+0000] {manager.py:878} INFO - 
================================================================================
DAG File Processing Stats

File Path                                PID    Runtime      # DAGs    # Errors  Last Runtime    Last Run
---------------------------------------  -----  ---------  --------  ----------  --------------  -------------------
/opt/airflow/dags/acidentes_2025_dag.py                           1           0  -147.81s        2025-12-12T00:05:29
================================================================================
